INFO: [vitis-run 60-1548] Creating build summary session with primary output /scratch/kmartine/hls_lex6-ex01/hls_lex6-ex01/hls_lex6-ex01.hlsrun_csim_summary, at Tue Mar 17 14:19:48 2026
INFO: [vitis-run 82-31] Launching vitis_hls: vitis_hls -nolog -run csim -work_dir /scratch/kmartine/hls_lex6-ex01/hls_lex6-ex01 -config /scratch/kmartine/hls_lex6-ex01/hls_config.cfg -cmdlineconfig /scratch/kmartine/hls_lex6-ex01/hls_lex6-ex01/hls/config.cmdline
INFO: [HLS 200-10] For user 'kmartine' on host 'cmstrigger02.hep.wisc.edu' (Linux_x86_64 version 6.1.166-1.el9.elrepo.x86_64) on Tue Mar 17 14:19:54 CDT 2026
INFO: [HLS 200-10] In directory '/scratch/kmartine/hls_lex6-ex01'
INFO: [HLS 200-2005] Using work_dir /scratch/kmartine/hls_lex6-ex01/hls_lex6-ex01 
INFO: [HLS 200-1505] Using default flow_target 'vivado'
Resolution: For help on HLS 200-1505 see docs.xilinx.com/access/sources/dita/topic?Doc_Version=2024.1%20English&url=ug1448-hls-guidance&resourceid=200-1505.html
INFO: [HLS 200-1465] Applying ini 'syn.file=/scratch/kmartine/lex6-ex01.cpp' from /scratch/kmartine/hls_lex6-ex01/hls_config.cfg(7)
INFO: [HLS 200-10] Adding design file '/scratch/kmartine/lex6-ex01.cpp' to the project
INFO: [HLS 200-1465] Applying ini 'tb.file=/scratch/kmartine/lex6-ex01.cpp' from /scratch/kmartine/hls_lex6-ex01/hls_config.cfg(8)
INFO: [HLS 200-10] Adding test bench file '/scratch/kmartine/lex6-ex01.cpp' to the project
INFO: [HLS 200-1465] Applying ini 'flow_target=vivado' from /scratch/kmartine/hls_lex6-ex01/hls_config.cfg(4)
INFO: [HLS 200-1505] Using flow_target 'vivado'
Resolution: For help on HLS 200-1505 see docs.xilinx.com/access/sources/dita/topic?Doc_Version=2024.1%20English&url=ug1448-hls-guidance&resourceid=200-1505.html
INFO: [HLS 200-1465] Applying ini 'part=xcvu9p-flga2104-1-i' from /scratch/kmartine/hls_lex6-ex01/hls_config.cfg(1)
INFO: [HLS 200-1611] Setting target device to 'xcvu9p-flga2104-1-i'
INFO: [HLS 200-1465] Applying ini 'clock=25ns' from /scratch/kmartine/hls_lex6-ex01/hls_config.cfg(9)
INFO: [SYN 201-201] Setting up clock 'default' with a period of 25ns.
INFO: [HLS 200-1465] Applying ini 'csim.code_analyzer=1' from /scratch/kmartine/hls_lex6-ex01/hls_config.cfg(10)
INFO: [HLS 200-1465] Applying ini 'package.output.format=ip_catalog' from /scratch/kmartine/hls_lex6-ex01/hls_config.cfg(5)
INFO: [SIM 211-200] Executing Code Analyzer instead of classic HLS C simulation
slxcmd:0:0: error: No top-level hardware function has been defined
ERROR: [SIM 211-200] Code Analyzer execution failed. Consider running the classic C simulation instead by disabling the hls.csim.code_analyzer option in the config file.
ERROR: Problem running csim: child process exited abnormally
INFO: [HLS 200-112] Total CPU user time: 11.54 seconds. Total CPU system time: 0.83 seconds. Total elapsed time: 12.72 seconds; peak allocated memory: 342.590 MB.
