Tue Mar 17 14:19:47 2026: Running xcd server. This server was built by gradle.
Tue Mar 17 14:19:47 2026: Server was asked to start on port: '45185'
Tue Mar 17 14:19:47 2026: Server is using token UUID: 'a7888b6d-c774-4e59-b42a-5d95a9996af3'
Tue Mar 17 14:19:47 2026: SESSION_MGR: creating session with session uuid: '6d04a3e9-ade5-4ab9-8d63-1f78fcd2ec76' and name 'default'
Tue Mar 17 14:19:47 2026: Attempting to start server on port '45185'
Tue Mar 17 14:19:47 2026: XCD main fifo: created main fifo '/tmp/xcdmaina7888b6d-c774-4e59-b42a-5d95a9996af3', fd read = 13
Tue Mar 17 14:19:47 2026: Running Dispatch Server
Tue Mar 17 14:19:47 2026: Version 2.2.0
Tue Mar 17 14:19:47 2026: Dispatch Server: Accepted socket connection from client
Tue Mar 17 14:19:47 2026: Starting Socket connection
Tue Mar 17 14:19:47 2026: EXCHANGE_TOKEN received, server token: a7888b6d-c774-4e59-b42a-5d95a9996af3, passed token: a7888b6d-c774-4e59-b42a-5d95a9996af3
Tue Mar 17 14:19:47 2026: DISPATCH_HANDLER: Adding handler from function makeHandler in library libxv_system_diagram
Tue Mar 17 14:19:47 2026: SESSION_MGR: creating session with session uuid: '0acbaf8d-7029-42f5-9412-e2327987d4d3' and name 'vitis-run_compile_hls_lex6-ex01'
Tue Mar 17 14:19:48 2026: KERNEL_SVC: creating session with uuid: '0acbaf8d-7029-42f5-9412-e2327987d4d3' and name 'vitis-run_compile_hls_lex6-ex01'
Tue Mar 17 14:19:48 2026: GUIDANCE_SMGR: creating guidance session with uuid: '0acbaf8d-7029-42f5-9412-e2327987d4d3' and name 'vitis-run_compile_hls_lex6-ex01'
Tue Mar 17 14:19:48 2026: SYSTEM_DIAGRAM: creating session with uuid: '0acbaf8d-7029-42f5-9412-e2327987d4d3' and name 'vitis-run_compile_hls_lex6-ex01'
Tue Mar 17 14:19:58 2026: Dispatch Server: Accepted socket connection from client
Tue Mar 17 14:19:58 2026: Starting Socket connection
Tue Mar 17 14:20:03 2026: SESSION_MGR: closing session for UUID '0acbaf8d-7029-42f5-9412-e2327987d4d3' with name 'vitis-run_compile_hls_lex6-ex01'
Tue Mar 17 14:20:03 2026: KERNEL_SVC: closing session for UUID '0acbaf8d-7029-42f5-9412-e2327987d4d3' with name 'vitis-run_compile_hls_lex6-ex01'
Tue Mar 17 14:20:03 2026: GUIDANCE_SMGR: closing session for UUID '0acbaf8d-7029-42f5-9412-e2327987d4d3' with name 'vitis-run_compile_hls_lex6-ex01'
Tue Mar 17 14:20:03 2026: SYSTEM_DIAGRAM: closing session for UUID '0acbaf8d-7029-42f5-9412-e2327987d4d3' with name 'vitis-run_compile_hls_lex6-ex01'
Tue Mar 17 14:20:03 2026: STOP_SERVER received, server token: a7888b6d-c774-4e59-b42a-5d95a9996af3, passed token: a7888b6d-c774-4e59-b42a-5d95a9996af3
Tue Mar 17 14:20:03 2026: Socket received request to stop server.
Tue Mar 17 14:20:03 2026: Dispatch Server: do_await_stop
Tue Mar 17 14:20:03 2026: Dispatch Server: stopping mainFifo_
Tue Mar 17 14:20:03 2026: XCD main fifo: Stopping
Tue Mar 17 14:20:03 2026: XCD main fifo: do_read error code: Operation canceled
Tue Mar 17 14:20:03 2026: XCD main fifo: bytes_transferred: 0
Tue Mar 17 14:20:03 2026: SERVER: destructor for server bound to port 45185
Tue Mar 17 14:20:03 2026: XCD main fifo: Good unlink of /tmp/xcdmaina7888b6d-c774-4e59-b42a-5d95a9996af3
Tue Mar 17 14:20:03 2026: Server exiting with status 0.
Tue Mar 17 14:20:03 2026: Closing log file.
