INFO: [HLS 200-10] Running '/opt/Xilinx/Vivado/2020.1/bin/unwrapped/lnx64.o/vivado_hls'
INFO: [HLS 200-10] For user 'kmartine' on host 'cmstrigger02.hep.wisc.edu' (Linux_x86_64 version 6.1.166-1.el9.elrepo.x86_64) on Tue Mar 17 12:28:50 CDT 2026
INFO: [HLS 200-10] In directory '/scratch/kmartine'
Sourcing Tcl script '/scratch/kmartine/proj_matrix_mult/solution1/csynth.tcl'
INFO: [HLS 200-10] Opening project '/scratch/kmartine/proj_matrix_mult'.
INFO: [HLS 200-10] Adding design file 'matrix_mult.cpp' to the project
INFO: [HLS 200-10] Adding test bench file 'matrix_mult_tb.cpp' to the project
INFO: [HLS 200-10] Opening solution '/scratch/kmartine/proj_matrix_mult/solution1'.
INFO: [SYN 201-201] Setting up clock 'default' with a period of 25ns.
INFO: [HLS 200-10] Setting target device to 'xcvu9p-flga2104-1-i'
INFO: [SYN 201-201] Setting up clock 'default' with a period of 25ns.
INFO: [SCHED 204-61] Option 'relax_ii_for_timing' is enabled, will increase II to preserve clock frequency constraints.
INFO: [HLS 200-10] Analyzing design file 'matrix_mult.cpp' ... 
INFO: [HLS 200-111] Finished Linking Time (s): cpu = 00:00:18 ; elapsed = 00:00:17 . Memory (MB): peak = 1629.855 ; gain = 1228.707 ; free physical = 219614 ; free virtual = 234826
INFO: [HLS 200-111] Finished Checking Pragmas Time (s): cpu = 00:00:18 ; elapsed = 00:00:17 . Memory (MB): peak = 1629.855 ; gain = 1228.707 ; free physical = 219614 ; free virtual = 234826
INFO: [HLS 200-10] Starting code transformations ...
INFO: [HLS 200-111] Finished Standard Transforms Time (s): cpu = 00:00:19 ; elapsed = 00:00:19 . Memory (MB): peak = 1629.855 ; gain = 1228.707 ; free physical = 219612 ; free virtual = 234825
INFO: [HLS 200-10] Checking synthesizability ...
INFO: [HLS 200-111] Finished Checking Synthesizability Time (s): cpu = 00:00:19 ; elapsed = 00:00:19 . Memory (MB): peak = 1629.855 ; gain = 1228.707 ; free physical = 219611 ; free virtual = 234823
INFO: [HLS 200-111] Finished Pre-synthesis Time (s): cpu = 00:00:19 ; elapsed = 00:00:19 . Memory (MB): peak = 1629.855 ; gain = 1228.707 ; free physical = 219605 ; free virtual = 234819
INFO: [HLS 200-111] Finished Architecture Synthesis Time (s): cpu = 00:00:19 ; elapsed = 00:00:19 . Memory (MB): peak = 1629.855 ; gain = 1228.707 ; free physical = 219604 ; free virtual = 234818
INFO: [HLS 200-10] Starting hardware synthesis ...
INFO: [HLS 200-10] Synthesizing 'matrix_mult' ...
INFO: [HLS 200-10] ----------------------------------------------------------------
INFO: [HLS 200-42] -- Implementing module 'matrix_mult' 
INFO: [HLS 200-10] ----------------------------------------------------------------
INFO: [SCHED 204-11] Starting scheduling ...
INFO: [SCHED 204-11] Finished scheduling.
INFO: [HLS 200-111]  Elapsed time: 19.3 seconds; current allocated memory: 146.939 MB.
INFO: [BIND 205-100] Starting micro-architecture generation ...
INFO: [BIND 205-101] Performing variable lifetime analysis.
INFO: [BIND 205-101] Exploring resource sharing.
INFO: [BIND 205-101] Binding ...
INFO: [BIND 205-100] Finished micro-architecture generation.
INFO: [HLS 200-111]  Elapsed time: 0.04 seconds; current allocated memory: 147.140 MB.
INFO: [HLS 200-10] ----------------------------------------------------------------
INFO: [HLS 200-10] -- Generating RTL for module 'matrix_mult' 
INFO: [HLS 200-10] ----------------------------------------------------------------
INFO: [RTGEN 206-500] Setting interface mode on port 'matrix_mult/A' to 'ap_memory'.
INFO: [RTGEN 206-500] Setting interface mode on port 'matrix_mult/B' to 'ap_memory'.
INFO: [RTGEN 206-500] Setting interface mode on port 'matrix_mult/C' to 'ap_memory'.
INFO: [RTGEN 206-500] Setting interface mode on function 'matrix_mult' to 'ap_ctrl_hs'.
INFO: [RTGEN 206-100] Finished creating RTL model for 'matrix_mult'.
INFO: [HLS 200-111]  Elapsed time: 0.08 seconds; current allocated memory: 147.563 MB.
INFO: [HLS 200-790] **** Loop Constraint Status: All loop constraints were satisfied.
INFO: [HLS 200-789] **** Estimated Fmax: 157.75 MHz
INFO: [HLS 200-111] Finished generating all RTL models Time (s): cpu = 00:00:20 ; elapsed = 00:00:20 . Memory (MB): peak = 1629.855 ; gain = 1228.707 ; free physical = 219599 ; free virtual = 234814
INFO: [VHDL 208-304] Generating VHDL RTL for matrix_mult.
INFO: [VLOG 209-307] Generating Verilog RTL for matrix_mult.
INFO: [HLS 200-112] Total elapsed time: 20.48 seconds; peak allocated memory: 147.563 MB.
