2026-03-17 14:00:24 [debug] : Notification event posted from server - ON_DID_UPDATE_WORKSPACE. 
2026-03-17 14:00:24 [debug] : --------------------------------------------------------------------------------- 
2026-03-17 14:00:24 [debug] : /scratch/kmartine 
2026-03-17 14:00:24 [debug] : --------------------------------------------------------------------------------- 
2026-03-17 14:00:24 [debug] : [Logger] Previous user logs are stored in the file - /afs/hep.wisc.edu/home/kmartine/.Xilinx/Vitis/2024.1/logs/ide.log 
2026-03-17 14:00:24 [debug] : [Logger] Previous debug logs are stored in the file - /afs/hep.wisc.edu/home/kmartine/.Xilinx/Vitis/2024.1/logs/ide_verbose.log 
2026-03-17 14:00:24 [debug] : [Logger] All the internal problems will be logged at debug level. 
2026-03-17 14:00:24 [debug] : RIGEL SERVER 14:00:24 INFO  : updated workspace path: /scratch/kmartine
14:00:24 INFO  : created .gitignore file for the project /scratch/kmartine 
2026-03-17 14:00:24 [debug] : MonacoEditorModel.fireDidChangeContent - enter - {
  "changes": [
    {
      "range": {
        "startLineNumber": 2,
        "startColumn": 47,
        "endLineNumber": 2,
        "endColumn": 52
      },
      "rangeLength": 5,
      "text": "false",
      "rangeOffset": 48,
      "forceMoveMarkers": false
    }
  ],
  "eol": "\n",
  "versionId": 2,
  "isUndoing": false,
  "isRedoing": false,
  "isFlush": false
} {"0":"user-storage:/user/settings.json"}
2026-03-17 14:00:24 [debug] : MonacoEditorModel.markAsDirty - enter {"0":"user-storage:/user/settings.json"}
2026-03-17 14:00:24 [debug] : MonacoEditorModel.cancelSync {"0":"user-storage:/user/settings.json"}
2026-03-17 14:00:24 [debug] : MonacoEditorModel.cancelSave {"0":"user-storage:/user/settings.json"}
2026-03-17 14:00:24 [debug] : MonacoEditorModel.markAsDirty - exit {"0":"user-storage:/user/settings.json"}
2026-03-17 14:00:24 [debug] : MonacoEditorModel.fireDidChangeContent - exit {"0":"user-storage:/user/settings.json"}
2026-03-17 14:00:24 [debug] : MonacoEditorModel.cancelSave {"0":"user-storage:/user/settings.json"}
2026-03-17 14:00:24 [debug] : MonacoEditorModel.cancelSave {"0":"user-storage:/user/settings.json"}
2026-03-17 14:00:24 [debug] : MonacoEditorModel.doSync - exit - resource not found {"0":"file:///scratch/kmartine/logs/vitis.log"}
2026-03-17 14:00:24 [debug] : MonacoEditorModel.cancelSync {"0":"file:///scratch/kmartine/logs/vitis.log"}
2026-03-17 14:00:24 [debug] : MonacoEditorModel.cancelSave {"0":"file:///scratch/kmartine/logs/vitis.log"}
2026-03-17 14:00:24 [debug] : Notification event posted from server - ON_DID_REFRESH_WORKSPACE_SUMMARIES. 
2026-03-17 14:00:24 [debug] : Opening channel for service path '/services/project-utils'. 
2026-03-17 14:00:24 [debug] : Opening channel for service path '/services/bootgen'. 
2026-03-17 14:00:24 [debug] : Opening channel for service path '/services/hls/report'. 
2026-03-17 14:00:24 [debug] : Opening channel for service path '/services/hls/wave/open'. 
2026-03-17 14:00:24 [debug] : Could not configure contribution {"0":"Error: 'file:///scratch/kmartine/logs/vitis.log' is invalid\n    at n.getModel (file:///opt/Xilinx/Vitis/2024.1/ide/electron-app/lnx64/resources/app/lib/bundle.js:2:6981257)\n    at async n.createMonacoEditor (file:///opt/Xilinx/Vitis/2024.1/ide/electron-app/lnx64/resources/app/lib/bundle.js:2:6983356)\n    at async n.doCreateEditor (file:///opt/Xilinx/Vitis/2024.1/ide/electron-app/lnx64/resources/app/lib/bundle.js:2:6982029)\n    at async m.updateVitisServerChannel (file:///opt/Xilinx/Vitis/2024.1/ide/electron-app/lnx64/resources/app/lib/bundle.js:2:19566180)\n    at async m.createVitisServerChannel (file:///opt/Xilinx/Vitis/2024.1/ide/electron-app/lnx64/resources/app/lib/bundle.js:2:19565290)\n    at async m.configure (file:///opt/Xilinx/Vitis/2024.1/ide/electron-app/lnx64/resources/app/lib/bundle.js:2:19565213)\n    at async a.startAsync (file:///opt/Xilinx/Vitis/2024.1/ide/electron-app/lnx64/resources/app/lib/bundle.js:2:2622580)\n    at async v.startContributions (file:///opt/Xilinx/Vitis/2024.1/ide/electron-app/lnx64/resources/app/lib/bundle.js:2:2111024)\n    at async a.startAsync (file:///opt/Xilinx/Vitis/2024.1/ide/electron-app/lnx64/resources/app/lib/bundle.js:2:2622580)\n    at async v.start (file:///opt/Xilinx/Vitis/2024.1/ide/electron-app/lnx64/resources/app/lib/bundle.js:2:2107618)"}
2026-03-17 14:00:24 [debug] : Application UI init preferences 
2026-03-17 14:00:24 [debug] : [Bootgen Output] Adding listeners to bootgen service. 
2026-03-17 14:00:24 [debug] : Linked preference "workbench.colorCustomizations" not found. Source: "editor.bracketPairColorization.enabled" 
2026-03-17 14:00:24 [debug] : A command file.openWith.config-editor-widget is already registered. 
2026-03-17 14:00:24 [debug] : Frontend commands.onStart took longer than the expected maximum 100 milliseconds: 607.8 ms [Finished 8.073 s after frontend start] 
2026-03-17 14:00:24 [debug] : [Application Examples Provider]  updating the embedded templates on workspace event. 
2026-03-17 14:00:24 [debug] : [Application Examples Provider] refresh requested. 
2026-03-17 14:00:24 [debug] : Received event from notification service: ON_DID_UPDATE_WORKSPACE. 
2026-03-17 14:00:24 [debug] : [Logger Client] log levelchanged to  {"0":"Info"}
2026-03-17 14:00:24 [debug] : [Logger UI]  Update Log Level  called 
2026-03-17 14:00:24 [debug] : [Repository Server] Executing method:getEmbeddedExampleTemplateTree with connection:(object). {"0":"request:","1":{"wrappers_":null,"arrayIndexOffset_":-1,"array":[],"pivot_":1.7976931348623157e+308,"convertedPrimitiveFields_":{}}}
2026-03-17 14:00:24 [debug] : [Application Examples Provider] common calling method requested. 
2026-03-17 14:00:24 [debug] : [Application Examples Provider] Repositories model update requested. 
2026-03-17 14:00:24 [debug] : [Application Examples Provider] Repositories model update completed. 
2026-03-17 14:00:24 [debug] : [Application Examples Provider] Templates model update requested. 
2026-03-17 14:00:24 [debug] : [Repository Service] Executing method:getEmbeddedExampleTemplateTree from frontend. {"0":"request:"}
2026-03-17 14:00:24 [debug] : Received event from notification service: ON_DID_REFRESH_WORKSPACE_SUMMARIES. 
2026-03-17 14:00:24 [debug] : [ProjectCache] fetching projects for project-cache 
2026-03-17 14:00:25 [debug] : Application UI init preferences 
2026-03-17 14:00:25 [debug] : Frontend keybindings.onStart took longer than the expected maximum 100 milliseconds: 134.5 ms [Finished 8.209 s after frontend start] 
2026-03-17 14:00:25 [debug] : Frontend menus.onStart: 28.3 ms [Finished 8.238 s after frontend start] 
2026-03-17 14:00:25 [debug] : Opening channel for service path '/services/search-in-workspace'. 
2026-03-17 14:00:25 [debug] : Frontend c.onStart: 11.7 ms [Finished 8.249 s after frontend start] 
2026-03-17 14:00:25 [debug] : Frontend d.onStart: 37.3 ms [Finished 8.287 s after frontend start] 
2026-03-17 14:00:25 [debug] : Frontend d.onStart: 16.0 ms [Finished 8.303 s after frontend start] 
2026-03-17 14:00:25 [debug] : Frontend J.onStart: 0.2 ms [Finished 8.304 s after frontend start] 
2026-03-17 14:00:25 [debug] : Frontend l.onStart: 2.7 ms [Finished 8.307 s after frontend start] 
2026-03-17 14:00:25 [debug] : Frontend u.onStart: 9.6 ms [Finished 8.318 s after frontend start] 
2026-03-17 14:00:25 [debug] : Frontend n.onStart: 0.5 ms [Finished 8.319 s after frontend start] 
2026-03-17 14:00:25 [debug] : Frontend u.onStart: 2.9 ms [Finished 8.322 s after frontend start] 
2026-03-17 14:00:25 [debug] : Skipping menu item with missing command: "plugin.view-container.test.toggle". 
2026-03-17 14:00:25 [debug] : Frontend C.onStart: 61.6 ms [Finished 8.384 s after frontend start] 
2026-03-17 14:00:25 [debug] : Frontend p.onStart: 0.3 ms [Finished 8.385 s after frontend start] 
2026-03-17 14:00:25 [debug] : Frontend d.onStart: 0.4 ms [Finished 8.385 s after frontend start] 
2026-03-17 14:00:25 [debug] : Frontend u.onStart: 1.4 ms [Finished 8.387 s after frontend start] 
2026-03-17 14:00:25 [debug] : Frontend m.onStart: 0.8 ms [Finished 8.388 s after frontend start] 
2026-03-17 14:00:25 [debug] : Frontend n.onStart: 0.9 ms [Finished 8.389 s after frontend start] 
2026-03-17 14:00:25 [debug] : Frontend v.onStart: 0.5 ms [Finished 8.390 s after frontend start] 
2026-03-17 14:00:25 [debug] : Frontend P.onStart: 0.4 ms [Finished 8.390 s after frontend start] 
2026-03-17 14:00:25 [debug] : Frontend c.onStart: 0.4 ms [Finished 8.391 s after frontend start] 
2026-03-17 14:00:25 [debug] : Frontend b.onStart: 0.2 ms [Finished 8.392 s after frontend start] 
2026-03-17 14:00:25 [debug] : Frontend g.onStart: 1.3 ms [Finished 8.393 s after frontend start] 
2026-03-17 14:00:25 [debug] : Frontend f.onStart: 0.3 ms [Finished 8.394 s after frontend start] 
2026-03-17 14:00:25 [debug] : Frontend b.onStart: 0.6 ms [Finished 8.395 s after frontend start] 
2026-03-17 14:00:25 [debug] : Frontend d.onStart: 0.4 ms [Finished 8.396 s after frontend start] 
2026-03-17 14:00:25 [debug] : Frontend $.onStart: 1.8 ms [Finished 8.398 s after frontend start] 
2026-03-17 14:00:25 [debug] : Frontend $.onStart: 0.3 ms [Finished 8.398 s after frontend start] 
2026-03-17 14:00:25 [debug] : [hosted-plugin: 3047587] IPC started 
2026-03-17 14:00:25 [debug] : Frontend y.onStart: 0.4 ms [Finished 8.399 s after frontend start] 
2026-03-17 14:00:25 [debug] : Frontend Object.onStart: 0.7 ms [Finished 8.399 s after frontend start] 
2026-03-17 14:00:25 [debug] : Frontend w.onStart: 42.8 ms [Finished 8.444 s after frontend start] 
2026-03-17 14:00:25 [debug] : Frontend d.onStart: 0.6 ms [Finished 8.444 s after frontend start] 
2026-03-17 14:00:25 [debug] : Frontend l.onStart: 1.9 ms [Finished 8.447 s after frontend start] 
2026-03-17 14:00:25 [debug] : Frontend j.onStart: 0.1 ms [Finished 8.447 s after frontend start] 
2026-03-17 14:00:25 [debug] : Frontend d.onStart: 0.5 ms [Finished 8.448 s after frontend start] 
2026-03-17 14:00:25 [debug] : Frontend c.onStart: 0.2 ms [Finished 8.448 s after frontend start] 
2026-03-17 14:00:25 [debug] : Frontend y.onStart: 0.1 ms [Finished 8.449 s after frontend start] 
2026-03-17 14:00:25 [debug] : Frontend w.onStart: 0.3 ms [Finished 8.449 s after frontend start] 
2026-03-17 14:00:25 [debug] : Frontend k.onStart: 0.6 ms [Finished 8.450 s after frontend start] 
2026-03-17 14:00:25 [debug] : Frontend n.onStart: 0.3 ms [Finished 8.451 s after frontend start] 
2026-03-17 14:00:25 [debug] : Frontend c.onStart: 0.3 ms [Finished 8.451 s after frontend start] 
2026-03-17 14:00:25 [debug] : [Feature Registry] Reading early access data from /opt/Xilinx/Vitis/2024.1/vitisng-server/scripts/early-access/early-access.json 
2026-03-17 14:00:25 [debug] : [Feature Registry] Reading early access data from /opt/Xilinx/Vitis/2024.1/vitisng-server/scripts/early-access/early-access.json 
2026-03-17 14:00:25 [debug] : [Feature Registry] Reading early access data from /opt/Xilinx/Vitis/2024.1/vitisng-server/scripts/early-access/early-access.json 
2026-03-17 14:00:25 [debug] : [Feature Registry] Reading early access data from /opt/Xilinx/Vitis/2024.1/vitisng-server/scripts/early-access/early-access.json 
2026-03-17 14:00:25 [debug] : [Feature Registry] Reading early access data from /opt/Xilinx/Vitis/2024.1/vitisng-server/scripts/early-access/early-access.json 
2026-03-17 14:00:25 [debug] : [Feature Registry] Reading early access data from /opt/Xilinx/Vitis/2024.1/vitisng-server/scripts/early-access/early-access.json 
2026-03-17 14:00:25 [debug] : Frontend m.onStart: 0.3 ms [Finished 8.452 s after frontend start] 
2026-03-17 14:00:25 [debug] : Start frontend contributions: 1955.0 ms [Finished 8.452 s after frontend start] 
2026-03-17 14:00:25 [debug] : Changed application state from 'init' to 'started_contributions'. 
2026-03-17 14:00:25 [debug] : Changed application state from 'started_contributions' to 'attached_shell'. 
2026-03-17 14:00:25 [debug] : >>> Restoring the layout state... 
2026-03-17 14:00:25 [debug] : [Logger UI]  Update Log Level success {"0":{"success":true,"error":""}}
2026-03-17 14:00:25 [debug] : Skipping menu item with missing command: "plugin.view-container.test.toggle". 
2026-03-17 14:00:25 [debug] : [ProjectDecorator] tree decoration updated 
2026-03-17 14:00:25 [debug] : [ProjectCache] Project location updated to undefined 
2026-03-17 14:00:25 [debug] : [ProjectDecorator] tree decoration updated 
2026-03-17 14:00:25 [debug] : [7316b3b1-ff48-4974-acae-9209c5117158] Waiting for backend deployment: 286.5 ms [Finished 8.687 s after frontend start] 
2026-03-17 14:00:25 [debug] : [hosted-plugin: 3047587] PLUGIN_HOST(3047587) starting instance 
2026-03-17 14:00:26 [debug] : f.registerSchemas is taking more than 500.0 ms, new schemas are ignored. 
2026-03-17 14:00:26 [debug] : [7316b3b1-ff48-4974-acae-9209c5117158] Sync of 17 plugins: 895.1 ms [Finished 9.582 s after frontend start] 
2026-03-17 14:00:26 [debug] : <<< Nothing to restore. 
2026-03-17 14:00:26 [debug] : Frontend P.initializeLayout: 39.4 ms [Finished 9.627 s after frontend start] 
2026-03-17 14:00:26 [debug] : Frontend b.initializeLayout: 5.9 ms [Finished 9.633 s after frontend start] 
2026-03-17 14:00:26 [debug] : Frontend h.initializeLayout: 7.0 ms [Finished 9.640 s after frontend start] 
2026-03-17 14:00:26 [debug] : Frontend $.initializeLayout: 6.9 ms [Finished 9.648 s after frontend start] 
2026-03-17 14:00:26 [debug] : Frontend y.initializeLayout: 23.1 ms [Finished 9.671 s after frontend start] 
2026-03-17 14:00:26 [debug] : Frontend w.initializeLayout: 9.9 ms [Finished 9.681 s after frontend start] 
2026-03-17 14:00:26 [debug] : Frontend c.initializeLayout: 7.4 ms [Finished 9.688 s after frontend start] 
2026-03-17 14:00:26 [debug] : Frontend w.initializeLayout: 48.5 ms [Finished 9.737 s after frontend start] 
2026-03-17 14:00:26 [debug] : [Repository Examples UI] in on initialize layout method. 
2026-03-17 14:00:26 [debug] : Frontend R.initializeLayout: 14.5 ms [Finished 9.752 s after frontend start] 
2026-03-17 14:00:26 [debug] : Frontend u.initializeLayout: 7.9 ms [Finished 9.760 s after frontend start] 
2026-03-17 14:00:26 [debug] : Frontend h.initializeLayout: 0.2 ms [Finished 9.760 s after frontend start] 
2026-03-17 14:00:26 [debug] : Opening channel for service path '/services/report-model'. 
2026-03-17 14:00:26 [debug] : Frontend I.initializeLayout: 27.3 ms [Finished 9.787 s after frontend start] 
2026-03-17 14:00:26 [debug] : Frontend j.initializeLayout: 20.9 ms [Finished 9.808 s after frontend start] 
2026-03-17 14:00:26 [debug] : [Library Api Contribution] in on initialize layout method. 
2026-03-17 14:00:26 [debug] : Frontend p.initializeLayout: 15.1 ms [Finished 9.823 s after frontend start] 
2026-03-17 14:00:26 [debug] : MonacoEditorModel.cancelSync {"0":"user-storage:/user/settings.json"}
2026-03-17 14:00:26 [debug] : MonacoEditorModel.cancelSave {"0":"user-storage:/user/settings.json"}
2026-03-17 14:00:27 [debug] : MonacoEditorModel.fireDidChangeContent - enter - {
  "changes": [
    {
      "range": {
        "startLineNumber": 3,
        "startColumn": 29,
        "endLineNumber": 3,
        "endColumn": 37
      },
      "rangeLength": 8,
      "text": "\"custom\"",
      "rangeOffset": 83,
      "forceMoveMarkers": false
    }
  ],
  "eol": "\n",
  "versionId": 2,
  "isUndoing": false,
  "isRedoing": false,
  "isFlush": false
} {"0":"user-storage:/user/settings.json"}
2026-03-17 14:00:27 [debug] : MonacoEditorModel.markAsDirty - enter {"0":"user-storage:/user/settings.json"}
2026-03-17 14:00:27 [debug] : MonacoEditorModel.cancelSync {"0":"user-storage:/user/settings.json"}
2026-03-17 14:00:27 [debug] : MonacoEditorModel.cancelSave {"0":"user-storage:/user/settings.json"}
2026-03-17 14:00:27 [debug] : MonacoEditorModel.markAsDirty - exit {"0":"user-storage:/user/settings.json"}
2026-03-17 14:00:27 [debug] : MonacoEditorModel.fireDidChangeContent - exit {"0":"user-storage:/user/settings.json"}
2026-03-17 14:00:27 [debug] : MonacoEditorModel.cancelSave {"0":"user-storage:/user/settings.json"}
2026-03-17 14:00:27 [debug] : MonacoEditorModel.cancelSave {"0":"user-storage:/user/settings.json"}
2026-03-17 14:00:27 [debug] : MonacoEditorModel.cancelSync {"0":"user-storage:/user/settings.json"}
2026-03-17 14:00:27 [debug] : MonacoEditorModel.cancelSave {"0":"user-storage:/user/settings.json"}
2026-03-17 14:00:27 [debug] : RIGEL SERVER 14:00:27 INFO  : Successfully created repository data at /tmp/rigel_lopper_kmartine11300465827626149934 
2026-03-17 14:00:27 [debug] : RIGEL SERVER 14:00:27 INFO  : bash, -c, source /opt/Xilinx/Vitis/2024.1/tps/lnx64/lopper-1.1.0/env/bin/activate && python /opt/Xilinx/Vitis/2024.1/data/embeddedsw/scripts/pyesw//get_template_data.py -d /tmp/rigel_lopper_kmartine8511325580548974691 -r /tmp/rigel_lopper_kmartine11300465827626149934/.repo.yaml && deactivate 
2026-03-17 14:00:27 [debug] : Initialize the workbench layout: 1820.0 ms [Finished 10.337 s after frontend start] 
2026-03-17 14:00:28 [debug] : Changed application state from 'attached_shell' to 'initialized_layout'. 
2026-03-17 14:00:28 [debug] : Frontend I.onDidInitializeLayout: 0.1 ms [Finished 10.338 s after frontend start] 
2026-03-17 14:00:28 [debug] : Failed to register a menu item for plugin eamodio.gitlens contributed to editor/context/copy {"0":{"command":"gitlens.copyRemoteFileUrlToClipboard","group":"1_gitlens@1","when":"editorTextFocus && gitlens:activeFileStatus =~ /blameable/ && config.gitlens.menus.editor.clipboard"},"1":"Error: Could not find submenu with id editor/context/copy\n    at d.getMenuNode (file:///opt/Xilinx/Vitis/2024.1/ide/electron-app/lnx64/resources/app/lib/bundle.js:2:2587357)\n    at v.handle (file:///opt/Xilinx/Vitis/2024.1/ide/electron-app/lnx64/resources/app/lib/bundle.js:2:7458306)\n    at file:///opt/Xilinx/Vitis/2024.1/ide/electron-app/lnx64/resources/app/lib/bundle.js:2:7477312\n    at o (file:///opt/Xilinx/Vitis/2024.1/ide/electron-app/lnx64/resources/app/lib/bundle.js:2:7474973)\n    at E.handleContributions (file:///opt/Xilinx/Vitis/2024.1/ide/electron-app/lnx64/resources/app/lib/bundle.js:2:7477267)\n    at U.loadContributions (file:///opt/Xilinx/Vitis/2024.1/ide/electron-app/lnx64/resources/app/lib/bundle.js:2:7304600)\n    at U.doLoad (file:///opt/Xilinx/Vitis/2024.1/ide/electron-app/lnx64/resources/app/lib/bundle.js:2:7302692)\n    at async d.withProgress (file:///opt/Xilinx/Vitis/2024.1/ide/electron-app/lnx64/resources/app/lib/bundle.js:2:2627430)\n    at async file:///opt/Xilinx/Vitis/2024.1/ide/electron-app/lnx64/resources/app/lib/bundle.js:2:7300035"}
2026-03-17 14:00:28 [debug] : Failed to register a menu item for plugin eamodio.gitlens contributed to editor/context/copy {"0":{"command":"gitlens.copyRemoteFileUrlFrom","group":"1_gitlens@2","when":"editorTextFocus && gitlens:activeFileStatus =~ /blameable/ && config.gitlens.menus.editor.clipboard"},"1":"Error: Could not find submenu with id editor/context/copy\n    at d.getMenuNode (file:///opt/Xilinx/Vitis/2024.1/ide/electron-app/lnx64/resources/app/lib/bundle.js:2:2587357)\n    at v.handle (file:///opt/Xilinx/Vitis/2024.1/ide/electron-app/lnx64/resources/app/lib/bundle.js:2:7458306)\n    at file:///opt/Xilinx/Vitis/2024.1/ide/electron-app/lnx64/resources/app/lib/bundle.js:2:7477312\n    at o (file:///opt/Xilinx/Vitis/2024.1/ide/electron-app/lnx64/resources/app/lib/bundle.js:2:7474973)\n    at E.handleContributions (file:///opt/Xilinx/Vitis/2024.1/ide/electron-app/lnx64/resources/app/lib/bundle.js:2:7477267)\n    at U.loadContributions (file:///opt/Xilinx/Vitis/2024.1/ide/electron-app/lnx64/resources/app/lib/bundle.js:2:7304600)\n    at U.doLoad (file:///opt/Xilinx/Vitis/2024.1/ide/electron-app/lnx64/resources/app/lib/bundle.js:2:7302692)\n    at async d.withProgress (file:///opt/Xilinx/Vitis/2024.1/ide/electron-app/lnx64/resources/app/lib/bundle.js:2:2627430)\n    at async file:///opt/Xilinx/Vitis/2024.1/ide/electron-app/lnx64/resources/app/lib/bundle.js:2:7300035"}
2026-03-17 14:00:28 [debug] : Failed to register a menu item for plugin eamodio.gitlens contributed to editor/context/copy {"0":{"command":"gitlens.copyRemoteCommitUrl","group":"1_gitlens@3","when":"editorTextFocus && gitlens:activeFileStatus =~ /blameable/ && config.gitlens.menus.editor.clipboard"},"1":"Error: Could not find submenu with id editor/context/copy\n    at d.getMenuNode (file:///opt/Xilinx/Vitis/2024.1/ide/electron-app/lnx64/resources/app/lib/bundle.js:2:2587357)\n    at v.handle (file:///opt/Xilinx/Vitis/2024.1/ide/electron-app/lnx64/resources/app/lib/bundle.js:2:7458306)\n    at file:///opt/Xilinx/Vitis/2024.1/ide/electron-app/lnx64/resources/app/lib/bundle.js:2:7477312\n    at o (file:///opt/Xilinx/Vitis/2024.1/ide/electron-app/lnx64/resources/app/lib/bundle.js:2:7474973)\n    at E.handleContributions (file:///opt/Xilinx/Vitis/2024.1/ide/electron-app/lnx64/resources/app/lib/bundle.js:2:7477267)\n    at U.loadContributions (file:///opt/Xilinx/Vitis/2024.1/ide/electron-app/lnx64/resources/app/lib/bundle.js:2:7304600)\n    at U.doLoad (file:///opt/Xilinx/Vitis/2024.1/ide/electron-app/lnx64/resources/app/lib/bundle.js:2:7302692)\n    at async d.withProgress (file:///opt/Xilinx/Vitis/2024.1/ide/electron-app/lnx64/resources/app/lib/bundle.js:2:2627430)\n    at async file:///opt/Xilinx/Vitis/2024.1/ide/electron-app/lnx64/resources/app/lib/bundle.js:2:7300035"}
2026-03-17 14:00:28 [debug] : Failed to register a menu item for plugin eamodio.gitlens contributed to editor/context/copy {"0":{"command":"gitlens.copyShaToClipboard","group":"2_gitlens@1","when":"editorTextFocus && gitlens:activeFileStatus =~ /blameable/ && config.gitlens.menus.editor.clipboard"},"1":"Error: Could not find submenu with id editor/context/copy\n    at d.getMenuNode (file:///opt/Xilinx/Vitis/2024.1/ide/electron-app/lnx64/resources/app/lib/bundle.js:2:2587357)\n    at v.handle (file:///opt/Xilinx/Vitis/2024.1/ide/electron-app/lnx64/resources/app/lib/bundle.js:2:7458306)\n    at file:///opt/Xilinx/Vitis/2024.1/ide/electron-app/lnx64/resources/app/lib/bundle.js:2:7477312\n    at o (file:///opt/Xilinx/Vitis/2024.1/ide/electron-app/lnx64/resources/app/lib/bundle.js:2:7474973)\n    at E.handleContributions (file:///opt/Xilinx/Vitis/2024.1/ide/electron-app/lnx64/resources/app/lib/bundle.js:2:7477267)\n    at U.loadContributions (file:///opt/Xilinx/Vitis/2024.1/ide/electron-app/lnx64/resources/app/lib/bundle.js:2:7304600)\n    at U.doLoad (file:///opt/Xilinx/Vitis/2024.1/ide/electron-app/lnx64/resources/app/lib/bundle.js:2:7302692)\n    at async d.withProgress (file:///opt/Xilinx/Vitis/2024.1/ide/electron-app/lnx64/resources/app/lib/bundle.js:2:2627430)\n    at async file:///opt/Xilinx/Vitis/2024.1/ide/electron-app/lnx64/resources/app/lib/bundle.js:2:7300035"}
2026-03-17 14:00:28 [debug] : Failed to register a menu item for plugin eamodio.gitlens contributed to editor/context/copy {"0":{"command":"gitlens.copyMessageToClipboard","group":"2_gitlens@2","when":"editorTextFocus && gitlens:activeFileStatus =~ /blameable/ && config.gitlens.menus.editor.clipboard"},"1":"Error: Could not find submenu with id editor/context/copy\n    at d.getMenuNode (file:///opt/Xilinx/Vitis/2024.1/ide/electron-app/lnx64/resources/app/lib/bundle.js:2:2587357)\n    at v.handle (file:///opt/Xilinx/Vitis/2024.1/ide/electron-app/lnx64/resources/app/lib/bundle.js:2:7458306)\n    at file:///opt/Xilinx/Vitis/2024.1/ide/electron-app/lnx64/resources/app/lib/bundle.js:2:7477312\n    at o (file:///opt/Xilinx/Vitis/2024.1/ide/electron-app/lnx64/resources/app/lib/bundle.js:2:7474973)\n    at E.handleContributions (file:///opt/Xilinx/Vitis/2024.1/ide/electron-app/lnx64/resources/app/lib/bundle.js:2:7477267)\n    at U.loadContributions (file:///opt/Xilinx/Vitis/2024.1/ide/electron-app/lnx64/resources/app/lib/bundle.js:2:7304600)\n    at U.doLoad (file:///opt/Xilinx/Vitis/2024.1/ide/electron-app/lnx64/resources/app/lib/bundle.js:2:7302692)\n    at async d.withProgress (file:///opt/Xilinx/Vitis/2024.1/ide/electron-app/lnx64/resources/app/lib/bundle.js:2:2627430)\n    at async file:///opt/Xilinx/Vitis/2024.1/ide/electron-app/lnx64/resources/app/lib/bundle.js:2:7300035"}
2026-03-17 14:00:28 [debug] : Failed to register a menu item for plugin eamodio.gitlens contributed to extension/context {"0":{"command":"gitlens.showWelcomePage","group":"9_gitlens@1","when":"extension =~ /^eamodio.gitlens(-insiders)?$/ && extensionStatus == installed"},"1":"Error: Could not find submenu with id extension/context\n    at d.getMenuNode (file:///opt/Xilinx/Vitis/2024.1/ide/electron-app/lnx64/resources/app/lib/bundle.js:2:2587357)\n    at v.handle (file:///opt/Xilinx/Vitis/2024.1/ide/electron-app/lnx64/resources/app/lib/bundle.js:2:7458306)\n    at file:///opt/Xilinx/Vitis/2024.1/ide/electron-app/lnx64/resources/app/lib/bundle.js:2:7477312\n    at o (file:///opt/Xilinx/Vitis/2024.1/ide/electron-app/lnx64/resources/app/lib/bundle.js:2:7474973)\n    at E.handleContributions (file:///opt/Xilinx/Vitis/2024.1/ide/electron-app/lnx64/resources/app/lib/bundle.js:2:7477267)\n    at U.loadContributions (file:///opt/Xilinx/Vitis/2024.1/ide/electron-app/lnx64/resources/app/lib/bundle.js:2:7304600)\n    at U.doLoad (file:///opt/Xilinx/Vitis/2024.1/ide/electron-app/lnx64/resources/app/lib/bundle.js:2:7302692)\n    at async d.withProgress (file:///opt/Xilinx/Vitis/2024.1/ide/electron-app/lnx64/resources/app/lib/bundle.js:2:2627430)\n    at async file:///opt/Xilinx/Vitis/2024.1/ide/electron-app/lnx64/resources/app/lib/bundle.js:2:7300035"}
2026-03-17 14:00:28 [debug] : Failed to register a menu item for plugin eamodio.gitlens contributed to extension/context {"0":{"command":"gitlens.showSettingsPage","group":"9_gitlens@2","when":"extension =~ /^eamodio.gitlens(-insiders)?$/ && extensionStatus == installed"},"1":"Error: Could not find submenu with id extension/context\n    at d.getMenuNode (file:///opt/Xilinx/Vitis/2024.1/ide/electron-app/lnx64/resources/app/lib/bundle.js:2:2587357)\n    at v.handle (file:///opt/Xilinx/Vitis/2024.1/ide/electron-app/lnx64/resources/app/lib/bundle.js:2:7458306)\n    at file:///opt/Xilinx/Vitis/2024.1/ide/electron-app/lnx64/resources/app/lib/bundle.js:2:7477312\n    at o (file:///opt/Xilinx/Vitis/2024.1/ide/electron-app/lnx64/resources/app/lib/bundle.js:2:7474973)\n    at E.handleContributions (file:///opt/Xilinx/Vitis/2024.1/ide/electron-app/lnx64/resources/app/lib/bundle.js:2:7477267)\n    at U.loadContributions (file:///opt/Xilinx/Vitis/2024.1/ide/electron-app/lnx64/resources/app/lib/bundle.js:2:7304600)\n    at U.doLoad (file:///opt/Xilinx/Vitis/2024.1/ide/electron-app/lnx64/resources/app/lib/bundle.js:2:7302692)\n    at async d.withProgress (file:///opt/Xilinx/Vitis/2024.1/ide/electron-app/lnx64/resources/app/lib/bundle.js:2:2627430)\n    at async file:///opt/Xilinx/Vitis/2024.1/ide/electron-app/lnx64/resources/app/lib/bundle.js:2:7300035"}
2026-03-17 14:00:28 [debug] : Failed to register a menu item for plugin eamodio.gitlens contributed to git.commit {"0":{"command":"gitlens.addAuthors","group":"4_gitlens@1","when":"gitlens:enabled && !gitlens:readonly && config.gitlens.menus.scm.authors"},"1":"Error: Could not find submenu with id git.commit\n    at d.getMenuNode (file:///opt/Xilinx/Vitis/2024.1/ide/electron-app/lnx64/resources/app/lib/bundle.js:2:2587357)\n    at v.handle (file:///opt/Xilinx/Vitis/2024.1/ide/electron-app/lnx64/resources/app/lib/bundle.js:2:7458306)\n    at file:///opt/Xilinx/Vitis/2024.1/ide/electron-app/lnx64/resources/app/lib/bundle.js:2:7477312\n    at o (file:///opt/Xilinx/Vitis/2024.1/ide/electron-app/lnx64/resources/app/lib/bundle.js:2:7474973)\n    at E.handleContributions (file:///opt/Xilinx/Vitis/2024.1/ide/electron-app/lnx64/resources/app/lib/bundle.js:2:7477267)\n    at U.loadContributions (file:///opt/Xilinx/Vitis/2024.1/ide/electron-app/lnx64/resources/app/lib/bundle.js:2:7304600)\n    at U.doLoad (file:///opt/Xilinx/Vitis/2024.1/ide/electron-app/lnx64/resources/app/lib/bundle.js:2:7302692)\n    at async d.withProgress (file:///opt/Xilinx/Vitis/2024.1/ide/electron-app/lnx64/resources/app/lib/bundle.js:2:2627430)\n    at async file:///opt/Xilinx/Vitis/2024.1/ide/electron-app/lnx64/resources/app/lib/bundle.js:2:7300035"}
2026-03-17 14:00:28 [debug] : Failed to register a menu item for plugin eamodio.gitlens contributed to menuBar/edit/copy {"0":{"command":"gitlens.copyRemoteFileUrlToClipboard","group":"1_gitlens@1","when":"gitlens:activeFileStatus =~ /blameable/ && config.gitlens.menus.editor.clipboard"},"1":"Error: Could not find submenu with id menuBar/edit/copy\n    at d.getMenuNode (file:///opt/Xilinx/Vitis/2024.1/ide/electron-app/lnx64/resources/app/lib/bundle.js:2:2587357)\n    at v.handle (file:///opt/Xilinx/Vitis/2024.1/ide/electron-app/lnx64/resources/app/lib/bundle.js:2:7458306)\n    at file:///opt/Xilinx/Vitis/2024.1/ide/electron-app/lnx64/resources/app/lib/bundle.js:2:7477312\n    at o (file:///opt/Xilinx/Vitis/2024.1/ide/electron-app/lnx64/resources/app/lib/bundle.js:2:7474973)\n    at E.handleContributions (file:///opt/Xilinx/Vitis/2024.1/ide/electron-app/lnx64/resources/app/lib/bundle.js:2:7477267)\n    at U.loadContributions (file:///opt/Xilinx/Vitis/2024.1/ide/electron-app/lnx64/resources/app/lib/bundle.js:2:7304600)\n    at U.doLoad (file:///opt/Xilinx/Vitis/2024.1/ide/electron-app/lnx64/resources/app/lib/bundle.js:2:7302692)\n    at async d.withProgress (file:///opt/Xilinx/Vitis/2024.1/ide/electron-app/lnx64/resources/app/lib/bundle.js:2:2627430)\n    at async file:///opt/Xilinx/Vitis/2024.1/ide/electron-app/lnx64/resources/app/lib/bundle.js:2:7300035"}
2026-03-17 14:00:28 [debug] : Failed to register a menu item for plugin eamodio.gitlens contributed to menuBar/edit/copy {"0":{"command":"gitlens.copyRemoteFileUrlFrom","group":"1_gitlens@2","when":"gitlens:activeFileStatus =~ /blameable/ && config.gitlens.menus.editor.clipboard"},"1":"Error: Could not find submenu with id menuBar/edit/copy\n    at d.getMenuNode (file:///opt/Xilinx/Vitis/2024.1/ide/electron-app/lnx64/resources/app/lib/bundle.js:2:2587357)\n    at v.handle (file:///opt/Xilinx/Vitis/2024.1/ide/electron-app/lnx64/resources/app/lib/bundle.js:2:7458306)\n    at file:///opt/Xilinx/Vitis/2024.1/ide/electron-app/lnx64/resources/app/lib/bundle.js:2:7477312\n    at o (file:///opt/Xilinx/Vitis/2024.1/ide/electron-app/lnx64/resources/app/lib/bundle.js:2:7474973)\n    at E.handleContributions (file:///opt/Xilinx/Vitis/2024.1/ide/electron-app/lnx64/resources/app/lib/bundle.js:2:7477267)\n    at U.loadContributions (file:///opt/Xilinx/Vitis/2024.1/ide/electron-app/lnx64/resources/app/lib/bundle.js:2:7304600)\n    at U.doLoad (file:///opt/Xilinx/Vitis/2024.1/ide/electron-app/lnx64/resources/app/lib/bundle.js:2:7302692)\n    at async d.withProgress (file:///opt/Xilinx/Vitis/2024.1/ide/electron-app/lnx64/resources/app/lib/bundle.js:2:2627430)\n    at async file:///opt/Xilinx/Vitis/2024.1/ide/electron-app/lnx64/resources/app/lib/bundle.js:2:7300035"}
2026-03-17 14:00:28 [debug] : [7316b3b1-ff48-4974-acae-9209c5117158][eamodio.gitlens]: Loaded contributions. 
2026-03-17 14:00:28 [debug] : [7316b3b1-ff48-4974-acae-9209c5117158][eclipse-cdt.serial-monitor]: Loaded contributions. 
2026-03-17 14:00:28 [debug] : Failed to register a menu item for plugin amd.tcf-debug contributed to editor/title/run {"0":{"command":"extension.tcf-debug.debugEditorContents","group":"navigation@2","when":"resourceLangId == cpp || resourceLangId == c"},"1":"Error: Could not find submenu with id editor/title/run\n    at d.getMenuNode (file:///opt/Xilinx/Vitis/2024.1/ide/electron-app/lnx64/resources/app/lib/bundle.js:2:2587357)\n    at v.handle (file:///opt/Xilinx/Vitis/2024.1/ide/electron-app/lnx64/resources/app/lib/bundle.js:2:7458306)\n    at file:///opt/Xilinx/Vitis/2024.1/ide/electron-app/lnx64/resources/app/lib/bundle.js:2:7477312\n    at o (file:///opt/Xilinx/Vitis/2024.1/ide/electron-app/lnx64/resources/app/lib/bundle.js:2:7474973)\n    at E.handleContributions (file:///opt/Xilinx/Vitis/2024.1/ide/electron-app/lnx64/resources/app/lib/bundle.js:2:7477267)\n    at U.loadContributions (file:///opt/Xilinx/Vitis/2024.1/ide/electron-app/lnx64/resources/app/lib/bundle.js:2:7304600)\n    at U.doLoad (file:///opt/Xilinx/Vitis/2024.1/ide/electron-app/lnx64/resources/app/lib/bundle.js:2:7302692)\n    at async d.withProgress (file:///opt/Xilinx/Vitis/2024.1/ide/electron-app/lnx64/resources/app/lib/bundle.js:2:2627430)\n    at async file:///opt/Xilinx/Vitis/2024.1/ide/electron-app/lnx64/resources/app/lib/bundle.js:2:7300035"}
2026-03-17 14:00:28 [debug] : [7316b3b1-ff48-4974-acae-9209c5117158][amd.tcf-debug]: Loaded contributions. 
2026-03-17 14:00:28 [debug] : [7316b3b1-ff48-4974-acae-9209c5117158][twxs.cmake]: Loaded contributions. 
2026-03-17 14:00:28 [debug] : [7316b3b1-ff48-4974-acae-9209c5117158][amd.vitis-config]: Loaded contributions. 
2026-03-17 14:00:28 [debug] : [7316b3b1-ff48-4974-acae-9209c5117158][amd.vitis-hls-l1-library]: Loaded contributions. 
2026-03-17 14:00:28 [debug] : [7316b3b1-ff48-4974-acae-9209c5117158][amd.vitis-hls-pragma]: Loaded contributions. 
2026-03-17 14:00:28 [debug] : [7316b3b1-ff48-4974-acae-9209c5117158][vscode.cpp]: Loaded contributions. 
2026-03-17 14:00:28 [debug] : [7316b3b1-ff48-4974-acae-9209c5117158][vscode.github]: Loaded contributions. 
2026-03-17 14:00:28 [debug] : [7316b3b1-ff48-4974-acae-9209c5117158][vscode.github-authentication]: Loaded contributions. 
2026-03-17 14:00:28 [debug] : [7316b3b1-ff48-4974-acae-9209c5117158][vscode.json]: Loaded contributions. 
2026-03-17 14:00:28 [debug] : Preference name collision detected in the schema for property: [json] 
2026-03-17 14:00:28 [debug] : Preference name collision detected in the schema for property: [jsonc] 
2026-03-17 14:00:28 [debug] : [7316b3b1-ff48-4974-acae-9209c5117158][vscode.json-language-features]: Loaded contributions. 
2026-03-17 14:00:28 [debug] : [7316b3b1-ff48-4974-acae-9209c5117158][llvm-vs-code-extensions.vscode-clangd]: Loaded contributions. 
2026-03-17 14:00:28 [debug] : [7316b3b1-ff48-4974-acae-9209c5117158][pkief.material-icon-theme]: Loaded contributions. 
2026-03-17 14:00:28 [debug] : [7316b3b1-ff48-4974-acae-9209c5117158][webfreak.debug]: Loaded contributions. 
2026-03-17 14:00:28 [debug] : Failed to register a menu item for plugin vscode.git contributed to scm/sourceControl {"0":{"command":"git.close","group":"navigation","when":"scmProvider == git"},"1":"Error: Could not find submenu with id scm/sourceControl\n    at d.getMenuNode (file:///opt/Xilinx/Vitis/2024.1/ide/electron-app/lnx64/resources/app/lib/bundle.js:2:2587357)\n    at v.handle (file:///opt/Xilinx/Vitis/2024.1/ide/electron-app/lnx64/resources/app/lib/bundle.js:2:7458306)\n    at file:///opt/Xilinx/Vitis/2024.1/ide/electron-app/lnx64/resources/app/lib/bundle.js:2:7477312\n    at o (file:///opt/Xilinx/Vitis/2024.1/ide/electron-app/lnx64/resources/app/lib/bundle.js:2:7474973)\n    at E.handleContributions (file:///opt/Xilinx/Vitis/2024.1/ide/electron-app/lnx64/resources/app/lib/bundle.js:2:7477267)\n    at U.loadContributions (file:///opt/Xilinx/Vitis/2024.1/ide/electron-app/lnx64/resources/app/lib/bundle.js:2:7304600)\n    at U.doLoad (file:///opt/Xilinx/Vitis/2024.1/ide/electron-app/lnx64/resources/app/lib/bundle.js:2:7302692)\n    at async d.withProgress (file:///opt/Xilinx/Vitis/2024.1/ide/electron-app/lnx64/resources/app/lib/bundle.js:2:2627430)\n    at async file:///opt/Xilinx/Vitis/2024.1/ide/electron-app/lnx64/resources/app/lib/bundle.js:2:7300035"}
2026-03-17 14:00:28 [debug] : Failed to register a menu item for plugin vscode.git contributed to scm/change/title {"0":{"command":"git.stageChange","when":"config.git.enabled && !git.missing && originalResourceScheme == git"},"1":"Error: Could not find submenu with id scm/change/title\n    at d.getMenuNode (file:///opt/Xilinx/Vitis/2024.1/ide/electron-app/lnx64/resources/app/lib/bundle.js:2:2587357)\n    at v.handle (file:///opt/Xilinx/Vitis/2024.1/ide/electron-app/lnx64/resources/app/lib/bundle.js:2:7458306)\n    at file:///opt/Xilinx/Vitis/2024.1/ide/electron-app/lnx64/resources/app/lib/bundle.js:2:7477312\n    at o (file:///opt/Xilinx/Vitis/2024.1/ide/electron-app/lnx64/resources/app/lib/bundle.js:2:7474973)\n    at E.handleContributions (file:///opt/Xilinx/Vitis/2024.1/ide/electron-app/lnx64/resources/app/lib/bundle.js:2:7477267)\n    at U.loadContributions (file:///opt/Xilinx/Vitis/2024.1/ide/electron-app/lnx64/resources/app/lib/bundle.js:2:7304600)\n    at U.doLoad (file:///opt/Xilinx/Vitis/2024.1/ide/electron-app/lnx64/resources/app/lib/bundle.js:2:7302692)\n    at async d.withProgress (file:///opt/Xilinx/Vitis/2024.1/ide/electron-app/lnx64/resources/app/lib/bundle.js:2:2627430)\n    at async file:///opt/Xilinx/Vitis/2024.1/ide/electron-app/lnx64/resources/app/lib/bundle.js:2:7300035"}
2026-03-17 14:00:28 [debug] : Failed to register a menu item for plugin vscode.git contributed to scm/change/title {"0":{"command":"git.revertChange","when":"config.git.enabled && !git.missing && originalResourceScheme == git"},"1":"Error: Could not find submenu with id scm/change/title\n    at d.getMenuNode (file:///opt/Xilinx/Vitis/2024.1/ide/electron-app/lnx64/resources/app/lib/bundle.js:2:2587357)\n    at v.handle (file:///opt/Xilinx/Vitis/2024.1/ide/electron-app/lnx64/resources/app/lib/bundle.js:2:7458306)\n    at file:///opt/Xilinx/Vitis/2024.1/ide/electron-app/lnx64/resources/app/lib/bundle.js:2:7477312\n    at o (file:///opt/Xilinx/Vitis/2024.1/ide/electron-app/lnx64/resources/app/lib/bundle.js:2:7474973)\n    at E.handleContributions (file:///opt/Xilinx/Vitis/2024.1/ide/electron-app/lnx64/resources/app/lib/bundle.js:2:7477267)\n    at U.loadContributions (file:///opt/Xilinx/Vitis/2024.1/ide/electron-app/lnx64/resources/app/lib/bundle.js:2:7304600)\n    at U.doLoad (file:///opt/Xilinx/Vitis/2024.1/ide/electron-app/lnx64/resources/app/lib/bundle.js:2:7302692)\n    at async d.withProgress (file:///opt/Xilinx/Vitis/2024.1/ide/electron-app/lnx64/resources/app/lib/bundle.js:2:2627430)\n    at async file:///opt/Xilinx/Vitis/2024.1/ide/electron-app/lnx64/resources/app/lib/bundle.js:2:7300035"}
2026-03-17 14:00:28 [debug] : [7316b3b1-ff48-4974-acae-9209c5117158][vscode.git]: Loaded contributions. 
2026-03-17 14:00:28 [debug] : [7316b3b1-ff48-4974-acae-9209c5117158][vscode.make]: Loaded contributions. 
2026-03-17 14:00:28 [debug] : [7316b3b1-ff48-4974-acae-9209c5117158] Load contributions of 17 plugins: 719.4 ms [Finished 11.058 s after frontend start] 
2026-03-17 14:00:28 [debug] : Frontend w.onDidInitializeLayout: 67.4 ms [Finished 11.139 s after frontend start] 
2026-03-17 14:00:28 [debug] : Frontend h.onDidInitializeLayout: 22.4 ms [Finished 11.180 s after frontend start] 
2026-03-17 14:00:28 [debug] : Frontend j.onDidInitializeLayout: 23.9 ms [Finished 11.214 s after frontend start] 
2026-03-17 14:00:28 [debug] : Error: view container is disposed
    at n.get containerLayout [as containerLayout] (file:///opt/Xilinx/Vitis/2024.1/ide/electron-app/lnx64/resources/app/lib/bundle.js:2:2475085)
    at n.getParts (file:///opt/Xilinx/Vitis/2024.1/ide/electron-app/lnx64/resources/app/lib/bundle.js:2:2474843)
    at n.getTrackableWidgets (file:///opt/Xilinx/Vitis/2024.1/ide/electron-app/lnx64/resources/app/lib/bundle.js:2:2478201)
    at I.prepareViewContainer (file:///opt/Xilinx/Vitis/2024.1/ide/electron-app/lnx64/resources/app/lib/bundle.js:2:7571250)
    at async file:///opt/Xilinx/Vitis/2024.1/ide/electron-app/lnx64/resources/app/lib/bundle.js:2:7573411
    at async Promise.all (index 2)
    at async I.initWidgets (file:///opt/Xilinx/Vitis/2024.1/ide/electron-app/lnx64/resources/app/lib/bundle.js:2:7574073)
    at async U.doLoad (file:///opt/Xilinx/Vitis/2024.1/ide/electron-app/lnx64/resources/app/lib/bundle.js:2:7302713)
    at async d.withProgress (file:///opt/Xilinx/Vitis/2024.1/ide/electron-app/lnx64/resources/app/lib/bundle.js:2:2627430)
    at async file:///opt/Xilinx/Vitis/2024.1/ide/electron-app/lnx64/resources/app/lib/bundle.js:2:7300035 
2026-03-17 14:00:28 [debug] : Frontend A.onDidInitializeLayout: 0.3 ms [Finished 11.225 s after frontend start] 
2026-03-17 14:00:28 [debug] : Frontend f.onDidInitializeLayout: 4.6 ms [Finished 11.229 s after frontend start] 
2026-03-17 14:00:28 [debug] : RIGEL SERVER 14:00:28 INFO  : Embedded Template List generated successfully 
2026-03-17 14:00:28 [debug] : Theia configuration directory file:///afs/hep.wisc.edu/home/kmartine/.Xilinx/Vitis/2024.1/.vitisng' 
2026-03-17 14:00:28 [debug] : Theia configuration directory file:///afs/hep.wisc.edu/home/kmartine/.Xilinx/Vitis/2024.1/.vitisng' 
2026-03-17 14:00:28 [debug] : Theia configuration directory file:///afs/hep.wisc.edu/home/kmartine/.Xilinx/Vitis/2024.1/.vitisng' 
2026-03-17 14:00:28 [debug] : RIGEL SERVER 14:00:28 INFO  : bash, -c, source /opt/Xilinx/Vitis/2024.1/tps/lnx64/lopper-1.1.0/env/bin/activate && python /opt/Xilinx/Vitis/2024.1/data/embeddedsw/scripts/pyesw//repo.py -st   /opt/Xilinx/Vitis/2024.1/data/embeddedsw && deactivate 
2026-03-17 14:00:28 [debug] : Theia configuration directory file:///afs/hep.wisc.edu/home/kmartine/.Xilinx/Vitis/2024.1/.vitisng' 
2026-03-17 14:00:28 [debug] : 'cpp' language is remapped from 'source.cpp.embedded.macro' to 'source.cpp' scope 
2026-03-17 14:00:28 [debug] : a registered grammar configuration for 'cpp' language is overridden 
2026-03-17 14:00:28 [debug] : [Application Examples Provider] Templates model update completed. 
2026-03-17 14:00:28 [debug] : [Application Examples Provider] common calling method completed. 
2026-03-17 14:00:28 [debug] : [Application Examples Provider] refresh completed. 
2026-03-17 14:00:29 [debug] : Opening channel for service path '/services/keytar'. 
2026-03-17 14:00:29 [debug] : Theia configuration directory file:///afs/hep.wisc.edu/home/kmartine/.Xilinx/Vitis/2024.1/.vitisng' 
2026-03-17 14:00:29 [debug] : getTasks(): about to return task information for 0 tasks 
2026-03-17 14:00:29 [debug] : Theia configuration directory file:///afs/hep.wisc.edu/home/kmartine/.Xilinx/Vitis/2024.1/.vitisng' 
2026-03-17 14:00:29 [debug] : Theia configuration directory file:///afs/hep.wisc.edu/home/kmartine/.Xilinx/Vitis/2024.1/.vitisng' 
2026-03-17 14:00:29 [debug] : Theia configuration directory file:///afs/hep.wisc.edu/home/kmartine/.Xilinx/Vitis/2024.1/.vitisng' 
2026-03-17 14:00:29 [debug] : [hosted-plugin: 3047587] PLUGIN_HOST(3047587): PluginManagerExtImpl/init() 
2026-03-17 14:00:29 [debug] : [hosted-plugin: 3047587] PLUGIN_HOST(3047587): initializing(gitlens@11.7.0 with /opt/Xilinx/Vitis/2024.1/ide/electron-app/lnx64/resources/app/node_modules/@theia/plugin-ext-vscode/lib/node/plugin-vscode-init) 
2026-03-17 14:00:29 [debug] : [hosted-plugin: 3047587] PLUGIN_HOST(3047587): initializing(serial-monitor@1.0.2 with /opt/Xilinx/Vitis/2024.1/ide/electron-app/lnx64/resources/app/node_modules/@theia/plugin-ext-vscode/lib/node/plugin-vscode-init) 
2026-03-17 14:00:29 [debug] : [hosted-plugin: 3047587] PLUGIN_HOST(3047587): initializing(tcf-debug@0.0.1 with /opt/Xilinx/Vitis/2024.1/ide/electron-app/lnx64/resources/app/node_modules/@theia/plugin-ext-vscode/lib/node/plugin-vscode-init) 
2026-03-17 14:00:29 [debug] : [hosted-plugin: 3047587] Debugger contribution has been registered: tcf-debug 
2026-03-17 14:00:29 [debug] : [hosted-plugin: 3047587] PLUGIN_HOST(3047587): initializing(cmake@0.0.17 with /opt/Xilinx/Vitis/2024.1/ide/electron-app/lnx64/resources/app/node_modules/@theia/plugin-ext-vscode/lib/node/plugin-vscode-init) 
2026-03-17 14:00:29 [debug] : [hosted-plugin: 3047587] PLUGIN_HOST(3047587): initializing(vitis-config@0.0.1 with /opt/Xilinx/Vitis/2024.1/ide/electron-app/lnx64/resources/app/node_modules/@theia/plugin-ext-vscode/lib/node/plugin-vscode-init) 
2026-03-17 14:00:29 [debug] : [hosted-plugin: 3047587] PLUGIN_HOST(3047587): initializing(vitis-hls-l1-library@0.0.1 with /opt/Xilinx/Vitis/2024.1/ide/electron-app/lnx64/resources/app/node_modules/@theia/plugin-ext-vscode/lib/node/plugin-vscode-init)
PLUGIN_HOST(3047587): initializing(vitis-hls-pragma@0.6.0 with /opt/Xilinx/Vitis/2024.1/ide/electron-app/lnx64/resources/app/node_modules/@theia/plugin-ext-vscode/lib/node/plugin-vscode-init) 
2026-03-17 14:00:29 [debug] : [hosted-plugin: 3047587] PLUGIN_HOST(3047587): initializing(cpp@1.52.1 with /opt/Xilinx/Vitis/2024.1/ide/electron-app/lnx64/resources/app/node_modules/@theia/plugin-ext-vscode/lib/node/plugin-vscode-init)
PLUGIN_HOST(3047587): initializing(github@1.62.3 with /opt/Xilinx/Vitis/2024.1/ide/electron-app/lnx64/resources/app/node_modules/@theia/plugin-ext-vscode/lib/node/plugin-vscode-init)
PLUGIN_HOST(3047587): initializing(github-authentication@1.62.3 with /opt/Xilinx/Vitis/2024.1/ide/electron-app/lnx64/resources/app/node_modules/@theia/plugin-ext-vscode/lib/node/plugin-vscode-init) 
2026-03-17 14:00:29 [debug] : [hosted-plugin: 3047587] PLUGIN_HOST(3047587): initializing(json@1.52.1 with /opt/Xilinx/Vitis/2024.1/ide/electron-app/lnx64/resources/app/node_modules/@theia/plugin-ext-vscode/lib/node/plugin-vscode-init) 
2026-03-17 14:00:29 [debug] : [hosted-plugin: 3047587] PLUGIN_HOST(3047587): initializing(json-language-features@1.52.1 with /opt/Xilinx/Vitis/2024.1/ide/electron-app/lnx64/resources/app/node_modules/@theia/plugin-ext-vscode/lib/node/plugin-vscode-init) 
2026-03-17 14:00:29 [debug] : [hosted-plugin: 3047587] PLUGIN_HOST(3047587): initializing(vscode-clangd@0.1.15 with /opt/Xilinx/Vitis/2024.1/ide/electron-app/lnx64/resources/app/node_modules/@theia/plugin-ext-vscode/lib/node/plugin-vscode-init) 
2026-03-17 14:00:29 [debug] : [hosted-plugin: 3047587] PLUGIN_HOST(3047587): initializing(material-icon-theme@4.11.0 with /opt/Xilinx/Vitis/2024.1/ide/electron-app/lnx64/resources/app/node_modules/@theia/plugin-ext-vscode/lib/node/plugin-vscode-init) 
2026-03-17 14:00:29 [debug] : [hosted-plugin: 3047587] PLUGIN_HOST(3047587): initializing(debug@0.26.1 with /opt/Xilinx/Vitis/2024.1/ide/electron-app/lnx64/resources/app/node_modules/@theia/plugin-ext-vscode/lib/node/plugin-vscode-init)
Debugger contribution has been registered: gdb 
2026-03-17 14:00:29 [debug] : [hosted-plugin: 3047587] Debugger contribution has been registered: lldb-mi 
2026-03-17 14:00:29 [debug] : [hosted-plugin: 3047587] Debugger contribution has been registered: mago-mi 
2026-03-17 14:00:29 [debug] : [hosted-plugin: 3047587] PLUGIN_HOST(3047587): initializing(git@1.62.3 with /opt/Xilinx/Vitis/2024.1/ide/electron-app/lnx64/resources/app/node_modules/@theia/plugin-ext-vscode/lib/node/plugin-vscode-init) 
2026-03-17 14:00:29 [debug] : [hosted-plugin: 3047587] PLUGIN_HOST(3047587): initializing(make@1.79.0 with /opt/Xilinx/Vitis/2024.1/ide/electron-app/lnx64/resources/app/node_modules/@theia/plugin-ext-vscode/lib/node/plugin-vscode-init) 
2026-03-17 14:00:29 [debug] : [hosted-plugin: 3047587] Unsupported activation events: oncommand:gitlens.copyCurrentBranch, please open an issue: https://github.com/eclipse-theia/theia/issues/new 
2026-03-17 14:00:29 [debug] : [hosted-plugin: 3047587] PLUGIN_HOST(3047587): PluginManagerExtImpl/loadPlugin(/opt/Xilinx/Vitis/2024.1/ide/electron-app/lnx64/resources/app/plugins/vscode.git/extension/dist/main) 
2026-03-17 14:00:29 [debug] : Frontend application start: 5557.2 ms [Finished 683.444 s after backend start] 
2026-03-17 14:00:29 [debug] : [hosted-plugin: 3047587] PLUGIN_HOST(3047587): PluginManagerExtImpl/loadPlugin(/opt/Xilinx/Vitis/2024.1/ide/electron-app/lnx64/resources/app/plugins/vscode-builtin-github/extension/dist/extension.js) 
2026-03-17 14:00:29 [debug] : Replace loading indicator with ready workbench UI (animation): 1381.2 ms [Finished 12.620 s after frontend start] 
2026-03-17 14:00:29 [debug] : Changed application state from 'initialized_layout' to 'ready'. 
2026-03-17 14:00:29 [debug] : [hosted-plugin: 3047587] PLUGIN_HOST(3047587): PluginManagerExtImpl/loadPlugin(/opt/Xilinx/Vitis/2024.1/ide/electron-app/lnx64/resources/app/plugins/vscode-builtin-json-language-features/extension/client/dist/node/jsonClientMain) 
2026-03-17 14:00:29 [debug] : [7316b3b1-ff48-4974-acae-9209c5117158][eamodio.gitlens]: Started plugin. 
2026-03-17 14:00:29 [debug] : [7316b3b1-ff48-4974-acae-9209c5117158][eclipse-cdt.serial-monitor]: Started plugin. 
2026-03-17 14:00:29 [debug] : [7316b3b1-ff48-4974-acae-9209c5117158][amd.tcf-debug]: Started plugin. 
2026-03-17 14:00:29 [debug] : [7316b3b1-ff48-4974-acae-9209c5117158][twxs.cmake]: Started plugin. 
2026-03-17 14:00:29 [debug] : [7316b3b1-ff48-4974-acae-9209c5117158][amd.vitis-config]: Started plugin. 
2026-03-17 14:00:29 [debug] : [7316b3b1-ff48-4974-acae-9209c5117158][amd.vitis-hls-l1-library]: Started plugin. 
2026-03-17 14:00:29 [debug] : [7316b3b1-ff48-4974-acae-9209c5117158][amd.vitis-hls-pragma]: Started plugin. 
2026-03-17 14:00:29 [debug] : [7316b3b1-ff48-4974-acae-9209c5117158][vscode.cpp]: Started plugin. 
2026-03-17 14:00:29 [debug] : [7316b3b1-ff48-4974-acae-9209c5117158][vscode.github]: Started plugin. 
2026-03-17 14:00:29 [debug] : [7316b3b1-ff48-4974-acae-9209c5117158][vscode.github-authentication]: Started plugin. 
2026-03-17 14:00:29 [debug] : [7316b3b1-ff48-4974-acae-9209c5117158][vscode.json]: Started plugin. 
2026-03-17 14:00:29 [debug] : [7316b3b1-ff48-4974-acae-9209c5117158][vscode.json-language-features]: Started plugin. 
2026-03-17 14:00:29 [debug] : [7316b3b1-ff48-4974-acae-9209c5117158][llvm-vs-code-extensions.vscode-clangd]: Started plugin. 
2026-03-17 14:00:29 [debug] : [7316b3b1-ff48-4974-acae-9209c5117158][pkief.material-icon-theme]: Started plugin. 
2026-03-17 14:00:29 [debug] : [7316b3b1-ff48-4974-acae-9209c5117158][webfreak.debug]: Started plugin. 
2026-03-17 14:00:29 [debug] : [7316b3b1-ff48-4974-acae-9209c5117158][vscode.git]: Started plugin. 
2026-03-17 14:00:29 [debug] : [7316b3b1-ff48-4974-acae-9209c5117158][vscode.make]: Started plugin. 
2026-03-17 14:00:29 [debug] : [hosted-plugin: 3047587] PLUGIN_HOST(3047587): PluginManagerExtImpl/loadPlugin(/opt/Xilinx/Vitis/2024.1/ide/electron-app/lnx64/resources/app/plugins/vscode-material-icon-theme/extension/dist/extension) 
2026-03-17 14:00:29 [debug] : [hosted-plugin: 3047587] PLUGIN_HOST(3047587): PluginManagerExtImpl/loadPlugin(/opt/Xilinx/Vitis/2024.1/ide/electron-app/lnx64/resources/app/plugins/eclipse-cdt.serial-monitor/extension/dist/desktop/extension.js) 
2026-03-17 14:00:29 [debug] : [hosted-plugin: 3047587] PLUGIN_HOST(3047587): PluginManagerExtImpl/loadPlugin(/opt/Xilinx/Vitis/2024.1/ide/electron-app/lnx64/resources/app/plugins/eamodio-gitlens/extension/dist/gitlens) 
2026-03-17 14:00:30 [debug] : command 'gitlens.clearFileAnnotations' already registered 
2026-03-17 14:00:30 [debug] : command 'gitlens.computingFileAnnotations' already registered 
2026-03-17 14:00:30 [debug] : [7316b3b1-ff48-4974-acae-9209c5117158] Start of 17 plugins: 2066.1 ms [Finished 13.363 s after frontend start] 
2026-03-17 14:00:30 [debug] : [hosted-plugin: 3047587] PLUGIN_HOST(3047587): PluginManagerExtImpl/loadPlugin(/opt/Xilinx/Vitis/2024.1/ide/electron-app/lnx64/resources/app/plugins/vscode-builtin-github-authentication/extension/dist/extension.js) 
2026-03-17 14:00:30 [debug] : An authentication provider with id 'github' was registered. 
2026-03-17 14:00:30 [debug] : Theia configuration directory file:///afs/hep.wisc.edu/home/kmartine/.Xilinx/Vitis/2024.1/.vitisng' 
2026-03-17 14:00:30 [debug] : Theia configuration directory file:///afs/hep.wisc.edu/home/kmartine/.Xilinx/Vitis/2024.1/.vitisng' 
2026-03-17 14:00:31 [debug] : RIGEL SERVER 14:00:31 INFO  : Successfully created repository data at /scratch/kmartine/.wsdata 
2026-03-17 14:00:31 [debug] : RIGEL SERVER 14:00:31 INFO  : bash, -c, source /opt/Xilinx/Vitis/2024.1/tps/lnx64/lopper-1.1.0/env/bin/activate && python /opt/Xilinx/Vitis/2024.1/data/embeddedsw/scripts/pyesw//get_template_data.py -d /tmp/rigel_lopper_kmartine2370456209212366858 -r /scratch/kmartine/.wsdata/.repo.yaml && deactivate 
2026-03-17 14:00:32 [debug] : RIGEL SERVER 14:00:32 INFO  : Embedded Template List generated successfully 
2026-03-17 14:00:32 [debug] : [Application Examples Provider] Templates model update completed. 
2026-03-17 14:00:32 [debug] : [Application Examples Provider] common calling method completed. 
2026-03-17 14:00:32 [debug] : [Application Examples Provider] refresh completed. 
2026-03-17 14:00:54 [debug] : Executing method:[listParts] with connection:(object). {"0":"request:","1":{"wrappers_":null,"arrayIndexOffset_":-1,"array":[null,null,null,null,null,null,[]],"pivot_":1.7976931348623157e+308,"convertedPrimitiveFields_":{}}}
2026-03-17 14:16:02 [debug] : Executing method:[createComponentProject] with connection:(object). {"0":"request:","1":{"wrappers_":{"13":{"wrappers_":null,"arrayIndexOffset_":-1,"array":[["part=xcvu9p-flga2104-1-i","","[hls]","flow_target=vivado","package.output.format=ip_catalog","package.output.syn=false","syn.file=/scratch/kmartine/lex6-ex01.cpp","clock=25ns"]],"pivot_":1.7976931348623157e+308,"convertedPrimitiveFields_":{}}},"arrayIndexOffset_":-1,"array":["hls_lex6-ex01","/scratch/kmartine/hls_lex6-ex01",4,null,null,null,null,"linux","empty_hls_component",null,null,["hls_config.cfg"],[["part=xcvu9p-flga2104-1-i","","[hls]","flow_target=vivado","package.output.format=ip_catalog","package.output.syn=false","syn.file=/scratch/kmartine/lex6-ex01.cpp","clock=25ns"]],null,null],"pivot_":1.7976931348623157e+308,"convertedPrimitiveFields_":{}}}
2026-03-17 14:16:02 [debug] : Notification event posted from server - ON_DID_CREATE_COMPONENT. 
2026-03-17 14:16:02 [debug] : RIGEL SERVER 14:16:02 INFO  : created .gitignore file for the project /scratch/kmartine/hls_lex6-ex01 
2026-03-17 14:16:02 [debug] : Received event from notification service: ON_DID_CREATE_COMPONENT. 
2026-03-17 14:16:02 [debug] : [ProjectCache] fetching projects for project-cache 
2026-03-17 14:16:02 [debug] : [Component Provider] updating project /scratch/kmartine/hls_lex6-ex01 
2026-03-17 14:16:02 [debug] : [ProjectDecorator] tree decoration updated 
2026-03-17 14:16:02 [debug] : [ProjectCache] Project location updated to /scratch/kmartine/hls_lex6-ex01 
2026-03-17 14:16:02 [debug] : [ProjectDecorator] tree decoration updated 
2026-03-17 14:16:02 [debug] : [Component Provider] updating project /scratch/kmartine/hls_lex6-ex01 
2026-03-17 14:16:02 [debug] : [ProjectDecorator] tree decoration updated 
2026-03-17 14:16:02 [debug] : [ProjectCache] Project location updated to /scratch/kmartine/hls_lex6-ex01 
2026-03-17 14:16:02 [debug] : [Component Provider] project updated /scratch/kmartine/hls_lex6-ex01 
2026-03-17 14:16:02 [debug] : [Component Provider] project updated /scratch/kmartine/hls_lex6-ex01 
2026-03-17 14:16:03 [debug] : MonacoEditorModel.fireDidChangeContent - enter - {
  "changes": [
    {
      "range": {
        "startLineNumber": 1,
        "startColumn": 1,
        "endLineNumber": 1,
        "endColumn": 1
      },
      "rangeLength": 0,
      "text": "{\n    \"clangd.fallbackFlags\": [\n        \"-I/opt/Xilinx/Vitis_HLS/2024.1/include\",\n        \"-I/opt/Xilinx/Vitis_HLS/2024.1/include/etc\",\n        \"-I/opt/Xilinx/Vitis_HLS/2024.1/include/ap_sysc\",\n        \"-I/opt/Xilinx/Vitis_HLS/2024.1/lnx64/tools/auto_cc/include\",\n        \"-I/opt/Xilinx/Vitis_HLS/2024.1/lnx64/tools/systemc/include\"\n    ]\n}",
      "rangeOffset": 0,
      "forceMoveMarkers": false
    }
  ],
  "eol": "\n",
  "versionId": 2,
  "isUndoing": false,
  "isRedoing": false,
  "isFlush": false
} {"0":"file:///scratch/kmartine/.theia/settings.json"}
2026-03-17 14:16:03 [debug] : MonacoEditorModel.markAsDirty - enter {"0":"file:///scratch/kmartine/.theia/settings.json"}
2026-03-17 14:16:03 [debug] : MonacoEditorModel.cancelSync {"0":"file:///scratch/kmartine/.theia/settings.json"}
2026-03-17 14:16:03 [debug] : MonacoEditorModel.cancelSave {"0":"file:///scratch/kmartine/.theia/settings.json"}
2026-03-17 14:16:03 [debug] : MonacoEditorModel.markAsDirty - exit {"0":"file:///scratch/kmartine/.theia/settings.json"}
2026-03-17 14:16:03 [debug] : MonacoEditorModel.fireDidChangeContent - exit {"0":"file:///scratch/kmartine/.theia/settings.json"}
2026-03-17 14:16:03 [debug] : MonacoEditorModel.cancelSave {"0":"file:///scratch/kmartine/.theia/settings.json"}
2026-03-17 14:16:03 [debug] : MonacoEditorModel.cancelSave {"0":"file:///scratch/kmartine/.theia/settings.json"}
2026-03-17 14:16:03 [debug] : MonacoEditorModel.cancelSync {"0":"file:///scratch/kmartine/.theia/settings.json"}
2026-03-17 14:16:03 [debug] : MonacoEditorModel.doSync - enter {"0":"file:///scratch/kmartine/.theia/settings.json"}
2026-03-17 14:16:03 [debug] : MonacoEditorModel.cancelSync {"0":"file:///scratch/kmartine/.theia/settings.json"}
2026-03-17 14:16:03 [debug] : MonacoEditorModel.cancelSave {"0":"file:///scratch/kmartine/.theia/settings.json"}
2026-03-17 14:16:03 [debug] : MonacoEditorModel.doSync - exit - cancelled while looking for a resource {"0":"file:///scratch/kmartine/.theia/settings.json"}
2026-03-17 14:16:18 [debug] : [ProjectDecorator] tree decoration updated 
2026-03-17 14:16:18 [debug] : [ProjectCache] Project location updated to /scratch/kmartine/hls_lex6-ex01 
2026-03-17 14:16:24 [debug] : [ProjectDecorator] tree decoration updated 
2026-03-17 14:16:24 [debug] : [ProjectCache] Project location updated to /scratch/kmartine/hls_lex6-ex01 
2026-03-17 14:16:25 [debug] : [ProjectDecorator] tree decoration updated 
2026-03-17 14:16:25 [debug] : [ProjectCache] Project location updated to /scratch/kmartine/hls_lex6-ex01 
2026-03-17 14:16:26 [debug] : [ProjectDecorator] tree decoration updated 
2026-03-17 14:16:26 [debug] : [ProjectCache] Project location updated to /scratch/kmartine/hls_lex6-ex01 
2026-03-17 14:16:29 [debug] : [ProjectDecorator] tree decoration updated 
2026-03-17 14:16:29 [debug] : [ProjectCache] Project location updated to /scratch/kmartine/hls_lex6-ex01 
2026-03-17 14:16:40 [debug] : [Hls Flow Server] Executing method:runOperation with connection:(object). {"0":"request:","1":{"componentLocation":"/scratch/kmartine/hls_lex6-ex01","operationType":0}}
2026-03-17 14:16:40 [debug] : >>>>>fetching >>>getComponentIncludes>>>>>>> {"0":"/scratch/kmartine/hls_lex6-ex01"}
2026-03-17 14:16:40 [debug] : Event posted using notification server in backend. {"0":{"wrappers_":{},"arrayIndexOffset_":-1,"array":["e14132e3-69e9-4544-bf36-d2f2ff643753",null,24,null,null,null,null,"/scratch/kmartine/hls_lex6-ex01"],"pivot_":1.7976931348623157e+308,"convertedPrimitiveFields_":{}}}
2026-03-17 14:16:40 [debug] : Notification event posted from server - UPDATE_COMPILE_COMMAND. 
2026-03-17 14:16:40 [debug] : Received event from notification service: UPDATE_COMPILE_COMMAND. 
2026-03-17 14:16:40 [debug] : MonacoEditorModel.fireDidChangeContent - enter - {
  "changes": [
    {
      "range": {
        "startLineNumber": 2,
        "startColumn": 29,
        "endLineNumber": 8,
        "endColumn": 6
      },
      "rangeLength": 308,
      "text": "[\n        \"-I/opt/Xilinx/Vitis_HLS/2024.1/include\",\n        \"-I/opt/Xilinx/Vitis_HLS/2024.1/include/etc\",\n        \"-I/opt/Xilinx/Vitis_HLS/2024.1/include/ap_sysc\",\n        \"-I/opt/Xilinx/Vitis_HLS/2024.1/lnx64/tools/auto_cc/include\",\n        \"-I/opt/Xilinx/Vitis_HLS/2024.1/lnx64/tools/systemc/include\"\n    ]",
      "rangeOffset": 30,
      "forceMoveMarkers": false
    }
  ],
  "eol": "\n",
  "versionId": 3,
  "isUndoing": false,
  "isRedoing": false,
  "isFlush": false
} {"0":"file:///scratch/kmartine/.theia/settings.json"}
2026-03-17 14:16:40 [debug] : MonacoEditorModel.markAsDirty - enter {"0":"file:///scratch/kmartine/.theia/settings.json"}
2026-03-17 14:16:40 [debug] : MonacoEditorModel.cancelSync {"0":"file:///scratch/kmartine/.theia/settings.json"}
2026-03-17 14:16:40 [debug] : MonacoEditorModel.cancelSave {"0":"file:///scratch/kmartine/.theia/settings.json"}
2026-03-17 14:16:40 [debug] : MonacoEditorModel.markAsDirty - exit {"0":"file:///scratch/kmartine/.theia/settings.json"}
2026-03-17 14:16:40 [debug] : MonacoEditorModel.fireDidChangeContent - exit {"0":"file:///scratch/kmartine/.theia/settings.json"}
2026-03-17 14:16:40 [debug] : MonacoEditorModel.cancelSave {"0":"file:///scratch/kmartine/.theia/settings.json"}
2026-03-17 14:16:40 [debug] : MonacoEditorModel.cancelSave {"0":"file:///scratch/kmartine/.theia/settings.json"}
2026-03-17 14:16:40 [debug] : Notification event posted from server - ON_UPDATE_FLOWNAVIGATOR_STATUS. 
2026-03-17 14:16:40 [debug] : [Hls Flow Server] Executing method:cancelOperation with connection:(object). {"0":"request:","1":{"componentLocation":"/scratch/kmartine/hls_lex6-ex01","operationType":0}}
2026-03-17 14:16:40 [debug] : Received event from notification service: ON_UPDATE_FLOWNAVIGATOR_STATUS. 
2026-03-17 14:16:40 [debug] : MonacoEditorModel.cancelSync {"0":"file:///scratch/kmartine/.theia/settings.json"}
2026-03-17 14:16:40 [debug] : MonacoEditorModel.cancelSave {"0":"file:///scratch/kmartine/.theia/settings.json"}
2026-03-17 14:16:40 [debug] : >>>>>fetching >>>getComponentIncludes>>>>>>> {"0":"/scratch/kmartine/hls_lex6-ex01"}
2026-03-17 14:16:40 [debug] : Event posted using notification server in backend. {"0":{"wrappers_":{},"arrayIndexOffset_":-1,"array":["6130a713-96f8-4240-8f04-228069bf0261",null,24,null,null,null,null,"/scratch/kmartine/hls_lex6-ex01"],"pivot_":1.7976931348623157e+308,"convertedPrimitiveFields_":{}}}
2026-03-17 14:16:40 [debug] : Notification event posted from server - UPDATE_COMPILE_COMMAND. 
2026-03-17 14:16:40 [debug] : Received event from notification service: UPDATE_COMPILE_COMMAND. 
2026-03-17 14:16:40 [debug] : MonacoEditorModel.fireDidChangeContent - enter - {
  "changes": [
    {
      "range": {
        "startLineNumber": 2,
        "startColumn": 29,
        "endLineNumber": 8,
        "endColumn": 6
      },
      "rangeLength": 308,
      "text": "[\n        \"-I/opt/Xilinx/Vitis_HLS/2024.1/include\",\n        \"-I/opt/Xilinx/Vitis_HLS/2024.1/include/etc\",\n        \"-I/opt/Xilinx/Vitis_HLS/2024.1/include/ap_sysc\",\n        \"-I/opt/Xilinx/Vitis_HLS/2024.1/lnx64/tools/auto_cc/include\",\n        \"-I/opt/Xilinx/Vitis_HLS/2024.1/lnx64/tools/systemc/include\"\n    ]",
      "rangeOffset": 30,
      "forceMoveMarkers": false
    }
  ],
  "eol": "\n",
  "versionId": 4,
  "isUndoing": false,
  "isRedoing": false,
  "isFlush": false
} {"0":"file:///scratch/kmartine/.theia/settings.json"}
2026-03-17 14:16:40 [debug] : MonacoEditorModel.markAsDirty - enter {"0":"file:///scratch/kmartine/.theia/settings.json"}
2026-03-17 14:16:40 [debug] : MonacoEditorModel.cancelSync {"0":"file:///scratch/kmartine/.theia/settings.json"}
2026-03-17 14:16:40 [debug] : MonacoEditorModel.cancelSave {"0":"file:///scratch/kmartine/.theia/settings.json"}
2026-03-17 14:16:40 [debug] : MonacoEditorModel.markAsDirty - exit {"0":"file:///scratch/kmartine/.theia/settings.json"}
2026-03-17 14:16:40 [debug] : MonacoEditorModel.fireDidChangeContent - exit {"0":"file:///scratch/kmartine/.theia/settings.json"}
2026-03-17 14:16:40 [debug] : MonacoEditorModel.cancelSave {"0":"file:///scratch/kmartine/.theia/settings.json"}
2026-03-17 14:16:40 [debug] : MonacoEditorModel.cancelSave {"0":"file:///scratch/kmartine/.theia/settings.json"}
2026-03-17 14:16:40 [debug] : MonacoEditorModel.cancelSync {"0":"file:///scratch/kmartine/.theia/settings.json"}
2026-03-17 14:16:40 [debug] : MonacoEditorModel.cancelSave {"0":"file:///scratch/kmartine/.theia/settings.json"}
2026-03-17 14:16:42 [debug] : monospace assumptions have been violated, therefore disabling monospace optimizations! 
2026-03-17 14:17:08 [debug] : [ProjectDecorator] tree decoration updated 
2026-03-17 14:17:08 [debug] : [ProjectCache] Project location updated to /scratch/kmartine/hls_lex6-ex01 
2026-03-17 14:17:37 [debug] : onDidDeleteComponent {"0":"/scratch/kmartine/hls_lex6-ex01"}
2026-03-17 14:17:37 [debug] : >>>>>fetching >>>getComponentIncludes>>>>>>> {"0":"/scratch/kmartine/hls_lex6-ex01"}
2026-03-17 14:17:37 [debug] : Notification event posted from server - ON_DID_DELETE_COMPONENT. 
2026-03-17 14:17:37 [debug] : [ProjectCache] fetching projects for project-cache 
2026-03-17 14:17:37 [debug] : Received event from notification service: ON_DID_DELETE_COMPONENT. 
2026-03-17 14:17:37 [debug] : [ProjectDecorator] tree decoration updated 
2026-03-17 14:17:37 [debug] : [ProjectCache] Project location updated to undefined 
2026-03-17 14:17:37 [debug] : [ProjectDecorator] tree decoration updated 
2026-03-17 14:17:37 [debug] : [Component Provider] updating project /scratch/kmartine/hls_lex6-ex01 
2026-03-17 14:17:37 [debug] : Error: 3 INVALID_ARGUMENT: Invalid project location '/scratch/kmartine/hls_lex6-ex01'.
    at Object.callErrorFromStatus (/opt/Xilinx/Vitis/2024.1/ide/electron-app/lnx64/resources/app/node_modules/@grpc/grpc-js/build/src/call.js:31:26)
    at Object.onReceiveStatus (/opt/Xilinx/Vitis/2024.1/ide/electron-app/lnx64/resources/app/node_modules/@grpc/grpc-js/build/src/client.js:180:52)
    at Object.onReceiveStatus (/opt/Xilinx/Vitis/2024.1/ide/electron-app/lnx64/resources/app/node_modules/@grpc/grpc-js/build/src/client-interceptors.js:336:141)
    at Object.onReceiveStatus (/opt/Xilinx/Vitis/2024.1/ide/electron-app/lnx64/resources/app/node_modules/@grpc/grpc-js/build/src/client-interceptors.js:299:181)
    at /opt/Xilinx/Vitis/2024.1/ide/electron-app/lnx64/resources/app/node_modules/@grpc/grpc-js/build/src/call-stream.js:160:78
    at processTicksAndRejections (node:internal/process/task_queues:78:11) 
2026-03-17 14:17:37 [debug] : Request getComponent failed with error: 3 INVALID_ARGUMENT: Invalid project location '/scratch/kmartine/hls_lex6-ex01'. {"0":"Error: 3 INVALID_ARGUMENT: Invalid project location '/scratch/kmartine/hls_lex6-ex01'.\n    at Object.callErrorFromStatus (/opt/Xilinx/Vitis/2024.1/ide/electron-app/lnx64/resources/app/node_modules/@grpc/grpc-js/build/src/call.js:31:26)\n    at Object.onReceiveStatus (/opt/Xilinx/Vitis/2024.1/ide/electron-app/lnx64/resources/app/node_modules/@grpc/grpc-js/build/src/client.js:180:52)\n    at Object.onReceiveStatus (/opt/Xilinx/Vitis/2024.1/ide/electron-app/lnx64/resources/app/node_modules/@grpc/grpc-js/build/src/client-interceptors.js:336:141)\n    at Object.onReceiveStatus (/opt/Xilinx/Vitis/2024.1/ide/electron-app/lnx64/resources/app/node_modules/@grpc/grpc-js/build/src/client-interceptors.js:299:181)\n    at /opt/Xilinx/Vitis/2024.1/ide/electron-app/lnx64/resources/app/node_modules/@grpc/grpc-js/build/src/call-stream.js:160:78\n    at processTicksAndRejections (node:internal/process/task_queues:78:11)"}
2026-03-17 14:17:37 [debug] : MonacoEditorModel.fireDidChangeContent - enter - {
  "changes": [
    {
      "range": {
        "startLineNumber": 2,
        "startColumn": 29,
        "endLineNumber": 8,
        "endColumn": 6
      },
      "rangeLength": 308,
      "text": "[\n        \"-I/opt/Xilinx/Vitis_HLS/2024.1/include\",\n        \"-I/opt/Xilinx/Vitis_HLS/2024.1/include/etc\",\n        \"-I/opt/Xilinx/Vitis_HLS/2024.1/include/ap_sysc\",\n        \"-I/opt/Xilinx/Vitis_HLS/2024.1/lnx64/tools/auto_cc/include\",\n        \"-I/opt/Xilinx/Vitis_HLS/2024.1/lnx64/tools/systemc/include\"\n    ]",
      "rangeOffset": 30,
      "forceMoveMarkers": false
    }
  ],
  "eol": "\n",
  "versionId": 5,
  "isUndoing": false,
  "isRedoing": false,
  "isFlush": false
} {"0":"file:///scratch/kmartine/.theia/settings.json"}
2026-03-17 14:17:37 [debug] : MonacoEditorModel.markAsDirty - enter {"0":"file:///scratch/kmartine/.theia/settings.json"}
2026-03-17 14:17:37 [debug] : MonacoEditorModel.cancelSync {"0":"file:///scratch/kmartine/.theia/settings.json"}
2026-03-17 14:17:37 [debug] : MonacoEditorModel.cancelSave {"0":"file:///scratch/kmartine/.theia/settings.json"}
2026-03-17 14:17:37 [debug] : MonacoEditorModel.markAsDirty - exit {"0":"file:///scratch/kmartine/.theia/settings.json"}
2026-03-17 14:17:37 [debug] : MonacoEditorModel.fireDidChangeContent - exit {"0":"file:///scratch/kmartine/.theia/settings.json"}
2026-03-17 14:17:37 [debug] : MonacoEditorModel.cancelSave {"0":"file:///scratch/kmartine/.theia/settings.json"}
2026-03-17 14:17:37 [debug] : MonacoEditorModel.cancelSave {"0":"file:///scratch/kmartine/.theia/settings.json"}
2026-03-17 14:17:37 [debug] : Error: 3 INVALID_ARGUMENT: Invalid project location '/scratch/kmartine/hls_lex6-ex01'.
    at y.<computed> (file:///opt/Xilinx/Vitis/2024.1/ide/electron-app/lnx64/resources/app/lib/bundle.js:2:21965921)
    at A (file:///opt/Xilinx/Vitis/2024.1/ide/electron-app/lnx64/resources/app/lib/bundle.js:2:21960876)
    at Array.i [as read] (file:///opt/Xilinx/Vitis/2024.1/ide/electron-app/lnx64/resources/app/lib/bundle.js:2:21961921)
    at q (file:///opt/Xilinx/Vitis/2024.1/ide/electron-app/lnx64/resources/app/lib/bundle.js:2:21965831)
    at A (file:///opt/Xilinx/Vitis/2024.1/ide/electron-app/lnx64/resources/app/lib/bundle.js:2:21960793)
    at E (file:///opt/Xilinx/Vitis/2024.1/ide/electron-app/lnx64/resources/app/lib/bundle.js:2:21958683)
    at Se.unpack (file:///opt/Xilinx/Vitis/2024.1/ide/electron-app/lnx64/resources/app/lib/bundle.js:2:21957953)
    at Se.decode (file:///opt/Xilinx/Vitis/2024.1/ide/electron-app/lnx64/resources/app/lib/bundle.js:2:21958579)
    at t.MsgPackMessageDecoder.decode (file:///opt/Xilinx/Vitis/2024.1/ide/electron-app/lnx64/resources/app/lib/bundle.js:2:2596022)
    at t.MsgPackMessageDecoder.parse (file:///opt/Xilinx/Vitis/2024.1/ide/electron-app/lnx64/resources/app/lib/bundle.js:2:2596053) 
2026-03-17 14:17:37 [debug] : [Component Provider] project updated /scratch/kmartine/hls_lex6-ex01 
2026-03-17 14:17:37 [debug] : MonacoEditorModel.cancelSync {"0":"file:///scratch/kmartine/.theia/settings.json"}
2026-03-17 14:17:37 [debug] : MonacoEditorModel.cancelSave {"0":"file:///scratch/kmartine/.theia/settings.json"}
2026-03-17 14:17:42 [debug] : Executing method:[listParts] with connection:(object). {"0":"request:","1":{"wrappers_":null,"arrayIndexOffset_":-1,"array":[null,null,null,null,null,null,[]],"pivot_":1.7976931348623157e+308,"convertedPrimitiveFields_":{}}}
2026-03-17 14:18:27 [debug] : Notification event posted from server - UPDATE_COMPILE_COMMAND. 
2026-03-17 14:18:27 [debug] : Received event from notification service: UPDATE_COMPILE_COMMAND. 
2026-03-17 14:19:36 [debug] : Executing method:[createComponentProject] with connection:(object). {"0":"request:","1":{"wrappers_":{"13":{"wrappers_":null,"arrayIndexOffset_":-1,"array":[["part=xcvu9p-flga2104-1-i","","[hls]","flow_target=vivado","package.output.format=ip_catalog","package.output.syn=false","syn.file=/scratch/kmartine/lex6-ex01.cpp","tb.file=/scratch/kmartine/lex6-ex01.cpp","clock=25ns"]],"pivot_":1.7976931348623157e+308,"convertedPrimitiveFields_":{}}},"arrayIndexOffset_":-1,"array":["hls_lex6-ex01","/scratch/kmartine/hls_lex6-ex01",4,null,null,null,null,"linux","empty_hls_component",null,null,["hls_config.cfg"],[["part=xcvu9p-flga2104-1-i","","[hls]","flow_target=vivado","package.output.format=ip_catalog","package.output.syn=false","syn.file=/scratch/kmartine/lex6-ex01.cpp","tb.file=/scratch/kmartine/lex6-ex01.cpp","clock=25ns"]],null,null],"pivot_":1.7976931348623157e+308,"convertedPrimitiveFields_":{}}}
2026-03-17 14:19:36 [debug] : Notification event posted from server - ON_DID_CREATE_COMPONENT. 
2026-03-17 14:19:36 [debug] : RIGEL SERVER 14:19:36 INFO  : created .gitignore file for the project /scratch/kmartine/hls_lex6-ex01 
2026-03-17 14:19:36 [debug] : Received event from notification service: ON_DID_CREATE_COMPONENT. 
2026-03-17 14:19:36 [debug] : [ProjectCache] fetching projects for project-cache 
2026-03-17 14:19:36 [debug] : [Component Provider] updating project /scratch/kmartine/hls_lex6-ex01 
2026-03-17 14:19:36 [debug] : [ProjectDecorator] tree decoration updated 
2026-03-17 14:19:36 [debug] : [ProjectCache] Project location updated to /scratch/kmartine/hls_lex6-ex01 
2026-03-17 14:19:36 [debug] : [ProjectDecorator] tree decoration updated 
2026-03-17 14:19:36 [debug] : [Component Provider] updating project /scratch/kmartine/hls_lex6-ex01 
2026-03-17 14:19:36 [debug] : [Component Provider] updating project /scratch/kmartine/hls_lex6-ex01 
2026-03-17 14:19:36 [debug] : [ProjectDecorator] tree decoration updated 
2026-03-17 14:19:36 [debug] : [ProjectCache] Project location updated to /scratch/kmartine/hls_lex6-ex01 
2026-03-17 14:19:36 [debug] : [Component Provider] project updated /scratch/kmartine/hls_lex6-ex01 
2026-03-17 14:19:36 [debug] : [Component Provider] project updated /scratch/kmartine/hls_lex6-ex01 
2026-03-17 14:19:36 [debug] : [Component Provider] project updated /scratch/kmartine/hls_lex6-ex01 
2026-03-17 14:19:36 [debug] : MonacoEditorModel.fireDidChangeContent - enter - {
  "changes": [
    {
      "range": {
        "startLineNumber": 2,
        "startColumn": 29,
        "endLineNumber": 8,
        "endColumn": 6
      },
      "rangeLength": 308,
      "text": "[\n        \"-I/opt/Xilinx/Vitis_HLS/2024.1/include\",\n        \"-I/opt/Xilinx/Vitis_HLS/2024.1/include/etc\",\n        \"-I/opt/Xilinx/Vitis_HLS/2024.1/include/ap_sysc\",\n        \"-I/opt/Xilinx/Vitis_HLS/2024.1/lnx64/tools/auto_cc/include\",\n        \"-I/opt/Xilinx/Vitis_HLS/2024.1/lnx64/tools/systemc/include\"\n    ]",
      "rangeOffset": 30,
      "forceMoveMarkers": false
    }
  ],
  "eol": "\n",
  "versionId": 6,
  "isUndoing": false,
  "isRedoing": false,
  "isFlush": false
} {"0":"file:///scratch/kmartine/.theia/settings.json"}
2026-03-17 14:19:36 [debug] : MonacoEditorModel.markAsDirty - enter {"0":"file:///scratch/kmartine/.theia/settings.json"}
2026-03-17 14:19:36 [debug] : MonacoEditorModel.cancelSync {"0":"file:///scratch/kmartine/.theia/settings.json"}
2026-03-17 14:19:36 [debug] : MonacoEditorModel.cancelSave {"0":"file:///scratch/kmartine/.theia/settings.json"}
2026-03-17 14:19:36 [debug] : MonacoEditorModel.markAsDirty - exit {"0":"file:///scratch/kmartine/.theia/settings.json"}
2026-03-17 14:19:36 [debug] : MonacoEditorModel.fireDidChangeContent - exit {"0":"file:///scratch/kmartine/.theia/settings.json"}
2026-03-17 14:19:36 [debug] : MonacoEditorModel.cancelSave {"0":"file:///scratch/kmartine/.theia/settings.json"}
2026-03-17 14:19:36 [debug] : MonacoEditorModel.cancelSave {"0":"file:///scratch/kmartine/.theia/settings.json"}
2026-03-17 14:19:36 [debug] : MonacoEditorModel.cancelSync {"0":"file:///scratch/kmartine/.theia/settings.json"}
2026-03-17 14:19:36 [debug] : MonacoEditorModel.cancelSave {"0":"file:///scratch/kmartine/.theia/settings.json"}
2026-03-17 14:19:42 [debug] : >>>>>fetching >>>getComponentIncludes>>>>>>> {"0":"/scratch/kmartine/hls_lex6-ex01"}
2026-03-17 14:19:42 [debug] : Event posted using notification server in backend. {"0":{"wrappers_":{},"arrayIndexOffset_":-1,"array":["5d6f29b5-e552-40c6-a559-bf95b64e5d5f",null,24,null,null,null,null,"/scratch/kmartine/hls_lex6-ex01"],"pivot_":1.7976931348623157e+308,"convertedPrimitiveFields_":{}}}
2026-03-17 14:19:42 [debug] : Notification event posted from server - UPDATE_COMPILE_COMMAND. 
2026-03-17 14:19:42 [debug] : Received event from notification service: UPDATE_COMPILE_COMMAND. 
2026-03-17 14:19:42 [debug] : MonacoEditorModel.fireDidChangeContent - enter - {
  "changes": [
    {
      "range": {
        "startLineNumber": 2,
        "startColumn": 29,
        "endLineNumber": 8,
        "endColumn": 6
      },
      "rangeLength": 308,
      "text": "[\n        \"-I/opt/Xilinx/Vitis_HLS/2024.1/include\",\n        \"-I/opt/Xilinx/Vitis_HLS/2024.1/include/etc\",\n        \"-I/opt/Xilinx/Vitis_HLS/2024.1/include/ap_sysc\",\n        \"-I/opt/Xilinx/Vitis_HLS/2024.1/lnx64/tools/auto_cc/include\",\n        \"-I/opt/Xilinx/Vitis_HLS/2024.1/lnx64/tools/systemc/include\"\n    ]",
      "rangeOffset": 30,
      "forceMoveMarkers": false
    }
  ],
  "eol": "\n",
  "versionId": 7,
  "isUndoing": false,
  "isRedoing": false,
  "isFlush": false
} {"0":"file:///scratch/kmartine/.theia/settings.json"}
2026-03-17 14:19:42 [debug] : MonacoEditorModel.markAsDirty - enter {"0":"file:///scratch/kmartine/.theia/settings.json"}
2026-03-17 14:19:42 [debug] : MonacoEditorModel.cancelSync {"0":"file:///scratch/kmartine/.theia/settings.json"}
2026-03-17 14:19:42 [debug] : MonacoEditorModel.cancelSave {"0":"file:///scratch/kmartine/.theia/settings.json"}
2026-03-17 14:19:42 [debug] : MonacoEditorModel.markAsDirty - exit {"0":"file:///scratch/kmartine/.theia/settings.json"}
2026-03-17 14:19:42 [debug] : MonacoEditorModel.fireDidChangeContent - exit {"0":"file:///scratch/kmartine/.theia/settings.json"}
2026-03-17 14:19:42 [debug] : MonacoEditorModel.cancelSave {"0":"file:///scratch/kmartine/.theia/settings.json"}
2026-03-17 14:19:42 [debug] : MonacoEditorModel.cancelSave {"0":"file:///scratch/kmartine/.theia/settings.json"}
2026-03-17 14:19:42 [debug] : [Hls Flow Server] Executing method:runOperation with connection:(object). {"0":"request:","1":{"componentLocation":"/scratch/kmartine/hls_lex6-ex01","operationType":0}}
2026-03-17 14:19:42 [debug] : Notification event posted from server - ON_DID_LAUNCH_START. 
2026-03-17 14:19:42 [debug] : Received event from notification service: ON_DID_LAUNCH_START. 
2026-03-17 14:19:42 [debug] : >>>>>fetching >>>getComponentIncludes>>>>>>> {"0":"/scratch/kmartine/hls_lex6-ex01"}
2026-03-17 14:19:42 [debug] : Event posted using notification server in backend. {"0":{"wrappers_":{},"arrayIndexOffset_":-1,"array":["a3e445f3-7e20-4591-8c43-6b23dad32db2",null,24,null,null,null,null,"/scratch/kmartine/hls_lex6-ex01"],"pivot_":1.7976931348623157e+308,"convertedPrimitiveFields_":{}}}
2026-03-17 14:19:42 [debug] : Notification event posted from server - UPDATE_COMPILE_COMMAND. 
2026-03-17 14:19:42 [debug] : Received event from notification service: UPDATE_COMPILE_COMMAND. 
2026-03-17 14:19:42 [debug] : MonacoEditorModel.cancelSync {"0":"file:///scratch/kmartine/.theia/settings.json"}
2026-03-17 14:19:42 [debug] : MonacoEditorModel.cancelSave {"0":"file:///scratch/kmartine/.theia/settings.json"}
2026-03-17 14:19:42 [debug] : MonacoEditorModel.fireDidChangeContent - enter - {
  "changes": [
    {
      "range": {
        "startLineNumber": 2,
        "startColumn": 29,
        "endLineNumber": 8,
        "endColumn": 6
      },
      "rangeLength": 308,
      "text": "[\n        \"-I/opt/Xilinx/Vitis_HLS/2024.1/include\",\n        \"-I/opt/Xilinx/Vitis_HLS/2024.1/include/etc\",\n        \"-I/opt/Xilinx/Vitis_HLS/2024.1/include/ap_sysc\",\n        \"-I/opt/Xilinx/Vitis_HLS/2024.1/lnx64/tools/auto_cc/include\",\n        \"-I/opt/Xilinx/Vitis_HLS/2024.1/lnx64/tools/systemc/include\"\n    ]",
      "rangeOffset": 30,
      "forceMoveMarkers": false
    }
  ],
  "eol": "\n",
  "versionId": 8,
  "isUndoing": false,
  "isRedoing": false,
  "isFlush": false
} {"0":"file:///scratch/kmartine/.theia/settings.json"}
2026-03-17 14:19:42 [debug] : MonacoEditorModel.markAsDirty - enter {"0":"file:///scratch/kmartine/.theia/settings.json"}
2026-03-17 14:19:42 [debug] : MonacoEditorModel.cancelSync {"0":"file:///scratch/kmartine/.theia/settings.json"}
2026-03-17 14:19:42 [debug] : MonacoEditorModel.cancelSave {"0":"file:///scratch/kmartine/.theia/settings.json"}
2026-03-17 14:19:42 [debug] : MonacoEditorModel.markAsDirty - exit {"0":"file:///scratch/kmartine/.theia/settings.json"}
2026-03-17 14:19:42 [debug] : MonacoEditorModel.fireDidChangeContent - exit {"0":"file:///scratch/kmartine/.theia/settings.json"}
2026-03-17 14:19:42 [debug] : MonacoEditorModel.cancelSave {"0":"file:///scratch/kmartine/.theia/settings.json"}
2026-03-17 14:19:42 [debug] : MonacoEditorModel.cancelSave {"0":"file:///scratch/kmartine/.theia/settings.json"}
2026-03-17 14:19:42 [debug] : MonacoEditorModel.cancelSync {"0":"file:///scratch/kmartine/.theia/settings.json"}
2026-03-17 14:19:42 [debug] : MonacoEditorModel.cancelSync {"0":"file:///scratch/kmartine/.theia/settings.json"}
2026-03-17 14:19:42 [debug] : MonacoEditorModel.doSync - enter {"0":"file:///scratch/kmartine/.theia/settings.json"}
2026-03-17 14:19:42 [debug] : MonacoEditorModel.doSync - exit - cancelled {"0":"file:///scratch/kmartine/.theia/settings.json"}
2026-03-17 14:19:42 [debug] : MonacoEditorModel.cancelSync {"0":"file:///scratch/kmartine/.theia/settings.json"}
2026-03-17 14:19:42 [debug] : MonacoEditorModel.cancelSave {"0":"file:///scratch/kmartine/.theia/settings.json"}
2026-03-17 14:19:42 [debug] : MonacoEditorModel.doSync - enter {"0":"file:///scratch/kmartine/.theia/settings.json"}
2026-03-17 14:19:42 [debug] : MonacoEditorModel.doSync - exit - cancelled {"0":"file:///scratch/kmartine/.theia/settings.json"}
2026-03-17 14:20:03 [debug] : [Hls Flow Server] Executing method:cancelOperation with connection:(object). {"0":"request:","1":{"componentLocation":"/scratch/kmartine/hls_lex6-ex01","operationType":0}}
2026-03-17 14:20:03 [debug] : Notification event posted from server - ON_DID_LAUNCH_STOP. 
2026-03-17 14:20:03 [debug] : Received event from notification service: ON_DID_LAUNCH_STOP. 
2026-03-17 14:20:05 [debug] : Notification event posted from server - ON_DID_UPDATE_SUMMARY. 
2026-03-17 14:20:05 [debug] : Received event from notification service: ON_DID_UPDATE_SUMMARY. 
2026-03-17 14:20:05 [debug] : Event posted using notification server in backend. {"0":{"wrappers_":{},"arrayIndexOffset_":-1,"array":["df0b2b91-5c14-4474-b417-be679a0e313d",null,53,null,null,null,null,"list-reports"],"pivot_":1.7976931348623157e+308,"convertedPrimitiveFields_":{}}}
2026-03-17 14:20:05 [debug] : Notification event posted from server - ON_START_ANALYSIS_PROGRESS. 
2026-03-17 14:20:05 [debug] : Received event from notification service: ON_START_ANALYSIS_PROGRESS. 
2026-03-17 14:20:05 [debug] : Notification event posted from server - ON_DID_UPDATE_SUMMARY. 
2026-03-17 14:20:05 [debug] : Received event from notification service: ON_DID_UPDATE_SUMMARY. 
2026-03-17 14:20:05 [debug] : Event posted using notification server in backend. {"0":{"wrappers_":{},"arrayIndexOffset_":-1,"array":["e40030ef-945d-4752-8fe3-bc417d08d075",null,53,null,null,null,null,"list-reports"],"pivot_":1.7976931348623157e+308,"convertedPrimitiveFields_":{}}}
2026-03-17 14:20:05 [debug] : Event posted using notification server in backend. {"0":{"wrappers_":{},"arrayIndexOffset_":-1,"array":["e3c23ff0-3eca-4f78-bb47-aad1cbefe33a",null,54,null,null,null,null,"list-reports"],"pivot_":1.7976931348623157e+308,"convertedPrimitiveFields_":{}}}
2026-03-17 14:20:05 [debug] : Notification event posted from server - ON_START_ANALYSIS_PROGRESS. 
2026-03-17 14:20:05 [debug] : Notification event posted from server - ON_STOP_ANALYSIS_PROGRESS. 
2026-03-17 14:20:05 [debug] : Received event from notification service: ON_START_ANALYSIS_PROGRESS. 
2026-03-17 14:20:05 [debug] : Received event from notification service: ON_STOP_ANALYSIS_PROGRESS. 
2026-03-17 14:20:05 [debug] : Event posted using notification server in backend. {"0":{"wrappers_":{},"arrayIndexOffset_":-1,"array":["f9837b2f-12de-4180-99e1-42464cc62290",null,54,null,null,null,null,"list-reports"],"pivot_":1.7976931348623157e+308,"convertedPrimitiveFields_":{}}}
2026-03-17 14:20:05 [debug] : Notification event posted from server - ON_STOP_ANALYSIS_PROGRESS. 
2026-03-17 14:20:05 [debug] : Received event from notification service: ON_STOP_ANALYSIS_PROGRESS. 
2026-03-17 14:21:38 [debug] : Shutting down because of Close request. 
2026-03-17 14:21:38 [debug] : Closing channel on service path '/services/commands'. 
2026-03-17 14:21:38 [debug] : Closing channel on service path '/services/keyboard'. 
2026-03-17 14:21:38 [debug] : Closing channel on service path '/services/logger'. 
2026-03-17 14:21:38 [debug] : Closing channel on service path '/services/messageService'. 
2026-03-17 14:21:38 [debug] : Closing channel on service path '/services/startup-workspace'. 
2026-03-17 14:21:38 [debug] : Closing channel on service path '/services/remote-filesystem'. 
2026-03-17 14:21:38 [debug] : Closing channel on service path '/services/envs'. 
2026-03-17 14:21:38 [debug] : Closing channel on service path '/services/workspace'. 
2026-03-17 14:21:38 [debug] : Closing channel on service path '/services/stopwatch'. 
2026-03-17 14:21:38 [debug] : Closing channel on service path '/services/application'. 
2026-03-17 14:21:38 [debug] : Closing channel on service path '/services/i18n'. 
2026-03-17 14:21:38 [debug] : Closing channel on service path '/services/hostedPlugin'. 
2026-03-17 14:21:38 [debug] : Closing channel on service path '/services/project'. 
2026-03-17 14:21:38 [debug] : Closing channel on service path '/services/rigel-workspace'. 
2026-03-17 14:21:38 [debug] : Closing channel on service path '/services/component'. 
2026-03-17 14:21:38 [debug] : Closing channel on service path '/services/debugger'. 
2026-03-17 14:21:38 [debug] : Closing channel on service path '/services/debug'. 
2026-03-17 14:21:38 [debug] : Closing channel on service path '/services/shell-terminal'. 
2026-03-17 14:21:38 [debug] : Closing channel on service path '/services/task'. 
2026-03-17 14:21:38 [debug] : a client has disconnected - removed from list: 
2026-03-17 14:21:38 [debug] : Closing channel on service path '/services/quickPick'. 
2026-03-17 14:21:38 [debug] : Closing channel on service path '/services/plugin-ext'. 
2026-03-17 14:21:38 [debug] : Closing channel on service path '/services/plugin-paths'. 
2026-03-17 14:21:38 [debug] : Closing channel on service path '/services/search'. 
2026-03-17 14:21:38 [debug] : Closing channel on service path '/services/vsx-environment'. 
2026-03-17 14:21:38 [debug] : Closing channel on service path '/services/request-service'. 
2026-03-17 14:21:38 [debug] : Closing channel on service path '/services/server'. 
2026-03-17 14:21:38 [debug] : Closing channel on service path '/services/feature-registry'. 
2026-03-17 14:21:38 [debug] : Closing channel on service path '/services/repository'. 
2026-03-17 14:21:38 [debug] : [Repository Server] Disposing objects in backend. 
2026-03-17 14:21:38 [debug] : Closing channel on service path '/services/rigel-utils'. 
2026-03-17 14:21:38 [debug] : [Rigel Utils Server] Disposing objects in backend. 
2026-03-17 14:21:38 [debug] : Closing channel on service path '/services/program_flash'. 
2026-03-17 14:21:38 [debug] : [Program Flash Server] Disposing objects in backend. 
2026-03-17 14:21:38 [debug] : Closing channel on service path '/services/build'. 
2026-03-17 14:21:38 [debug] : [Build Server] Disposing objects in backend. 
2026-03-17 14:21:38 [debug] : Closing channel on service path 'services/rigel-backend-helper'. 
2026-03-17 14:21:38 [debug] : Closing channel on service path '/services/aie'. 
2026-03-17 14:21:38 [debug] : [AIE Server] Disposing objects in backend. 
2026-03-17 14:21:38 [debug] : Closing channel on service path '/services/analysis'. 
2026-03-17 14:21:38 [debug] : Closing channel on service path '/services/notification'. 
2026-03-17 14:21:38 [debug] : Closing channel on service path '/services/recent-summaries'. 
2026-03-17 14:21:38 [debug] : Closing channel on service path '/services/platform'. 
2026-03-17 14:21:38 [debug] : Closing channel on service path '/services/hls/l1library/service'. 
2026-03-17 14:21:38 [debug] : Closing channel on service path '/services/elf-reader'. 
2026-03-17 14:21:38 [debug] : [Elf Reader Server] Disposing objects in backend. 
2026-03-17 14:21:38 [debug] : Closing channel on service path '/services/rigel_explorer'. 
2026-03-17 14:21:38 [debug] : Closing channel on service path '/services/linker-script'. 
2026-03-17 14:21:38 [debug] : Closing channel on service path '/services/rigel-logger'. 
2026-03-17 14:21:38 [debug] : [Logger Server] Disposing objects in backend. 
2026-03-17 14:21:38 [debug] : Closing channel on service path '/services/vitis-hls'. 
2026-03-17 14:21:38 [debug] : Closing channel on service path '/services/device'. 
2026-03-17 14:21:38 [debug] : Closing channel on service path '/services/vcxx'. 
2026-03-17 14:21:38 [debug] : [Rigel Vcxx Server] Disposing objects in backend. 
2026-03-17 14:21:38 [debug] : Closing channel on service path '/services/hls/common/file/service'. 
2026-03-17 14:21:38 [debug] : Closing channel on service path '/services/flow_navigator'. 
2026-03-17 14:21:38 [debug] : Closing channel on service path '/services/hls/common/data/info'. 
2026-03-17 14:21:38 [debug] : Closing channel on service path '/services/hls/dataflow/info'. 
2026-03-17 14:21:38 [debug] : Closing channel on service path '/services/hls/directive'. 
2026-03-17 14:21:38 [debug] : Closing channel on service path '/services/hls_flow'. 
2026-03-17 14:21:38 [debug] : [Hls Flow Server] Disposing objects in backend. 
2026-03-17 14:21:38 [debug] : Closing channel on service path '/services/mini-browser-service'. 
2026-03-17 14:21:38 [debug] : Closing channel on service path '/services/project-utils'. 
2026-03-17 14:21:38 [debug] : Closing channel on service path '/services/bootgen'. 
2026-03-17 14:21:38 [debug] : Closing channel on service path '/services/hls/report'. 
2026-03-17 14:21:38 [debug] : Closing channel on service path '/services/hls/wave/open'. 
2026-03-17 14:21:38 [debug] : Closing channel on service path '/services/search-in-workspace'. 
2026-03-17 14:21:38 [debug] : Closing channel on service path '/services/report-model'. 
2026-03-17 14:21:38 [debug] : Closing channel on service path '/services/keytar'. 
