

================================================================
== Vivado HLS Report for 'hw5_ex1'
================================================================
* Date:           Wed Apr 22 15:28:29 2026

* Version:        2020.1 (Build 2897737 on Wed May 27 20:21:37 MDT 2020)
* Project:        proj_hw5_ex1
* Solution:       solution1
* Product family: virtexuplus
* Target device:  xcvu9p-flga2104-1-i


================================================================
== Performance Estimates
================================================================
+ Timing: 
    * Summary: 
    +--------+----------+----------+------------+
    |  Clock |  Target  | Estimated| Uncertainty|
    +--------+----------+----------+------------+
    |ap_clk  | 25.00 ns | 8.995 ns |   3.12 ns  |
    +--------+----------+----------+------------+

+ Latency: 
    * Summary: 
    +---------+---------+----------+----------+------+------+---------+
    |  Latency (cycles) |  Latency (absolute) |   Interval  | Pipeline|
    |   min   |   max   |    min   |    max   |  min |  max |   Type  |
    +---------+---------+----------+----------+------+------+---------+
    |     5341|     5341| 0.134 ms | 0.134 ms |  5341|  5341|   none  |
    +---------+---------+----------+----------+------+------+---------+

    + Detail: 
        * Instance: 
        N/A

        * Loop: 
        +-------------+---------+---------+----------+-----------+-----------+------+----------+
        |             |  Latency (cycles) | Iteration|  Initiation Interval  | Trip |          |
        |  Loop Name  |   min   |   max   |  Latency |  achieved |   target  | Count| Pipelined|
        +-------------+---------+---------+----------+-----------+-----------+------+----------+
        |- Loop 1     |     5340|     5340|       178|          -|          -|    30|    no    |
        | + Loop 1.1  |       30|       30|         1|          -|          -|    30|    no    |
        | + Loop 1.2  |       84|       84|         3|          -|          -|    28|    no    |
        | + Loop 1.3  |       60|       60|         2|          -|          -|    30|    no    |
        +-------------+---------+---------+----------+-----------+-----------+------+----------+



================================================================
== Utilization Estimates
================================================================
* Summary: 
+---------------------+---------+-------+---------+---------+-----+
|         Name        | BRAM_18K| DSP48E|    FF   |   LUT   | URAM|
+---------------------+---------+-------+---------+---------+-----+
|DSP                  |        -|      -|        -|        -|    -|
|Expression           |        -|      4|        0|    19236|    -|
|FIFO                 |        -|      -|        -|        -|    -|
|Instance             |        -|      -|        -|        -|    -|
|Memory               |        0|      -|      128|       30|    0|
|Multiplexer          |        -|      -|        -|      155|    -|
|Register             |        -|      -|     1040|        -|    -|
+---------------------+---------+-------+---------+---------+-----+
|Total                |        0|      4|     1168|    19421|    0|
+---------------------+---------+-------+---------+---------+-----+
|Available SLR        |     1440|   2280|   788160|   394080|  320|
+---------------------+---------+-------+---------+---------+-----+
|Utilization SLR (%)  |        0|   ~0  |    ~0   |        4|    0|
+---------------------+---------+-------+---------+---------+-----+
|Available            |     4320|   6840|  2364480|  1182240|  960|
+---------------------+---------+-------+---------+---------+-----+
|Utilization (%)      |        0|   ~0  |    ~0   |        1|    0|
+---------------------+---------+-------+---------+---------+-----+

+ Detail: 
    * Instance: 
    N/A

    * DSP48E: 
    N/A

    * Memory: 
    +---------+---------------+---------+----+----+-----+------+-----+------+-------------+
    |  Memory |     Module    | BRAM_18K| FF | LUT| URAM| Words| Bits| Banks| W*Bits*Banks|
    +---------+---------------+---------+----+----+-----+------+-----+------+-------------+
    |temp1_U  |hw5_ex1_temp1  |        0|  64|  15|    0|    30|   32|     1|          960|
    |temp2_U  |hw5_ex1_temp2  |        0|  64|  15|    0|    30|   32|     1|          960|
    +---------+---------------+---------+----+----+-----+------+-----+------+-------------+
    |Total    |               |        0| 128|  30|    0|    60|   64|     2|         1920|
    +---------+---------------+---------+----+----+-----+------+-----+------+-------------+

    * FIFO: 
    N/A

    * Expression: 
    +-------------------------+----------+-------+---+------+------------+------------+
    |      Variable Name      | Operation| DSP48E| FF|  LUT | Bitwidth P0| Bitwidth P1|
    +-------------------------+----------+-------+---+------+------------+------------+
    |mul_ln12_fu_413_p2       |     *    |      4|  0|    21|          32|          33|
    |add_ln12_2_fu_398_p2     |     +    |      0|  0|    32|          32|          32|
    |add_ln12_3_fu_404_p2     |     +    |      0|  0|    32|          32|          32|
    |add_ln12_fu_371_p2       |     +    |      0|  0|    15|           5|           2|
    |i_1_fu_387_p2            |     +    |      0|  0|    15|           5|           1|
    |i_2_fu_235_p2            |     +    |      0|  0|    15|           5|           1|
    |i_3_fu_490_p2            |     +    |      0|  0|    15|           5|           1|
    |i_fu_247_p2              |     +    |      0|  0|    15|           5|           1|
    |sub_ln12_1_fu_469_p2     |     -    |      0|  0|    39|           1|          32|
    |sub_ln12_fu_419_p2       |     -    |      0|  0|    72|           1|          65|
    |sub_ln18_1_fu_555_p2     |     -    |      0|  0|    17|           8|          10|
    |sub_ln18_fu_525_p2       |     -    |      0|  0|    17|           8|          10|
    |sub_ln6_1_fu_293_p2      |     -    |      0|  0|    17|           8|          10|
    |sub_ln6_2_fu_299_p2      |     -    |      0|  0|    17|          10|          10|
    |sub_ln6_3_fu_328_p2      |     -    |      0|  0|    17|           8|          10|
    |sub_ln6_fu_287_p2        |     -    |      0|  0|    17|          10|          10|
    |and_ln18_1_fu_621_p2     |    and   |      0|  0|   960|         960|         960|
    |and_ln18_2_fu_627_p2     |    and   |      0|  0|   960|         960|         960|
    |and_ln18_fu_609_p2       |    and   |      0|  0|   960|         960|         960|
    |and_ln6_fu_354_p2        |    and   |      0|  0|   960|         960|         960|
    |icmp_ln11_fu_365_p2      |   icmp   |      0|  0|    11|           5|           3|
    |icmp_ln17_fu_484_p2      |   icmp   |      0|  0|    11|           5|           3|
    |icmp_ln18_fu_515_p2      |   icmp   |      0|  0|    13|          10|          10|
    |icmp_ln55_fu_229_p2      |   icmp   |      0|  0|    11|           5|           3|
    |icmp_ln5_fu_241_p2       |   icmp   |      0|  0|    11|           5|           3|
    |icmp_ln6_fu_272_p2       |   icmp   |      0|  0|    13|          10|          10|
    |lshr_ln18_fu_603_p2      |   lshr   |      0|  0|  2171|           2|         960|
    |lshr_ln6_1_fu_348_p2     |   lshr   |      0|  0|  2171|           2|         960|
    |lshr_ln6_fu_342_p2       |   lshr   |      0|  0|  2171|         960|         960|
    |empty_11_fu_509_p2       |    or    |      0|  0|    10|          10|           5|
    |empty_8_fu_266_p2        |    or    |      0|  0|    10|          10|           5|
    |or_ln18_fu_633_p2        |    or    |      0|  0|   960|         960|         960|
    |select_ln12_1_fu_475_p3  |  select  |      0|  0|    32|           1|          32|
    |select_ln12_fu_461_p3    |  select  |      0|  0|    32|           1|          32|
    |select_ln18_1_fu_539_p3  |  select  |      0|  0|    10|           1|          10|
    |select_ln18_2_fu_547_p3  |  select  |      0|  0|    10|           1|          10|
    |select_ln18_3_fu_589_p3  |  select  |      0|  0|  1022|           1|         960|
    |select_ln18_fu_531_p3    |  select  |      0|  0|    10|           1|          10|
    |select_ln6_1_fu_313_p3   |  select  |      0|  0|  1022|           1|         960|
    |select_ln6_2_fu_320_p3   |  select  |      0|  0|    10|           1|          10|
    |select_ln6_fu_305_p3     |  select  |      0|  0|    10|           1|          10|
    |shl_ln18_1_fu_597_p2     |    shl   |      0|  0|  2171|           2|         960|
    |shl_ln18_fu_573_p2       |    shl   |      0|  0|  2171|         960|         960|
    |xor_ln18_fu_615_p2       |    xor   |      0|  0|   960|           2|         960|
    +-------------------------+----------+-------+---+------+------------+------------+
    |Total                    |          |      4|  0| 19236|        6972|       12896|
    +-------------------------+----------+-------+---+------+------------+------------+

    * Multiplexer: 
    +-------------------+----+-----------+-----+-----------+
    |        Name       | LUT| Input Size| Bits| Total Bits|
    +-------------------+----+-----------+-----+-----------+
    |B_o                |   9|          2|  960|       1920|
    |ap_NS_fsm          |  44|          9|    1|          9|
    |i_0_i3_reg_189     |   9|          2|    5|         10|
    |i_0_i5_reg_212     |   9|          2|    5|         10|
    |i_0_i_reg_178      |   9|          2|    5|         10|
    |i_0_reg_167        |   9|          2|    5|         10|
    |out_w_0_i_reg_201  |   9|          2|  960|       1920|
    |temp1_address0     |  21|          4|    5|         20|
    |temp2_address0     |  21|          4|    5|         20|
    |temp2_d0           |  15|          3|   32|         96|
    +-------------------+----+-----------+-----+-----------+
    |Total              | 155|         32| 1983|       4025|
    +-------------------+----+-----------+-----+-----------+

    * Register: 
    +---------------------+-----+----+-----+-----------+
    |         Name        |  FF | LUT| Bits| Const Bits|
    +---------------------+-----+----+-----+-----------+
    |ap_CS_fsm            |    8|   0|    8|          0|
    |i_0_i3_reg_189       |    5|   0|    5|          0|
    |i_0_i5_reg_212       |    5|   0|    5|          0|
    |i_0_i_reg_178        |    5|   0|    5|          0|
    |i_0_reg_167          |    5|   0|    5|          0|
    |i_1_reg_689          |    5|   0|    5|          0|
    |i_2_reg_642          |    5|   0|    5|          0|
    |i_3_reg_702          |    5|   0|    5|          0|
    |out_w_0_i_reg_201    |  960|   0|  960|          0|
    |temp1_load_reg_674   |   32|   0|   32|          0|
    |zext_ln12_1_reg_679  |    5|   0|   64|         59|
    +---------------------+-----+----+-----+-----------+
    |Total                | 1040|   0| 1099|         59|
    +---------------------+-----+----+-----+-----------+



================================================================
== Interface
================================================================
* Summary: 
+------------+-----+-----+------------+--------------+--------------+
|  RTL Ports | Dir | Bits|  Protocol  | Source Object|    C Type    |
+------------+-----+-----+------------+--------------+--------------+
|ap_clk      |  in |    1| ap_ctrl_hs |    hw5_ex1   | return value |
|ap_rst      |  in |    1| ap_ctrl_hs |    hw5_ex1   | return value |
|ap_start    |  in |    1| ap_ctrl_hs |    hw5_ex1   | return value |
|ap_done     | out |    1| ap_ctrl_hs |    hw5_ex1   | return value |
|ap_idle     | out |    1| ap_ctrl_hs |    hw5_ex1   | return value |
|ap_ready    | out |    1| ap_ctrl_hs |    hw5_ex1   | return value |
|A           |  in |  960|   ap_none  |       A      |    pointer   |
|B_i         |  in |  960|   ap_ovld  |       B      |    pointer   |
|B_o         | out |  960|   ap_ovld  |       B      |    pointer   |
|B_o_ap_vld  | out |    1|   ap_ovld  |       B      |    pointer   |
+------------+-----+-----+------------+--------------+--------------+

