INFO-FLOW: Workspace /scratch/kmartine/hls_lex6-ex01/hls_lex6-ex01/hls opened at Tue Mar 17 14:19:55 CDT 2026
Execute     send_msg_by_id INFO @200-1505@%s%s default  vivado 
INFO: [HLS 200-1505] Using default flow_target 'vivado'
Execute   apply_ini /scratch/kmartine/hls_lex6-ex01/hls_config.cfg 
Execute     send_msg_by_id INFO @200-1465@%s 'syn.file=/scratch/kmartine/lex6-ex01.cpp' from /scratch/kmartine/hls_lex6-ex01/hls_config.cfg(7) 
INFO: [HLS 200-1465] Applying ini 'syn.file=/scratch/kmartine/lex6-ex01.cpp' from /scratch/kmartine/hls_lex6-ex01/hls_config.cfg(7)
Execute     add_files /scratch/kmartine/lex6-ex01.cpp 
INFO: [HLS 200-10] Adding design file '/scratch/kmartine/lex6-ex01.cpp' to the project
Execute     send_msg_by_id INFO @200-1465@%s 'tb.file=/scratch/kmartine/lex6-ex01.cpp' from /scratch/kmartine/hls_lex6-ex01/hls_config.cfg(8) 
INFO: [HLS 200-1465] Applying ini 'tb.file=/scratch/kmartine/lex6-ex01.cpp' from /scratch/kmartine/hls_lex6-ex01/hls_config.cfg(8)
Execute     add_files -tb /scratch/kmartine/lex6-ex01.cpp 
INFO: [HLS 200-10] Adding test bench file '/scratch/kmartine/lex6-ex01.cpp' to the project
Execute     send_msg_by_id INFO @200-1465@%s 'flow_target=vivado' from /scratch/kmartine/hls_lex6-ex01/hls_config.cfg(4) 
INFO: [HLS 200-1465] Applying ini 'flow_target=vivado' from /scratch/kmartine/hls_lex6-ex01/hls_config.cfg(4)
Execute     send_msg_by_id INFO @200-1505@%s%s  vivado 
INFO: [HLS 200-1505] Using flow_target 'vivado'
Execute     send_msg_by_id INFO @200-1465@%s 'part=xcvu9p-flga2104-1-i' from /scratch/kmartine/hls_lex6-ex01/hls_config.cfg(1) 
INFO: [HLS 200-1465] Applying ini 'part=xcvu9p-flga2104-1-i' from /scratch/kmartine/hls_lex6-ex01/hls_config.cfg(1)
Execute     set_part xcvu9p-flga2104-1-i 
Execute       create_platform xcvu9p-flga2104-1-i -board  
DBG:HLSDevice: Trying to load device library: /opt/Xilinx/Vitis_HLS/2024.1/lib/lnx64.o/libxv_hlsvwrap.so
DBG:HLSDevice: first parts/arch.xml in RDI_DATADIR: /opt/Xilinx/Vivado/2024.1/data/parts/arch.xml
DBG:HLSDevice: init success
INFO: [HLS 200-1611] Setting target device to 'xcvu9p-flga2104-1-i'
Command       create_platform done; 2.76 sec.
Execute       source /opt/Xilinx/Vitis_HLS/2024.1/common/technology/xilinx/common/xilinx.gen 
Execute         source /opt/Xilinx/Vitis_HLS/2024.1/common/technology/xilinx/interface/plb46.gen 
Execute         source /opt/Xilinx/Vitis_HLS/2024.1/common/technology/xilinx/interface/axi4.gen 
Execute         source /opt/Xilinx/Vitis_HLS/2024.1/common/technology/xilinx/interface/nativeAXI4.gen 
Execute           source /opt/Xilinx/Vitis_HLS/2024.1/common/technology/xilinx/interface/saxilite.gen 
Execute         source /opt/Xilinx/Vitis_HLS/2024.1/common/technology/xilinx/scripts/xilinxcoregen.gen 
Execute         source /opt/Xilinx/Vitis_HLS/2024.1/common/technology/xilinx/interface/XilEDKCoreGen.gen 
Execute         source /opt/Xilinx/Vitis_HLS/2024.1/common/technology/xilinx/ip/util.gen 
Execute         source /opt/Xilinx/Vitis_HLS/2024.1/common/technology/xilinx/ip/xfft.gen 
Command         ap_source done; 0.13 sec.
Execute         source /opt/Xilinx/Vitis_HLS/2024.1/common/technology/xilinx/ip/xfir.gen 
Execute         source /opt/Xilinx/Vitis_HLS/2024.1/common/technology/xilinx/ip/dds_compiler.gen 
Execute         source /opt/Xilinx/Vitis_HLS/2024.1/common/technology/xilinx/DSP48/dsp48.gen 
Command       ap_source done; 0.17 sec.
Execute       ap_part_info -name xcvu9p-flga2104-1-i -data info 
Execute       config_compile -quiet -complex-mul-dsp=0 
Command     set_part done; 2.98 sec.
Execute     send_msg_by_id INFO @200-1465@%s 'clock=25ns' from /scratch/kmartine/hls_lex6-ex01/hls_config.cfg(9) 
INFO: [HLS 200-1465] Applying ini 'clock=25ns' from /scratch/kmartine/hls_lex6-ex01/hls_config.cfg(9)
Execute     create_clock -period 25ns 
Execute       ap_set_clock -name default -period 25 -unit ns -default=false 
INFO: [SYN 201-201] Setting up clock 'default' with a period of 25ns.
Execute     send_msg_by_id INFO @200-1465@%s 'csim.code_analyzer=1' from /scratch/kmartine/hls_lex6-ex01/hls_config.cfg(10) 
INFO: [HLS 200-1465] Applying ini 'csim.code_analyzer=1' from /scratch/kmartine/hls_lex6-ex01/hls_config.cfg(10)
Execute     config_csim -code_analyzer=1 
Execute     send_msg_by_id INFO @200-1465@%s 'package.output.format=ip_catalog' from /scratch/kmartine/hls_lex6-ex01/hls_config.cfg(5) 
INFO: [HLS 200-1465] Applying ini 'package.output.format=ip_catalog' from /scratch/kmartine/hls_lex6-ex01/hls_config.cfg(5)
Execute     config_export -format=ip_catalog 
Command   apply_ini done; 3.01 sec.
Execute   apply_ini /scratch/kmartine/hls_lex6-ex01/hls_lex6-ex01/hls/config.cmdline 
Execute   csim_design 
Execute     AP::app_get_file_relativeroot [AP::app_get_root] {}
Execute     AP::app_get_file_relativeroot [AP::app_get_root] {}
Execute     AP::app_get_file_relativeroot [AP::app_get_root] {}
INFO-FLOW: Running SLX 'csim' proc: ::SLX::run_csim
INFO-FLOW: ::SLX::run_csim failed: child process exited abnormally
INFO-FLOW: Caught error in csim_design: Problem running csim: child process exited abnormally
    while executing
"error "Problem running $stage: $result""
    (procedure "::AP::hls_slx_hook" line 54)
    invoked from within
"::AP::hls_slx_hook csim $config_value_dict replace_flow"
    (procedure "ap_internal_csim_design" line 104)
    invoked from within
"ap_internal_csim_design "
Command   csim_design done; error code: 2; 5 sec.
Execute   close_project 
Execute     close_solution 
Execute       cleanup_all 
Execute       cleanup_all 
