INFO-FLOW: Workspace /scratch/kmartine/proj_hw5_ex1/solution1 opened at Wed Apr 22 15:28:08 CDT 2026
Execute     config_clock -quiet -name default -period 25 -default=false 
INFO: [SYN 201-201] Setting up clock 'default' with a period of 25ns.
Execute     open_platform DefaultPlatform 
Execute     import_lib /opt/Xilinx/Vivado/2020.1/common/technology/xilinx/virtexuplus/virtexuplus 
Execute       source /opt/Xilinx/Vivado/2020.1/common/technology/xilinx/common/xilinx.lib 
Execute         source /opt/Xilinx/Vivado/2020.1/common/technology/xilinx/interface/xilinx_interface.lib 
Execute           source /opt/Xilinx/Vivado/2020.1/common/technology/xilinx/interface/plb46.lib 
Execute           source /opt/Xilinx/Vivado/2020.1/common/technology/xilinx/interface/fsl.lib 
Execute           source /opt/Xilinx/Vivado/2020.1/common/technology/xilinx/interface/axi4.lib 
Execute           source /opt/Xilinx/Vivado/2020.1/common/technology/xilinx/interface/maxi.lib 
Execute           source /opt/Xilinx/Vivado/2020.1/common/technology/xilinx/interface/saxilite.lib 
Execute         source /opt/Xilinx/Vivado/2020.1/common/technology/xilinx/common/dsp48.lib 
Execute         source /opt/Xilinx/Vivado/2020.1/common/technology/xilinx/ip/xfft.lib 
Execute         source /opt/Xilinx/Vivado/2020.1/common/technology/xilinx/ip/dds_compiler.lib 
Execute         source /opt/Xilinx/Vivado/2020.1/common/technology/xilinx/ip/xfir.lib 
Execute       source /opt/Xilinx/Vivado/2020.1/common/technology/xilinx/common/xilinx.hlp 
Execute         source /opt/Xilinx/Vivado/2020.1/common/technology/xilinx/common/target_info.tcl 
Execute         source /opt/Xilinx/Vivado/2020.1/common/technology/xilinx/interface/xilinx_interface.hlp 
Execute           source /opt/Xilinx/Vivado/2020.1/common/technology/xilinx/interface/maxi.hlp 
Execute           source /opt/Xilinx/Vivado/2020.1/common/technology/xilinx/interface/saxilite.hlp 
Execute         source /opt/Xilinx/Vivado/2020.1/common/technology/xilinx/common/dsp48.hlp 
Execute       source /opt/Xilinx/Vivado/2020.1/common/technology/xilinx/virtexuplus/dsp48e2.hlp 
Execute       source /opt/Xilinx/Vivado/2020.1/common/technology/xilinx/common/xilinx.hlp 
Execute         source /opt/Xilinx/Vivado/2020.1/common/technology/xilinx/common/target_info.tcl 
Execute         source /opt/Xilinx/Vivado/2020.1/common/technology/xilinx/interface/xilinx_interface.hlp 
Execute           source /opt/Xilinx/Vivado/2020.1/common/technology/xilinx/interface/maxi.hlp 
Execute           source /opt/Xilinx/Vivado/2020.1/common/technology/xilinx/interface/saxilite.hlp 
Execute         source /opt/Xilinx/Vivado/2020.1/common/technology/xilinx/common/dsp48.hlp 
Execute     source /opt/Xilinx/Vivado/2020.1/common/technology/xilinx/virtexuplus/virtexuplus.gen 
Execute       source /opt/Xilinx/Vivado/2020.1/common/technology/xilinx/common/xilinx.gen 
Execute         source /opt/Xilinx/Vivado/2020.1/common/technology/xilinx/interface/plb46.gen 
Execute         source /opt/Xilinx/Vivado/2020.1/common/technology/xilinx/interface/fsl.gen 
Execute         source /opt/Xilinx/Vivado/2020.1/common/technology/xilinx/interface/axi4.gen 
Execute         source /opt/Xilinx/Vivado/2020.1/common/technology/xilinx/interface/nativeAXI4.gen 
Execute           source /opt/Xilinx/Vivado/2020.1/common/technology/xilinx/interface/saxilite.gen 
Execute           source /opt/Xilinx/Vivado/2020.1/common/technology/xilinx/interface/maxi.gen 
Execute         source /opt/Xilinx/Vivado/2020.1/common/technology/xilinx/scripts/xilinxcoregen.gen 
Execute         source /opt/Xilinx/Vivado/2020.1/common/technology/xilinx/interface/XilEDKCoreGen.gen 
Execute         source /opt/Xilinx/Vivado/2020.1/common/technology/xilinx/ip/dds_compiler.gen 
Execute         source /opt/Xilinx/Vivado/2020.1/common/technology/xilinx/ip/util.gen 
Execute         source /opt/Xilinx/Vivado/2020.1/common/technology/xilinx/ip/xfft.gen 
Command         ap_source done; 0.12 sec.
Execute         source /opt/Xilinx/Vivado/2020.1/common/technology/xilinx/ip/xfir.gen 
Execute         source /opt/Xilinx/Vivado/2020.1/common/technology/xilinx/common/dsp48.gen 
Command       ap_source done; 0.18 sec.
Command     ap_source done; 0.18 sec.
Execute     open_platform DefaultPlatform 
Execute     import_lib /opt/Xilinx/Vivado/2020.1/common/technology/xilinx/virtexuplus/virtexuplus_fpv7 
Execute       source /opt/Xilinx/Vivado/2020.1/common/technology/xilinx/common/xilinx_fp.lib 
Execute       source /opt/Xilinx/Vivado/2020.1/common/technology/xilinx/common/xilinx_fp.hlp 
Execute         source /opt/Xilinx/Vivado/2020.1/common/technology/xilinx/common/xilinx.hlp 
Execute           source /opt/Xilinx/Vivado/2020.1/common/technology/xilinx/common/target_info.tcl 
Execute           source /opt/Xilinx/Vivado/2020.1/common/technology/xilinx/interface/xilinx_interface.hlp 
Execute             source /opt/Xilinx/Vivado/2020.1/common/technology/xilinx/interface/maxi.hlp 
Execute             source /opt/Xilinx/Vivado/2020.1/common/technology/xilinx/interface/saxilite.hlp 
Execute           source /opt/Xilinx/Vivado/2020.1/common/technology/xilinx/common/dsp48.hlp 
Execute     source /opt/Xilinx/Vivado/2020.1/common/technology/xilinx/virtexuplus/virtexuplus_fpv7.gen 
Execute       source /opt/Xilinx/Vivado/2020.1/common/technology/xilinx/common/xilinx_fp.gen 
Execute     set_part xcvu9p-flga2104-1-i 
Execute       ap_part_info -name xcvu9p-flga2104-1-i -data single -quiet 
Command       ap_part_info done; 2.89 sec.
Execute       ap_part_info -name xcvu9p-flga2104-1-i -data info 
Execute       add_library xilinx/virtexuplus/virtexuplus:xcvu9p:-flga2104:-1-i 
Execute         get_default_platform 
Execute         ap_part_info -data single -name xcvu9p-flga2104-1-i 
Execute         ap_part_info -name xcvu9p-flga2104-1-i -data resources 
Execute         ap_part_info -name xcvu9p-flga2104-1-i -data info 
Execute         ap_part_info -name xcvu9p-flga2104-1-i -data info 
Execute         config_chip_info -quiet -resource {SLICE 147780} {LUT 1182240} {FF 2364480} {DSP48E 6840} {BRAM 4320} {URAM 960} {SLR 3} 
Execute         ap_part_info -name xcvu9p-flga2104-1-i -data info 
Execute         config_chip_info -quiet -speed slow 
Execute       add_library xilinx/virtexuplus/virtexuplus_fpv7 
Execute         get_default_platform 
INFO: [HLS 200-10] Setting target device to 'xcvu9p-flga2104-1-i'
Execute       ap_part_info -name xcvu9p-flga2104-1-i -data info 
Execute       get_default_platform 
Command     set_part done; 3.14 sec.
Execute     ap_part_info -data single -name xcvu9p-flga2104-1-i 
Execute     ap_part_info -name xcvu9p-flga2104-1-i -data resources 
Execute     ap_part_info -name xcvu9p-flga2104-1-i -data info 
Execute     ap_part_info -name xcvu9p-flga2104-1-i -data info 
Execute     config_chip_info -quiet -resource {SLICE 147780} {LUT 1182240} {FF 2364480} {DSP48E 6840} {BRAM 4320} {URAM 960} {SLR 3} 
Execute     ap_part_info -name xcvu9p-flga2104-1-i -data info 
Execute     config_chip_info -quiet -speed slow 
Command   open_solution done; 3.42 sec.
Execute   set_part xcvu9p-flga2104-1-i 
Execute     ap_part_info -name xcvu9p-flga2104-1-i -data single -quiet 
Execute     ap_part_info -name xcvu9p-flga2104-1-i -data info 
Execute     add_library xilinx/virtexuplus/virtexuplus:xcvu9p:-flga2104:-1-i 
Execute       get_default_platform 
Execute       ap_part_info -data single -name xcvu9p-flga2104-1-i 
Execute       ap_part_info -name xcvu9p-flga2104-1-i -data resources 
Execute       ap_part_info -name xcvu9p-flga2104-1-i -data info 
Execute       ap_part_info -name xcvu9p-flga2104-1-i -data info 
Execute       config_chip_info -quiet -resource {SLICE 147780} {LUT 1182240} {FF 2364480} {DSP48E 6840} {BRAM 4320} {URAM 960} {SLR 3} 
Execute       ap_part_info -name xcvu9p-flga2104-1-i -data info 
Execute       config_chip_info -quiet -speed slow 
Execute     add_library xilinx/virtexuplus/virtexuplus_fpv7 
Execute       get_default_platform 
Execute     ap_part_info -name xcvu9p-flga2104-1-i -data info 
Execute     get_default_platform 
Command   set_part done; 0.22 sec.
Execute   create_clock -period 25 -name default 
Execute   csynth_design 
Execute     get_config_compile -dump_cfg 
Execute     get_config_compile -effort 
Execute     get_config_compile -enable_clang39 
Execute     get_config_compile -g 
Execute     get_config_compile -ng 
Execute     get_config_compile -opt_fp 
Execute     get_config_compile -skip_cdt 
Execute     get_config_compile -skip_syncheck 
Execute     get_config_compile -skip_transform 
Execute     get_config_compile -keep_printf 
Execute     elaborate -effort=medium -skip_syncheck=0 -keep_printf=0 -skip_cdt=0 -skip_transform=0 -ng=0 -g=0 -opt_fp=0 -from_csynth_design=1 
Execute       get_config_schedule -relax_ii_for_timing 
INFO: [SCHED 204-61] Option 'relax_ii_for_timing' is enabled, will increase II to preserve clock frequency constraints.
Execute       get_config_schedule -suppress_dependence_error_break 
INFO: [HLS 200-10] Analyzing design file 'hw5_ex1.cpp' ... 
INFO-FLOW: Compiling one TU...
Execute       is_m_axi_addr64 
INFO-FLOW: Handling hw5_ex1.cpp as C++
Execute       ap_part_info -name xcvu9p-flga2104-1-i -data info 
Execute       is_encrypted hw5_ex1.cpp 
Execute       ap_part_info -name xcvu9p-flga2104-1-i -data info 
INFO-FLOW: Running: GCC PP
INFO-FLOW: Source preprocessing
Execute       clang  -fno-limit-debug-info -gcc-toolchain "/opt/Xilinx/Vivado/2020.1/lnx64/tools/gcc" -hls  -fno-exceptions  -D__llvm__  -E "hw5_ex1.cpp"     -fno-math-errno -c -emit-llvm -O0  -mllvm -disable-llvm-optzns -fno-threadsafe-statics  -fno-use-cxa-atexit  -fno-threadsafe-statics -fno-use-cxa-atexit -D__CLANG_3_1__ -DAESL_SYN -D__SYNTHESIS__ -D__HLS_SYN__ -I "/opt/Xilinx/Vivado/2020.1/common/technology/autopilot" -I "/opt/Xilinx/Vivado/2020.1/common/technology/autopilot/ap_sysc" -include etc/autopilot_ssdm_op.h -D__DSP48E2__  -o "/scratch/kmartine/proj_hw5_ex1/solution1/.autopilot/db/hw5_ex1.pp.0.cpp" 
INFO-FLOW: exec /opt/Xilinx/Vivado/2020.1/lnx64/tools/clang/bin/clang -fno-limit-debug-info -gcc-toolchain /opt/Xilinx/Vivado/2020.1/lnx64/tools/gcc -hls -fno-exceptions -D__llvm__ -E hw5_ex1.cpp -fno-math-errno -c -emit-llvm -O0 -mllvm -disable-llvm-optzns -fno-threadsafe-statics -fno-use-cxa-atexit -fno-threadsafe-statics -fno-use-cxa-atexit -D__CLANG_3_1__ -DAESL_SYN -D__SYNTHESIS__ -D__HLS_SYN__ -I /opt/Xilinx/Vivado/2020.1/common/technology/autopilot -I /opt/Xilinx/Vivado/2020.1/common/technology/autopilot/ap_sysc -include etc/autopilot_ssdm_op.h -D__DSP48E2__ -o /scratch/kmartine/proj_hw5_ex1/solution1/.autopilot/db/hw5_ex1.pp.0.cpp
Command       clang done; 3 sec.
Execute       tidy_31 xilinx-xfmat-array-geometry /scratch/kmartine/proj_hw5_ex1/solution1/.autopilot/db/hw5_ex1.pp.0.cpp std=gnu++98 
INFO-FLOW: exec /opt/Xilinx/Vivado/2020.1/lnx64/tools/clang-3.9-csynth/bin/tidy-3.1 -header-filter=.* -checks=-*,xilinx-xfmat-array-geometry -quiet -fix /scratch/kmartine/proj_hw5_ex1/solution1/.autopilot/db/hw5_ex1.pp.0.cpp -- -std=gnu++98 -fhls -ferror-limit=0
Command       tidy_31 done; 0.42 sec.
INFO-FLOW: Syntax Checking before pre-processing...
Execute       clang -syntaxcheck -src /scratch/kmartine/proj_hw5_ex1/solution1/.autopilot/db/hw5_ex1.pp.0.cpp  -fno-limit-debug-info -gcc-toolchain "/opt/Xilinx/Vivado/2020.1/lnx64/tools/gcc" -hls    -fno-math-errno -c -emit-llvm -O0  -mllvm -disable-llvm-optzns -fno-threadsafe-statics  -fno-use-cxa-atexit  -fno-threadsafe-statics -fno-use-cxa-atexit -D__CLANG_3_1__ -DAESL_SYN -D__SYNTHESIS__ -D__HLS_SYN__ -I "/opt/Xilinx/Vivado/2020.1/common/technology/autopilot" -I "/opt/Xilinx/Vivado/2020.1/common/technology/autopilot/ap_sysc" -include etc/autopilot_ssdm_op.h -D__DSP48E2__  "/scratch/kmartine/proj_hw5_ex1/solution1/.autopilot/db/hw5_ex1.pp.0.cpp"  -o "/scratch/kmartine/proj_hw5_ex1/solution1/.autopilot/db/useless.bc"  
INFO-FLOW: exec /opt/Xilinx/Vivado/2020.1/lnx64/tools/clang/bin/clang -fno-limit-debug-info -gcc-toolchain /opt/Xilinx/Vivado/2020.1/lnx64/tools/gcc -hls -fno-math-errno -c -emit-llvm -O0 -mllvm -disable-llvm-optzns -fno-threadsafe-statics -fno-use-cxa-atexit -fno-threadsafe-statics -fno-use-cxa-atexit -D__CLANG_3_1__ -DAESL_SYN -D__SYNTHESIS__ -D__HLS_SYN__ -I /opt/Xilinx/Vivado/2020.1/common/technology/autopilot -I /opt/Xilinx/Vivado/2020.1/common/technology/autopilot/ap_sysc -include etc/autopilot_ssdm_op.h -D__DSP48E2__ /scratch/kmartine/proj_hw5_ex1/solution1/.autopilot/db/hw5_ex1.pp.0.cpp -o /scratch/kmartine/proj_hw5_ex1/solution1/.autopilot/db/useless.bc
Command       clang done; 3.13 sec.
INFO-FLOW: Done: GCC PP time: 6.5 seconds per iteration
Execute       source /opt/Xilinx/Vivado/2020.1/tps/tcl/tcllib1.11.1/yaml/huddle.tcl 
Execute       source /opt/Xilinx/Vivado/2020.1/tps/tcl/tcllib1.11.1/yaml/json2huddle.tcl 
Execute         source /opt/Xilinx/Vivado/2020.1/tps/tcl/tcllib1.11.1/try/try.tcl 
Execute       list_core -type functional_unit 
Execute       tidy_31 xilinx-systemc-detector /scratch/kmartine/proj_hw5_ex1/solution1/.autopilot/db/hw5_ex1.pp.0.cpp std=gnu++98 -directive=/scratch/kmartine/proj_hw5_ex1/solution1/.autopilot/db/.systemc_flag 
INFO-FLOW: exec /opt/Xilinx/Vivado/2020.1/lnx64/tools/clang-3.9-csynth/bin/tidy-3.1 -header-filter=.* -checks=-*,xilinx-systemc-detector -import-directive=/scratch/kmartine/proj_hw5_ex1/solution1/.autopilot/db/.systemc_flag -quiet -fix-errors /scratch/kmartine/proj_hw5_ex1/solution1/.autopilot/db/hw5_ex1.pp.0.cpp -- -std=gnu++98 -fhls -ferror-limit=0
Command       tidy_31 done; 0.37 sec.
INFO-FLOW: Running: tidy-3.1 CDT preprocess
Execute       tidy_31 xilinx-directive2pragma /scratch/kmartine/proj_hw5_ex1/solution1/.autopilot/db/hw5_ex1.pp.0.cpp std=gnu++98 -directive=/scratch/kmartine/proj_hw5_ex1/solution1/.autopilot/db/all.directive.json 
INFO-FLOW: exec /opt/Xilinx/Vivado/2020.1/lnx64/tools/clang-3.9-csynth/bin/tidy-3.1 -header-filter=.* -checks=-*,xilinx-directive2pragma -import-directive=/scratch/kmartine/proj_hw5_ex1/solution1/.autopilot/db/all.directive.json -quiet -fix-errors /scratch/kmartine/proj_hw5_ex1/solution1/.autopilot/db/hw5_ex1.pp.0.cpp -- -std=gnu++98 -fhls -ferror-limit=0
Command       tidy_31 done; 0.37 sec.
Execute       get_config_dataflow -strict_mode 
Execute       ap_eval exec -ignorestderr /opt/Xilinx/Vivado/2020.1/lnx64/tools/clang-3.9-csynth/bin/xilinx-dataflow-lawyer -export-fixes=/scratch/kmartine/proj_hw5_ex1/solution1/.autopilot/db/xilinx-dataflow-lawyer.hw5_ex1.pp.0.cpp.diag.yml /scratch/kmartine/proj_hw5_ex1/solution1/.autopilot/db/hw5_ex1.pp.0.cpp -- -std=gnu++98 -fhls -ferror-limit=0 -fstrict-dataflow > /scratch/kmartine/proj_hw5_ex1/solution1/.autopilot/db/xilinx-dataflow-lawyer.hw5_ex1.pp.0.cpp.out.log 2> /scratch/kmartine/proj_hw5_ex1/solution1/.autopilot/db/xilinx-dataflow-lawyer.hw5_ex1.pp.0.cpp.err.log 
Command       ap_eval done; 0.39 sec.
Execute       tidy_31 -errorcheck xilinx-constantarray-param,xilinx-resource-pragma-transformer,xilinx-xfmat-array-geometry /scratch/kmartine/proj_hw5_ex1/solution1/.autopilot/db/hw5_ex1.pp.0.cpp std=gnu++98 
Execute         ap_eval exec -ignorestderr /opt/Xilinx/Vivado/2020.1/lnx64/tools/clang-3.9-csynth/bin/tidy-3.1 -export-fixes=/scratch/kmartine/proj_hw5_ex1/solution1/.autopilot/db/tidy-3.1.hw5_ex1.pp.0.cpp.diag.yml -header-filter=.* -checks=-*,xilinx-constantarray-param,xilinx-resource-pragma-transformer,xilinx-xfmat-array-geometry -quiet -fix-errors /scratch/kmartine/proj_hw5_ex1/solution1/.autopilot/db/hw5_ex1.pp.0.cpp -- -std=gnu++98 -fhls -ferror-limit=0 > /scratch/kmartine/proj_hw5_ex1/solution1/.autopilot/db/tidy-3.1.hw5_ex1.pp.0.cpp.out.log 2> /scratch/kmartine/proj_hw5_ex1/solution1/.autopilot/db/tidy-3.1.hw5_ex1.pp.0.cpp.err.log 
Command         ap_eval done; 0.7 sec.
Execute         source /opt/Xilinx/Vivado/2020.1/tps/tcl/tcllib1.11.1/yaml/yaml.tcl 
Execute           source /opt/Xilinx/Vivado/2020.1/tps/tcl/tcllib1.11.1/cmdline/cmdline.tcl 
Execute         ap_eval exec -ignorestderr /opt/Xilinx/Vivado/2020.1/lnx64/tools/clang-3.9-csynth/bin/xilinx-legacy-rewriter /scratch/kmartine/proj_hw5_ex1/solution1/.autopilot/db/hw5_ex1.pp.0.cpp -- -std=gnu++98 -fhls -ferror-limit=0 > /scratch/kmartine/proj_hw5_ex1/solution1/.autopilot/db/xilinx-legacy-rewriter.hw5_ex1.pp.0.cpp.out.log 2> /scratch/kmartine/proj_hw5_ex1/solution1/.autopilot/db/xilinx-legacy-rewriter.hw5_ex1.pp.0.cpp.err.log 
Command         ap_eval done; 0.35 sec.
Command       tidy_31 done; 1.12 sec.
INFO-FLOW: Done: tidy-3.1 CDT preprocess time: 1.9 seconds per iteration
INFO-FLOW: Pragma Handling...
Execute       tidy_31 xilinx-ssdm-intrinsics-arguments /scratch/kmartine/proj_hw5_ex1/solution1/.autopilot/db/hw5_ex1.pragma.1.cpp std=gnu++98 
INFO-FLOW: exec /opt/Xilinx/Vivado/2020.1/lnx64/tools/clang-3.9-csynth/bin/tidy-3.1 -header-filter=.* -checks=-*,xilinx-ssdm-intrinsics-arguments -quiet -fix-errors /scratch/kmartine/proj_hw5_ex1/solution1/.autopilot/db/hw5_ex1.pragma.1.cpp -- -std=gnu++98 -fhls -ferror-limit=0
Command       tidy_31 done; 0.68 sec.
Execute       ap_part_info -name xcvu9p-flga2104-1-i -data info 
INFO-FLOW: Processing labels
Execute       clang -src /scratch/kmartine/proj_hw5_ex1/solution1/.autopilot/db/hw5_ex1.pragma.2.cpp  -fno-limit-debug-info -gcc-toolchain /opt/Xilinx/Vivado/2020.1/lnx64/tools/gcc -hls -hls-analyze-label -hls-analyze-pragma -fno-exceptions  -D__llvm__  -w  "/scratch/kmartine/proj_hw5_ex1/solution1/.autopilot/db/hw5_ex1.pragma.2.cpp"    -fno-math-errno -c -emit-llvm -O0  -mllvm -disable-llvm-optzns -fno-threadsafe-statics  -fno-use-cxa-atexit -DAESL_SYN -D__SYNTHESIS__ -D__HLS_SYN__ -I "/opt/Xilinx/Vivado/2020.1/common/technology/autopilot" -I "/opt/Xilinx/Vivado/2020.1/common/technology/autopilot/ap_sysc" -include etc/autopilot_ssdm_op.h -D__DSP48E2__ -g -o "/scratch/kmartine/proj_hw5_ex1/solution1/.autopilot/db/hw5_ex1.bc" 
INFO-FLOW: exec /opt/Xilinx/Vivado/2020.1/lnx64/tools/clang/bin/clang -fno-limit-debug-info -gcc-toolchain /opt/Xilinx/Vivado/2020.1/lnx64/tools/gcc -hls -hls-analyze-label -hls-analyze-pragma -fno-exceptions -D__llvm__ -w /scratch/kmartine/proj_hw5_ex1/solution1/.autopilot/db/hw5_ex1.pragma.2.cpp -fno-math-errno -c -emit-llvm -O0 -mllvm -disable-llvm-optzns -fno-threadsafe-statics -fno-use-cxa-atexit -DAESL_SYN -D__SYNTHESIS__ -D__HLS_SYN__ -I /opt/Xilinx/Vivado/2020.1/common/technology/autopilot -I /opt/Xilinx/Vivado/2020.1/common/technology/autopilot/ap_sysc -include etc/autopilot_ssdm_op.h -D__DSP48E2__ -g -o /scratch/kmartine/proj_hw5_ex1/solution1/.autopilot/db/hw5_ex1.bc
Command       clang done; 3.15 sec.
INFO-FLOW: Linking Debug ...
Execute       llvm-ld /scratch/kmartine/proj_hw5_ex1/solution1/.autopilot/db/hw5_ex1.g.bc -hls-opt -except-internalize hw5_ex1 -L/opt/Xilinx/Vivado/2020.1/lnx64/lib -lhlsm -lhlsmc++ -o /scratch/kmartine/proj_hw5_ex1/solution1/.autopilot/db/a.g 
Command       llvm-ld done; 1.5 sec.
INFO: [HLS 200-111] Finished Linking Time (s): cpu = 00:00:19 ; elapsed = 00:00:19 . Memory (MB): peak = 1629.855 ; gain = 1228.707 ; free physical = 170249 ; free virtual = 206049
INFO: [HLS 200-111] Finished Checking Pragmas Time (s): cpu = 00:00:19 ; elapsed = 00:00:19 . Memory (MB): peak = 1629.855 ; gain = 1228.707 ; free physical = 170249 ; free virtual = 206049
Execute       get_config_sdx -target 
Execute       opt_and_import_c a -opt_level=2 -skip_syncheck=0 -ng=0 -keep_printf=0 
Execute         cleanup_all_models 
INFO: [HLS 200-10] Starting code transformations ...
Execute         transform -promote-dbg-pointer /scratch/kmartine/proj_hw5_ex1/solution1/.autopilot/db/a.pp.bc -o /scratch/kmartine/proj_hw5_ex1/solution1/.autopilot/db/a.pp.0.bc -f 
Execute         llvm-ld /scratch/kmartine/proj_hw5_ex1/solution1/.autopilot/db/a.pp.0.bc -disable-opt -L/opt/Xilinx/Vivado/2020.1/lnx64/lib -lfloatconversion -o /scratch/kmartine/proj_hw5_ex1/solution1/.autopilot/db/a.g.0 
Command         llvm-ld done; 1.5 sec.
INFO-FLOW: Running Standard Transforms...
Execute         transform -hls -share-std-xform -demangle-name -inline-byval-memcpy -always-inline -stream-depth-lower -promote-dbg-pointer -interface-preproc -mem2reg -scalarrepl -mem2reg -keep-read-access -instcombine -dce -promote-dbg-pointer -bitop-raise -loop-simplify -indvarspre -indvars -loop-simplify -xunroll -constprop -instcombine -simplifycfg -indvars -simplifycfg -dce -globaldce -basicaa -simplifycfg -mem2reg -globalopt -global-constprop -deadargelim -instcombine -simplifycfg -prune-eh -simplifycfg -scalarrepl -instcombine -reassociate -licm -simplifycfg -loop-simplify -indvars -instcombine -simplifycfg -mem2reg -loop-simplify -indvars -instcombine -gvn -gvn -instcombine -adce -break-crit-edges -simplifycfg -loop-delete -global-array-opt -dce -dse -adce -find-syn-modules -top hw5_ex1 -deadargelim -mem2reg -instcombine -dce -presyn-prepare -auto-rom-infer -interface-preproc -syn-check -check-rec-only -find-region -simplifycfg -func-extr -function-inline -globaldce -mem2reg -instcombine -dce -gvn -globaldce -adce -adse -constprop -instcombine -bit-constprop -instcombine -dce -simplifycfg -bitop-raise -simplifycfg -dce -loop-delete -reassociate -globalopt -global-privatize -mem2reg -dce -global-constprop -pointer-simplify -constprop -dce -func-inst -deadargelim -auto-shift-reg-idiom -promote-dbg-pointer -norm-name /scratch/kmartine/proj_hw5_ex1/solution1/.autopilot/db/a.g.0.bc -o /scratch/kmartine/proj_hw5_ex1/solution1/.autopilot/db/a.g.1.bc -f -phase std-opt 
INFO: [HLS 200-111] Finished Standard Transforms Time (s): cpu = 00:00:20 ; elapsed = 00:00:20 . Memory (MB): peak = 1629.855 ; gain = 1228.707 ; free physical = 170240 ; free virtual = 206041
INFO: [HLS 200-10] Checking synthesizability ...
INFO-FLOW: Checking Synthesizability 1/2..
Execute         transform -hls -syn-check -check-rec-only -disaggr -scalarrepl -norm-name -dce -mem2reg -instcombine -function-uniquify -directive-preproc -mem2reg -dse -dce -auto-rom-infer -dce -pag -array-normalize -instcombine -dce -warn-fifo-pointer -array-seg-normalize -instcombine -dce -array-flatten -instcombine -dce -array-burst -dce -deadargelim -promote-global-argument -simplifycfg -mem2reg -globaldce -dce -deadargelim -dce -instcombine -function-inline -globaldce -dce -doublePtrSimplify -doublePtrElim -dce -doublePtrSimplify -promote-dbg-pointer -dce -scalarrepl -dse -adse -instcombine -ptrLegalization -simplifycfg -dce -instcombine -pointer-simplify -ptrArgReplace -dce -instcombine -resolve-double-ptr -disaggr -scalarrepl -norm-name -dce -mem2reg -instcombine -ptrLegalization -simplifycfg -deadargelim -instcombine -dce -inst-simplify -function-uniquify -directive-preproc -mem2reg -dse -dce -globaldce -check-dspbuiltin /scratch/kmartine/proj_hw5_ex1/solution1/.autopilot/db/a.g.1.bc -o /scratch/kmartine/proj_hw5_ex1/solution1/.autopilot/db/a.g.2.prechk.bc -f 
INFO: [XFORM 203-602] Inlining function 'read_data' into 'hw5_ex1' (hw5_ex1.cpp:64) automatically.
INFO: [XFORM 203-602] Inlining function 'compute_blur' into 'hw5_ex1' (hw5_ex1.cpp:65) automatically.
INFO: [XFORM 203-602] Inlining function 'write_data' into 'hw5_ex1' (hw5_ex1.cpp:66) automatically.
INFO-FLOW: Checking Synthesizability 2/2..
Execute         transform -syn-check /scratch/kmartine/proj_hw5_ex1/solution1/.autopilot/db/a.g.2.prechk.bc -o /scratch/kmartine/proj_hw5_ex1/solution1/.autopilot/db/a.g.2.bc -f -phase syn-check 
INFO: [HLS 200-111] Finished Checking Synthesizability Time (s): cpu = 00:00:20 ; elapsed = 00:00:20 . Memory (MB): peak = 1629.855 ; gain = 1228.707 ; free physical = 170242 ; free virtual = 206043
INFO-FLOW: Compiler optimizing ...
INFO-FLOW: Share syncheck's 1.bc for syn flow: copy /scratch/kmartine/proj_hw5_ex1/solution1/.autopilot/db/a.g.1.bc to /scratch/kmartine/proj_hw5_ex1/solution1/.autopilot/db/a.o.1.bc
INFO-FLOW: Presyn 1...
Execute         transform -hls -tmp /scratch/kmartine/proj_hw5_ex1/solution1/.autopilot/db -interface-port-rename -type-info -function-uniquify -directive-preproc -mem2reg -dse -dce -disaggr -scalarrepl -norm-name -deadargelim -mem2reg -instcombine -dce -simplifycfg -auto-rom-infer -dce -function-uniquify -resource-proc -clib-intrinsic-prepare -dce -func-buffer -dce -pag -array-normalize -func-legal -instcombine -gvn -constprop -dce -simplifycfg -mem2reg -globaldce -resolve-double-ptr -dce -deadargelim -dce -instcombine -ptrArgReplace -mem2reg -dce -array-seg-normalize -deadargelim -instcombine -dce -pointer-simplify -dce -port-alignment -dce -interface-preproc -data-pack -instcombine -dce -basicaa -aggr-aa -aggrmodref-aa -aggr-aa -gvn -gvn -basicaa -aggr-aa -aggrmodref-aa -aggr-aa -dse -adse -adce -loop-simplify -indvars -instcombine -gvn -loop-simplify -mem2reg -dce -find-region -instcombine -auto-loop-pipeline -inst-simplify -interface-preproc -cfgopt -instcombine -indvars -auto-loop-unroll -loop-simplify -loop-bound -xunroll -constprop -instcombine -simplifycfg -indvars -simplifycfg -dce -globaldce -clean-region -attach-range -gvn -inst-simplify -constprop -simplifycfg -dce -pointer-simplify -dce -globalopt -constprop -dce -array-promote -constprop -dce -ptrArgReplace -mem2reg -simplifycfg -dce -auto-par -instcombine -dce -array-transform-check -array-reshape -instcombine -simplifycfg -dce -ptrArgReplace -deadargelim -mem2reg -instcombine -simplifycfg -dce -indvars -loop-simplify -loop-bound -xunroll -constprop -instcombine -simplifycfg -indvars -simplifycfg -dce -globaldce -basicaa -aggr-aa -aggrmodref-aa -aggr-aa -dse -duplicate-dataflow-processes -globaldce -instcombine -array-partition -instcombine -simplifycfg -dce -ptrArgReplace -global-constprop -deadargelim -mem2reg -func-legal -dce -global-constprop -deadargelim -mem2reg -simplifycfg -dce -merge-param -deadargelim -globalopt -constprop -dce -array-promote -constprop -dce -ptrArgReplace -mem2reg -simplifycfg -dce -mem-intrinsic-preproc -dce -global-internalize -global-privatize -mem2reg -globaldce -promote-global-argument -ptrArgReplace -mem2reg -dce -globalopt -mergereturn -simplify-global-access -mem2reg -dce -pointer-simplify -dce -functionattrs -basicaa -aggr-aa -aggrmodref-aa -aggr-aa -gvn -gvn -basicaa -aggr-aa -aggrmodref-aa -aggr-aa -dse -adse -adce -dce -norm-name -function-inline -complex-op-raise -inst-simplify -globaldce -func-inst -constprop -instcombine -simplifycfg -dce -func-legal -dce -loop-bound -arraycheck -bitwidthmin -on-by-dataflow -loop-delete -instcombine -simplifycfg -globaldce -dce -gvn -deadargelim -dce -loop-simplify -clean-region -simplifycfg -propagate-stable-arguments -loop-stream -instcombine -simplifycfg -dce -globaldce -duplicate-dataflow-processes -stream-intrinsic-preproc -dce -check-ap-stream -loop-simplify -eliminate-keepreads -extract-dataflow-in-loop -loop-simplify -dce -gvn -deadargelim -dse -check-dataflow-syntax -legalize-stream-variable -legalize-global -extract-subproc -dce -dead-channel-elimination -canonicalize-gep -globaldce -dce -gvn -deadargelim -annotate-dataflow-channels -scalar-propagation -deadargelim -globaldce -mem2reg -check-dataflow-channels -function-stream -dce -globaldce -prop-fifo-spec -internal-stream-gen -canonicalize-gep -globaldce -dce -gvn -deadargelim -mergereturn -indvars -loop-simplify -instcombine -array-stream -array-seg-normalize -array-partition -func-legal -instcombine -simplifycfg -dce -bundle-memfifo-ops -deadargelim -function-uniquify -directive-preproc -mem2reg -dse -dce -group-axi-access -licm -simplifycfg -dce -loop-delete -norm-name /scratch/kmartine/proj_hw5_ex1/solution1/.autopilot/db/a.o.1.bc -o /scratch/kmartine/proj_hw5_ex1/solution1/.autopilot/db/a.o.1.tmp.bc -f 
INFO: [XFORM 203-131] Reshaping array 'A' (hw5_ex1.cpp:22) in dimension 1 completely.
INFO: [XFORM 203-131] Reshaping array 'B' (hw5_ex1.cpp:22) in dimension 1 completely.
INFO: [XFORM 203-602] Inlining function 'read_data' into 'hw5_ex1' automatically.
INFO: [XFORM 203-602] Inlining function 'compute_blur' into 'hw5_ex1' (hw5_ex1.cpp:65) automatically.
INFO: [XFORM 203-602] Inlining function 'write_data' into 'hw5_ex1' automatically.
INFO-FLOW: Presyn 2...
Execute         transform -hls -keep-callgraph -scalarrepl -mem2reg -port-alignment -attach-range -dce -pipe-mux-gen -indvars -loop-bound -inst-simplify -instcombine -dce -merge-array-access -mem2reg -dce -clean-region -mergereturn -if-conv -instcombine -dce -constprop -basicaa -aggr-aa -aggrmodref-aa -aggr-aa -gvn -gvn -basicaa -aggr-aa -aggrmodref-aa -aggr-aa -dse -adse -adce -scalarrepl -mem2reg -global-constprop -deadargelim -deadargelim -instcombine -dce -simplifycfg -ptrArgReplace -mem2reg -function-inline -globaldce -mem2reg -instcombine -dce -expr-balance -instcombine -dce -bitwidthmin -interface-preproc -directive-preproc -inst-rectify -instcombine -dce -functionattrs -constprop -instcombine -bit-constprop -simplify-global-access -globalopt -globaldce -inst-simplify -instcombine -elimdeaddata -dce -loop-delete -simplifycfg -loop-simplify -auto-burst -norm-name /scratch/kmartine/proj_hw5_ex1/solution1/.autopilot/db/a.o.1.tmp.bc -o /scratch/kmartine/proj_hw5_ex1/solution1/.autopilot/db/a.o.2.bc -f -phase presyn 
INFO: [HLS 200-111] Finished Pre-synthesis Time (s): cpu = 00:00:20 ; elapsed = 00:00:21 . Memory (MB): peak = 1629.855 ; gain = 1228.707 ; free physical = 170223 ; free virtual = 206025
INFO-FLOW: Building ssdm...
Execute         transform -hls -function-uniquify -auto-function-inline -globaldce -ptrArgReplace -mem2reg -dce -reset-lda -loop-simplify -indvars -licm -loop-dep -loop-bound -licm -loop-simplify -flattenloopnest -array-flatten -gvn -instcombine -dce -array-map -dce -func-legal -gvn -adce -instcombine -cfgopt -simplifycfg -loop-simplify -array-burst -promote-global-argument -dce -ptrLegalization -axi4-lower -array-seg-normalize -basicaa -aggrmodref-aa -globalsmodref-aa -aggr-aa -gvn -gvn -basicaa -aggrmodref-aa -globalsmodref-aa -aggr-aa -dse -adse -adce -licm -inst-simplify -dce -globaldce -instcombine -array-stream -eliminate-keepreads -instcombine -dce -deadargelim -doublePtrSimplify -doublePtrElim -dce -doublePtrSimplify -promote-dbg-pointer -dce -scalarrepl -mem2reg -disaggr -norm-name -mem2reg -instcombine -dse -adse -adce -ptrLegalization -dce -auto-rom-infer -array-flatten -dce -instcombine -check-doubleptr -loop-rot -constprop -cfgopt -simplifycfg -loop-simplify -indvars -pointer-simplify -dce -loop-bound -loop-simplify -loop-preproc -constprop -global-constprop -gvn -mem2reg -instcombine -dce -loop-bound -loop-merge -dce -bitwidthmin -deadargelim -dce -canonicalize-dataflow -dce -scalar-propagation -deadargelim -globaldce -mem2reg -read-loop-dep -interface-preproc -directive-preproc -interface-gen -bram-byte-enable -deadargelim -inst-simplify -dce -gvn -mem2reg -instcombine -dce -adse -loop-bound -instcombine -cfgopt -simplifycfg -loop-simplify -clean-region -io-protocol -find-region -mem2reg -bitop-raise -complex-op-raise -inst-simplify -inst-rectify -instcombine -adce -deadargelim -loop-simplify -phi-opt -bitop-raise -cfgopt -simplifycfg -strip-dead-prototypes -interface-lower -bitop-lower -intrinsic-lower -auto-function-inline -basicaa -aggrmodref-aa -globalsmodref-aa -aggr-aa -inst-simplify -simplifycfg -loop-simplify -mergereturn -inst-simplify -inst-rectify -dce -load-elim -bitop-lower -loop-rewind -pointer-simplify -dce -cfgopt -dce -loop-bound -loop-dep -read-loop-dep -dce -check-stream -norm-name -legalize -validate-dataflow -inst-clarity -bitwidth -dump-loop-dep-to-ir -check-all-ssdm -cdfg-build /scratch/kmartine/proj_hw5_ex1/solution1/.autopilot/db/a.o.2.bc -o /scratch/kmartine/proj_hw5_ex1/solution1/.autopilot/db/a.o.3.bc -f -phase build-ssdm 
INFO: [HLS 200-472] Inferring partial write operation for 'temp2' (hw5_ex1.cpp:62:2)
INFO: [HLS 200-472] Inferring partial write operation for 'temp1' (hw5_ex1.cpp:6:9)
INFO: [HLS 200-472] Inferring partial write operation for 'temp2' (hw5_ex1.cpp:12:9)
Command         transform done; 0.17 sec.
INFO: [HLS 200-111] Finished Architecture Synthesis Time (s): cpu = 00:00:20 ; elapsed = 00:00:21 . Memory (MB): peak = 1629.855 ; gain = 1228.707 ; free physical = 170222 ; free virtual = 206023
INFO-FLOW: Finish building internal data model.
Command       opt_and_import_c done; 2.02 sec.
Command     elaborate done; 16.72 sec.
Execute     autosyn -from_csynth_design=1 
INFO: [HLS 200-10] Starting hardware synthesis ...
INFO-FLOW: Synthesizing C/C++ design ...
INFO: [HLS 200-10] Synthesizing 'hw5_ex1' ...
Execute       ap_set_top_model hw5_ex1 
Execute       get_model_list hw5_ex1 -filter all-wo-channel -topdown 
Execute       preproc_iomode -model hw5_ex1 
Execute       get_model_list hw5_ex1 -filter all-wo-channel 
INFO-FLOW: Model list for configure: hw5_ex1
INFO-FLOW: Configuring Module : hw5_ex1 ...
Execute       set_default_model hw5_ex1 
Execute       apply_spec_resource_limit hw5_ex1 
INFO-FLOW: Model list for preprocess: hw5_ex1
INFO-FLOW: Preprocessing Module: hw5_ex1 ...
Execute       set_default_model hw5_ex1 
Execute       cdfg_preprocess -model hw5_ex1 
Execute       rtl_gen_preprocess hw5_ex1 
INFO-FLOW: Model list for synthesis: hw5_ex1
INFO: [HLS 200-10] ----------------------------------------------------------------
INFO: [HLS 200-42] -- Implementing module 'hw5_ex1' 
INFO: [HLS 200-10] ----------------------------------------------------------------
Execute       set_default_model hw5_ex1 
Execute       schedule -model hw5_ex1 
INFO: [SCHED 204-11] Starting scheduling ...
WARNING: [SCHED 204-71] Latency directive discarded for region hls_label_0 since it contains subloops.
INFO: [SCHED 204-11] Finished scheduling.
Command       schedule done; 0.13 sec.
INFO: [HLS 200-111]  Elapsed time: 20.84 seconds; current allocated memory: 148.769 MB.
Execute       syn_report -verbosereport -o /scratch/kmartine/proj_hw5_ex1/solution1/.autopilot/db/hw5_ex1.verbose.sched.rpt 
Execute       db_write -o /scratch/kmartine/proj_hw5_ex1/solution1/.autopilot/db/hw5_ex1.sched.adb -f 
INFO-FLOW: Finish scheduling hw5_ex1.
Execute       set_default_model hw5_ex1 
Execute       bind -model hw5_ex1 
BIND OPTION: model=hw5_ex1
INFO: [BIND 205-100] Starting micro-architecture generation ...
INFO: [BIND 205-101] Performing variable lifetime analysis.
INFO: [BIND 205-101] Exploring resource sharing.
INFO: [BIND 205-101] Binding ...
INFO: [BIND 205-100] Finished micro-architecture generation.
INFO: [HLS 200-111]  Elapsed time: 0.14 seconds; current allocated memory: 149.222 MB.
Execute       syn_report -verbosereport -o /scratch/kmartine/proj_hw5_ex1/solution1/.autopilot/db/hw5_ex1.verbose.bind.rpt 
Command       syn_report done; 0.19 sec.
Execute       db_write -o /scratch/kmartine/proj_hw5_ex1/solution1/.autopilot/db/hw5_ex1.bind.adb -f 
INFO-FLOW: Finish binding hw5_ex1.
Execute       get_model_list hw5_ex1 -filter all-wo-channel 
INFO-FLOW: Preprocessing for RTLGen ...
Execute       rtl_gen_preprocess hw5_ex1 
INFO-FLOW: Model list for RTL generation: hw5_ex1
INFO: [HLS 200-10] ----------------------------------------------------------------
INFO: [HLS 200-10] -- Generating RTL for module 'hw5_ex1' 
INFO: [HLS 200-10] ----------------------------------------------------------------
Execute       get_config_rtl -module_prefix 
Execute       get_config_rtl -module_auto_prefix 
Execute       create_rtl_model hw5_ex1 -vendor xilinx -mg_file /scratch/kmartine/proj_hw5_ex1/solution1/.autopilot/db/hw5_ex1.compgen.tcl 
INFO: [RTGEN 206-500] Setting interface mode on port 'hw5_ex1/A' to 'ap_none'.
INFO: [RTGEN 206-500] Setting interface mode on port 'hw5_ex1/B' to 'ap_ovld'.
INFO: [RTGEN 206-500] Setting interface mode on function 'hw5_ex1' to 'ap_ctrl_hs'.
INFO: [RTGEN 206-100] Finished creating RTL model for 'hw5_ex1'.
INFO: [HLS 200-111]  Elapsed time: 0.28 seconds; current allocated memory: 150.049 MB.
Execute       source /scratch/kmartine/proj_hw5_ex1/solution1/.autopilot/db/hw5_ex1.rtl_wrap.cfg.tcl 
Execute       gen_rtl hw5_ex1 -istop -style xilinx -tracefl mytrace -tracefmt vcd -traceopt all -f -lang sc -o /scratch/kmartine/proj_hw5_ex1/solution1/syn/systemc/hw5_ex1 -synmodules hw5_ex1 
Execute       gen_rtl hw5_ex1 -istop -style xilinx -f -lang vhdl -o /scratch/kmartine/proj_hw5_ex1/solution1/syn/vhdl/hw5_ex1 
Command       gen_rtl done; 0.11 sec.
Execute       gen_rtl hw5_ex1 -istop -style xilinx -f -lang vlog -o /scratch/kmartine/proj_hw5_ex1/solution1/syn/verilog/hw5_ex1 
Execute       syn_report -csynth -model hw5_ex1 -o /scratch/kmartine/proj_hw5_ex1/solution1/syn/report/hw5_ex1_csynth.rpt 
Execute       syn_report -rtlxml -model hw5_ex1 -o /scratch/kmartine/proj_hw5_ex1/solution1/syn/report/hw5_ex1_csynth.xml 
Execute       syn_report -verbosereport -model hw5_ex1 -o /scratch/kmartine/proj_hw5_ex1/solution1/.autopilot/db/hw5_ex1.verbose.rpt 
Command       syn_report done; 0.24 sec.
Execute       db_write -model hw5_ex1 -f -o /scratch/kmartine/proj_hw5_ex1/solution1/.autopilot/db/hw5_ex1.adb 
Execute       gen_tb_info hw5_ex1 -p /scratch/kmartine/proj_hw5_ex1/solution1/.autopilot/db -o /scratch/kmartine/proj_hw5_ex1/solution1/.autopilot/db/hw5_ex1 
Execute       export_constraint_db -f -tool general -o /scratch/kmartine/proj_hw5_ex1/solution1/.autopilot/db/hw5_ex1.constraint.tcl 
Execute       syn_report -designview -model hw5_ex1 -o /scratch/kmartine/proj_hw5_ex1/solution1/.autopilot/db/hw5_ex1.design.xml 
Execute       get_config_rtl -disable_wave_debug 
Execute       syn_report -wcfg -model hw5_ex1 -o /scratch/kmartine/proj_hw5_ex1/solution1/.autopilot/db/hw5_ex1_dataflow_ana.wcfg 
Execute       syn_report -protoinst -model hw5_ex1 -o /scratch/kmartine/proj_hw5_ex1/solution1/.autopilot/db/hw5_ex1.protoinst 
Execute       get_config_debug -directory 
Execute       sc_get_clocks hw5_ex1 
Execute       get_config_export -vivado_clock 
Execute       sc_get_portdomain hw5_ex1 
INFO-FLOW: Model list for RTL component generation: hw5_ex1
INFO-FLOW: Handling components in module [hw5_ex1] ... 
Execute       source /scratch/kmartine/proj_hw5_ex1/solution1/.autopilot/db/hw5_ex1.compgen.tcl 
INFO-FLOW: Found component hw5_ex1_temp1.
INFO-FLOW: Append model hw5_ex1_temp1
INFO-FLOW: Found component hw5_ex1_temp2.
INFO-FLOW: Append model hw5_ex1_temp2
INFO-FLOW: Append model hw5_ex1
INFO-FLOW: Generating RTL model list ...
INFO-FLOW: All models in this session: hw5_ex1_temp1 hw5_ex1_temp2 hw5_ex1
INFO-FLOW: To file: write model hw5_ex1_temp1
INFO-FLOW: To file: write model hw5_ex1_temp2
INFO-FLOW: To file: write model hw5_ex1
INFO-FLOW: Finished generating RTL model list.


INFO-FLOW: RTL Generation done.
INFO-FLOW: CAS Generation done.
INFO-FLOW: CBC Generation done.
Execute       syn_report -model hw5_ex1 -printsummary 
INFO: [HLS 200-790] **** Loop Constraint Status: All loop constraints were satisfied.
INFO: [HLS 200-789] **** Estimated Fmax: 111.18 MHz
INFO-FLOW: DBG:CMD: auto_generate_csynth_design
INFO-FLOW: DBG:CMD:     auto_generate --sim-model -phase csynth_design -d /scratch/kmartine/proj_hw5_ex1/solution1
Execute       source /scratch/kmartine/proj_hw5_ex1/solution1/.autopilot/db/global.setting.tcl 
INFO-FLOW: DBG:CMD: read_platform_lib /scratch/kmartine/proj_hw5_ex1/solution1/.autopilot/db/global.setting.tcl
Execute       source /opt/Xilinx/Vivado/2020.1/common/technology/generic/autopilot/common.gen 
Execute         source /opt/Xilinx/Vivado/2020.1/common/technology/generic/autopilot/APCoreGen.gen 
Execute       source /opt/Xilinx/Vivado/2020.1/common/technology/generic/autopilot/op.gen 
Execute       source /opt/Xilinx/Vivado/2020.1/common/technology/generic/autopilot/op_simcore.gen 
Execute       source /opt/Xilinx/Vivado/2020.1/common/technology/generic/autopilot/interface.gen 
Execute       source /scratch/kmartine/proj_hw5_ex1/solution1/.autopilot/db/global.setting.tcl 
Execute       source /opt/Xilinx/Vivado/2020.1/common/technology/xilinx/virtexuplus/virtexuplus.gen 
Execute         source /opt/Xilinx/Vivado/2020.1/common/technology/xilinx/common/xilinx.gen 
Execute           source /opt/Xilinx/Vivado/2020.1/common/technology/xilinx/interface/plb46.gen 
Execute           source /opt/Xilinx/Vivado/2020.1/common/technology/xilinx/interface/fsl.gen 
Execute           source /opt/Xilinx/Vivado/2020.1/common/technology/xilinx/interface/axi4.gen 
Execute           source /opt/Xilinx/Vivado/2020.1/common/technology/xilinx/interface/nativeAXI4.gen 
Execute             source /opt/Xilinx/Vivado/2020.1/common/technology/xilinx/interface/saxilite.gen 
Execute             source /opt/Xilinx/Vivado/2020.1/common/technology/xilinx/interface/maxi.gen 
Execute           source /opt/Xilinx/Vivado/2020.1/common/technology/xilinx/scripts/xilinxcoregen.gen 
Execute           source /opt/Xilinx/Vivado/2020.1/common/technology/xilinx/interface/XilEDKCoreGen.gen 
Execute           source /opt/Xilinx/Vivado/2020.1/common/technology/xilinx/ip/dds_compiler.gen 
Execute           source /opt/Xilinx/Vivado/2020.1/common/technology/xilinx/ip/util.gen 
Execute           source /opt/Xilinx/Vivado/2020.1/common/technology/xilinx/ip/xfft.gen 
Command           ap_source done; 0.15 sec.
Execute           source /opt/Xilinx/Vivado/2020.1/common/technology/xilinx/ip/xfir.gen 
Execute           source /opt/Xilinx/Vivado/2020.1/common/technology/xilinx/common/dsp48.gen 
Command         ap_source done; 0.2 sec.
Command       ap_source done; 0.2 sec.
Execute       source /opt/Xilinx/Vivado/2020.1/common/technology/xilinx/virtexuplus/virtexuplus_fpv7.gen 
Execute         source /opt/Xilinx/Vivado/2020.1/common/technology/xilinx/common/xilinx_fp.gen 
INFO-FLOW: DBG:CMD:   using AESL_AUTOCG::g_clock_period=25.000 (was NA)
INFO-FLOW: DBG:CMD:       generate_ip_cores sim=1 export=0 expOnly=0 dstVlogDir=syn/verilog
Execute       source /scratch/kmartine/proj_hw5_ex1/solution1/.autopilot/db/global.setting.tcl 
Execute       ap_part_info -name xcvu9p-flga2104-1-i -data names -quiet 
Execute       ap_part_info -name xcvu9p-flga2104-1-i -data info -quiet 
Execute       source /scratch/kmartine/proj_hw5_ex1/solution1/.autopilot/db/global.setting.tcl 
Execute       source /scratch/kmartine/proj_hw5_ex1/solution1/.autopilot/db/global.setting.tcl 
Execute       source /scratch/kmartine/proj_hw5_ex1/solution1/.autopilot/db/hw5_ex1.compgen.tcl 
INFO: [RTMG 210-278] Implementing memory 'hw5_ex1_temp1_ram (RAM)' using distributed RAMs.
Execute         ap_part_info -name xcvu9p-flga2104-1-i -data names -quiet 
Execute         ap_part_info -name xcvu9p-flga2104-1-i -data info -quiet 
INFO: [RTMG 210-278] Implementing memory 'hw5_ex1_temp2_ram (RAM)' using distributed RAMs.
Execute         ap_part_info -name xcvu9p-flga2104-1-i -data names -quiet 
Execute         ap_part_info -name xcvu9p-flga2104-1-i -data info -quiet 
INFO-FLOW: DBG:CMD:     auto_generate -export -impltomg_flag -rtl both -tool Vivado -pcore_version 1.00.a -phase csynth_design -d /scratch/kmartine/proj_hw5_ex1/solution1
Execute       source /scratch/kmartine/proj_hw5_ex1/solution1/.autopilot/db/global.setting.tcl 
INFO-FLOW: DBG:CMD: read_platform_lib /scratch/kmartine/proj_hw5_ex1/solution1/.autopilot/db/global.setting.tcl
Execute       source /opt/Xilinx/Vivado/2020.1/common/technology/generic/autopilot/common.gen 
Execute         source /opt/Xilinx/Vivado/2020.1/common/technology/generic/autopilot/APCoreGen.gen 
Execute       source /opt/Xilinx/Vivado/2020.1/common/technology/generic/autopilot/op.gen 
Execute       source /opt/Xilinx/Vivado/2020.1/common/technology/generic/autopilot/op_simcore.gen 
Execute       source /opt/Xilinx/Vivado/2020.1/common/technology/generic/autopilot/interface.gen 
Execute       source /scratch/kmartine/proj_hw5_ex1/solution1/.autopilot/db/global.setting.tcl 
Execute       source /opt/Xilinx/Vivado/2020.1/common/technology/xilinx/virtexuplus/virtexuplus.gen 
Execute         source /opt/Xilinx/Vivado/2020.1/common/technology/xilinx/common/xilinx.gen 
Execute           source /opt/Xilinx/Vivado/2020.1/common/technology/xilinx/interface/plb46.gen 
Execute           source /opt/Xilinx/Vivado/2020.1/common/technology/xilinx/interface/fsl.gen 
Execute           source /opt/Xilinx/Vivado/2020.1/common/technology/xilinx/interface/axi4.gen 
Execute           source /opt/Xilinx/Vivado/2020.1/common/technology/xilinx/interface/nativeAXI4.gen 
Execute             source /opt/Xilinx/Vivado/2020.1/common/technology/xilinx/interface/saxilite.gen 
Execute             source /opt/Xilinx/Vivado/2020.1/common/technology/xilinx/interface/maxi.gen 
Execute           source /opt/Xilinx/Vivado/2020.1/common/technology/xilinx/scripts/xilinxcoregen.gen 
Execute           source /opt/Xilinx/Vivado/2020.1/common/technology/xilinx/interface/XilEDKCoreGen.gen 
Execute           source /opt/Xilinx/Vivado/2020.1/common/technology/xilinx/ip/dds_compiler.gen 
Execute           source /opt/Xilinx/Vivado/2020.1/common/technology/xilinx/ip/util.gen 
Execute           source /opt/Xilinx/Vivado/2020.1/common/technology/xilinx/ip/xfft.gen 
Command           ap_source done; 0.11 sec.
Execute           source /opt/Xilinx/Vivado/2020.1/common/technology/xilinx/ip/xfir.gen 
Execute           source /opt/Xilinx/Vivado/2020.1/common/technology/xilinx/common/dsp48.gen 
Command         ap_source done; 0.16 sec.
Command       ap_source done; 0.16 sec.
Execute       source /opt/Xilinx/Vivado/2020.1/common/technology/xilinx/virtexuplus/virtexuplus_fpv7.gen 
Execute         source /opt/Xilinx/Vivado/2020.1/common/technology/xilinx/common/xilinx_fp.gen 
INFO-FLOW: DBG:CMD:       initCTypeInfo top_module=hw5_ex1 xml_exists=0
Execute       source /scratch/kmartine/proj_hw5_ex1/solution1/.autopilot/db/hw5_ex1.rtl_wrap.cfg.tcl 
Execute       source /scratch/kmartine/proj_hw5_ex1/solution1/.autopilot/db/hw5_ex1.rtl_wrap.cfg.tcl 
Execute       source /scratch/kmartine/proj_hw5_ex1/solution1/.autopilot/db/hw5_ex1.rtl_wrap.cfg.tcl 
Execute       source /scratch/kmartine/proj_hw5_ex1/solution1/.autopilot/db/hw5_ex1.tbgen.tcl 
Execute       source /scratch/kmartine/proj_hw5_ex1/solution1/.autopilot/db/hw5_ex1.tbgen.tcl 
INFO-FLOW: DBG:CMD:       export_impl_rtl
INFO-FLOW: DBG:CMD:       generate_ip_cores sim=0 export=0 expOnly=0 dstVlogDir=impl/.verilog
Execute       source /scratch/kmartine/proj_hw5_ex1/solution1/.autopilot/db/global.setting.tcl 
Execute       source /scratch/kmartine/proj_hw5_ex1/solution1/.autopilot/db/hw5_ex1.compgen.tcl 
INFO-FLOW: DBG:CMD:       generate_ip_cores sim=0 export=1 expOnly=1 dstVlogDir=impl/.pcores/verilog
Execute       source /scratch/kmartine/proj_hw5_ex1/solution1/.autopilot/db/global.setting.tcl 
Execute       source /scratch/kmartine/proj_hw5_ex1/solution1/.autopilot/db/hw5_ex1.compgen.tcl 
Execute         ap_part_info -name xcvu9p-flga2104-1-i -data names -quiet 
Execute         ap_part_info -name xcvu9p-flga2104-1-i -data info -quiet 
Execute         ap_part_info -name xcvu9p-flga2104-1-i -data names -quiet 
Execute         ap_part_info -name xcvu9p-flga2104-1-i -data info -quiet 
Execute         ap_part_info -name xcvu9p-flga2104-1-i -data names -quiet 
Execute         ap_part_info -name xcvu9p-flga2104-1-i -data info -quiet 
Execute         ap_part_info -name xcvu9p-flga2104-1-i -data names -quiet 
Execute         ap_part_info -name xcvu9p-flga2104-1-i -data info -quiet 
Execute         ap_part_info -name xcvu9p-flga2104-1-i -data names -quiet 
Execute         ap_part_info -name xcvu9p-flga2104-1-i -data info -quiet 
Execute         ap_part_info -name xcvu9p-flga2104-1-i -data names -quiet 
Execute         ap_part_info -name xcvu9p-flga2104-1-i -data info -quiet 
Execute         ap_part_info -name xcvu9p-flga2104-1-i -data names -quiet 
Execute         ap_part_info -name xcvu9p-flga2104-1-i -data info -quiet 
Execute         ap_part_info -name xcvu9p-flga2104-1-i -data names -quiet 
Execute         ap_part_info -name xcvu9p-flga2104-1-i -data info -quiet 
Execute         ap_part_info -name xcvu9p-flga2104-1-i -data names -quiet 
Execute         ap_part_info -name xcvu9p-flga2104-1-i -data info -quiet 
Command       ap_source done; 0.15 sec.
Execute       ap_part_info -name xcvu9p-flga2104-1-i -data names -quiet 
Execute       ap_part_info -name xcvu9p-flga2104-1-i -data info -quiet 
INFO-FLOW: DBG:CMD:       generate_ip_cores sim=0 export=0 expOnly=0 dstVlogDir=impl/.pcores/verilog_sim
Execute       source /scratch/kmartine/proj_hw5_ex1/solution1/.autopilot/db/global.setting.tcl 
Execute       source /scratch/kmartine/proj_hw5_ex1/solution1/.autopilot/db/hw5_ex1.compgen.tcl 
Execute       ap_part_info -name xcvu9p-flga2104-1-i -data names -quiet 
Execute       ap_part_info -name xcvu9p-flga2104-1-i -data info -quiet 
Execute       ap_part_info -name xcvu9p-flga2104-1-i -data names -quiet 
Execute       ap_part_info -name xcvu9p-flga2104-1-i -data info -quiet 
Execute       source /scratch/kmartine/proj_hw5_ex1/solution1/.autopilot/db/global.setting.tcl 
Execute       ap_part_info -name xcvu9p-flga2104-1-i -data names -quiet 
Execute       ap_part_info -name xcvu9p-flga2104-1-i -data info -quiet 
Execute       source /scratch/kmartine/proj_hw5_ex1/solution1/.autopilot/db/hw5_ex1.constraint.tcl 
Execute       source /scratch/kmartine/proj_hw5_ex1/solution1/.autopilot/db/hw5_ex1.tbgen.tcl 
INFO-FLOW: DBG:CMD:       hasPcoreIpAdapter=false #gSsdmPorts=6
INFO-FLOW: DBG:CMD: Skipping loadAnalyze_DB, #g_database=2
INFO-FLOW: DBG:CMD:       generate_json is_phase_csynth=1 g_has_adaptors=false generate_bd_files=0 #modelList=3 #gSsdmPorts=6
Execute       source /opt/Xilinx/Vivado/2020.1/tps/tcl/tcllib1.11.1/fileutil/fileutil.tcl 
Execute       source /scratch/kmartine/proj_hw5_ex1/solution1/.autopilot/db/global.setting.tcl 
Execute       source /scratch/kmartine/proj_hw5_ex1/solution1/.autopilot/db/global.setting.tcl 
Execute       get_config_export -xo 
Execute       source /scratch/kmartine/proj_hw5_ex1/solution1/.autopilot/db/hw5_ex1.tbgen.tcl 
Execute       source /scratch/kmartine/proj_hw5_ex1/solution1/.autopilot/db/hw5_ex1.tbgen.tcl 
Execute       source /scratch/kmartine/proj_hw5_ex1/solution1/.autopilot/db/hw5_ex1.tbgen.tcl 
Execute       source /scratch/kmartine/proj_hw5_ex1/solution1/.autopilot/db/global.setting.tcl 
Execute       get_config_sdx -target 
Execute       source /scratch/kmartine/proj_hw5_ex1/solution1/.autopilot/db/hw5_ex1.rtl_wrap.cfg.tcl 
Execute       source /scratch/kmartine/proj_hw5_ex1/solution1/.autopilot/db/hw5_ex1.compgen.dataonly.tcl 
Execute       source /scratch/kmartine/proj_hw5_ex1/solution1/.autopilot/db/global.setting.tcl 
Execute       ap_part_info -name xcvu9p-flga2104-1-i -data names -quiet 
Execute       ap_part_info -name xcvu9p-flga2104-1-i -data info -quiet 
Execute       source /scratch/kmartine/proj_hw5_ex1/solution1/.autopilot/db/hw5_ex1.constraint.tcl 
Execute       sc_get_clocks hw5_ex1 
Execute       ap_part_info -name xcvu9p-flga2104-1-i -data names -quiet 
Execute       ap_part_info -name xcvu9p-flga2104-1-i -data info -quiet 
Execute       source /scratch/kmartine/proj_hw5_ex1/solution1/.autopilot/db/global.setting.tcl 
Execute       get_config_debug -directory 
Execute       source /scratch/kmartine/proj_hw5_ex1/solution1/.autopilot/db/hw5_ex1.tbgen.tcl 
Execute       get_config_sdx -target 
Execute       get_config_sdx -profile 
Execute       get_config_rtl -kernel_profile 
Execute       get_config_rtl -stall_sig_gen 
Execute       get_config_rtl -profile 
INFO-FLOW: DBG:CMD: add_json_sdx_info kernel file does not exist, skipping opencl info: /scratch/kmartine/proj_hw5_ex1/solution1/.autopilot/db/kernel.internal.xml
INFO-FLOW: DBG:CMD:       delete-temp-dirs (skipped for debug)
INFO: [HLS 200-111] Finished generating all RTL models Time (s): cpu = 00:00:22 ; elapsed = 00:00:23 . Memory (MB): peak = 1629.855 ; gain = 1228.707 ; free physical = 170204 ; free virtual = 206007
INFO: [VHDL 208-304] Generating VHDL RTL for hw5_ex1.
INFO: [VLOG 209-307] Generating Verilog RTL for hw5_ex1.
Command     autosyn done; 2.32 sec.
Command   csynth_design done; 19.04 sec.
Command ap_source done; 22.73 sec.
Execute cleanup_all 
