

================================================================
== Vivado HLS Report for 'hw5_ex1'
================================================================
* Date:           Wed Apr 22 15:28:28 2026

* Version:        2020.1 (Build 2897737 on Wed May 27 20:21:37 MDT 2020)
* Project:        proj_hw5_ex1
* Solution:       solution1
* Product family: virtexuplus
* Target device:  xcvu9p-flga2104-1-i


================================================================
== Performance Estimates
================================================================
+ Timing: 
    * Summary: 
    +--------+----------+----------+------------+
    |  Clock |  Target  | Estimated| Uncertainty|
    +--------+----------+----------+------------+
    |ap_clk  | 25.00 ns | 8.995 ns |   3.12 ns  |
    +--------+----------+----------+------------+

+ Latency: 
    * Summary: 
    +---------+---------+----------+----------+------+------+---------+
    |  Latency (cycles) |  Latency (absolute) |   Interval  | Pipeline|
    |   min   |   max   |    min   |    max   |  min |  max |   Type  |
    +---------+---------+----------+----------+------+------+---------+
    |     5341|     5341| 0.134 ms | 0.134 ms |  5341|  5341|   none  |
    +---------+---------+----------+----------+------+------+---------+

    + Detail: 
        * Instance: 
        N/A

        * Loop: 
        +-------------+---------+---------+----------+-----------+-----------+------+----------+
        |             |  Latency (cycles) | Iteration|  Initiation Interval  | Trip |          |
        |  Loop Name  |   min   |   max   |  Latency |  achieved |   target  | Count| Pipelined|
        +-------------+---------+---------+----------+-----------+-----------+------+----------+
        |- Loop 1     |     5340|     5340|       178|          -|          -|    30|    no    |
        | + Loop 1.1  |       30|       30|         1|          -|          -|    30|    no    |
        | + Loop 1.2  |       84|       84|         3|          -|          -|    28|    no    |
        | + Loop 1.3  |       60|       60|         2|          -|          -|    30|    no    |
        +-------------+---------+---------+----------+-----------+-----------+------+----------+

============================================================
+ Verbose Summary: Synthesis Manager
============================================================
InlineROM: 1
ExposeGlobal: 0
============================================================
+ Verbose Summary: CDFG Model
============================================================
IsTopModel: 1
ResetActiveHigh: 1
IsCombinational: 0
IsDatapathOnly: 0
HasWiredReturn: 1
HasMFsm: 0
HasVarLatency: 1
IsPipeline: 0
IsRtlPipelined: 0
IsInstanceOverlapped: 0
IsDontTouch: 0
HasImplIP: 0
IsGatedGlobalClock: 0


============================================================
+ Verbose Summary: Schedule
============================================================
* Number of FSM states : 8
* Pipeline : 0
* Dataflow Pipeline: 0

* FSM state transitions: 
1 --> 2 
2 --> 3 
3 --> 3 4 
4 --> 5 7 
5 --> 6 
6 --> 4 
7 --> 8 2 
8 --> 7 

* FSM state operations: 

State 1 <SV = 0> <Delay = 0.73>
ST_1 : Operation 9 [1/1] (0.00ns)   --->   "call void (...)* @_ssdm_op_SpecBitsMap(i960* %B), !map !20"   --->   Operation 9 'specbitsmap' <Predicate = true> <Delay = 0.00>
ST_1 : Operation 10 [1/1] (0.00ns)   --->   "call void (...)* @_ssdm_op_SpecBitsMap(i960* %A), !map !171"   --->   Operation 10 'specbitsmap' <Predicate = true> <Delay = 0.00>
ST_1 : Operation 11 [1/1] (0.00ns)   --->   "call void (...)* @_ssdm_op_SpecTopModule([8 x i8]* @hw5_ex1_str) nounwind"   --->   Operation 11 'spectopmodule' <Predicate = true> <Delay = 0.00>
ST_1 : Operation 12 [1/1] (0.00ns)   --->   "%temp1 = alloca [30 x i32], align 16" [hw5_ex1.cpp:53]   --->   Operation 12 'alloca' 'temp1' <Predicate = true> <Delay = 0.00> <Core = "RAM">   --->   Core 37 'RAM' <Latency = 1> <II = 1> <Delay = 0.73> <Storage> <Opcode : 'load' 'store'> <Ports = 2> <Width = 32> <Depth = 30> <RAM>
ST_1 : Operation 13 [1/1] (0.00ns)   --->   "%temp2 = alloca [30 x i32], align 16" [hw5_ex1.cpp:53]   --->   Operation 13 'alloca' 'temp2' <Predicate = true> <Delay = 0.00> <Core = "RAM">   --->   Core 37 'RAM' <Latency = 1> <II = 1> <Delay = 0.73> <Storage> <Opcode : 'load' 'store'> <Ports = 2> <Width = 32> <Depth = 30> <RAM>
ST_1 : Operation 14 [1/1] (0.73ns)   --->   "br label %1" [hw5_ex1.cpp:55]   --->   Operation 14 'br' <Predicate = true> <Delay = 0.73>

State 2 <SV = 1> <Delay = 0.82>
ST_2 : Operation 15 [1/1] (0.00ns)   --->   "%i_0 = phi i5 [ 0, %0 ], [ %i_2, %hls_label_0_end ]"   --->   Operation 15 'phi' 'i_0' <Predicate = true> <Delay = 0.00>
ST_2 : Operation 16 [1/1] (0.00ns)   --->   "%zext_ln55 = zext i5 %i_0 to i64" [hw5_ex1.cpp:55]   --->   Operation 16 'zext' 'zext_ln55' <Predicate = true> <Delay = 0.00>
ST_2 : Operation 17 [1/1] (0.72ns)   --->   "%icmp_ln55 = icmp eq i5 %i_0, -2" [hw5_ex1.cpp:55]   --->   Operation 17 'icmp' 'icmp_ln55' <Predicate = true> <Delay = 0.72> <Core = "Cmp">   --->   Core 25 'Cmp' <Latency = 0> <II = 1> <Delay = 0.76> <FuncUnit> <Opcode : 'icmp'> <InPorts = 2> <OutPorts = 1>
ST_2 : Operation 18 [1/1] (0.00ns)   --->   "%empty = call i32 (...)* @_ssdm_op_SpecLoopTripCount(i64 30, i64 30, i64 30) nounwind"   --->   Operation 18 'speclooptripcount' 'empty' <Predicate = true> <Delay = 0.00>
ST_2 : Operation 19 [1/1] (0.82ns)   --->   "%i_2 = add i5 %i_0, 1" [hw5_ex1.cpp:55]   --->   Operation 19 'add' 'i_2' <Predicate = true> <Delay = 0.82> <Core = "AddSub">   --->   Core 14 'AddSub' <Latency = 0> <II = 1> <Delay = 0.93> <FuncUnit> <Opcode : 'add' 'sub'> <InPorts = 2> <OutPorts = 1>
ST_2 : Operation 20 [1/1] (0.00ns)   --->   "br i1 %icmp_ln55, label %7, label %hls_label_0_begin" [hw5_ex1.cpp:55]   --->   Operation 20 'br' <Predicate = true> <Delay = 0.00>
ST_2 : Operation 21 [1/1] (0.00ns)   --->   "%tmp = call i32 (...)* @_ssdm_op_SpecRegionBegin([12 x i8]* @p_str2) nounwind" [hw5_ex1.cpp:55]   --->   Operation 21 'specregionbegin' 'tmp' <Predicate = (!icmp_ln55)> <Delay = 0.00>
ST_2 : Operation 22 [1/1] (0.00ns)   --->   "call void (...)* @_ssdm_op_SpecLatency(i32 4, i32 8, [1 x i8]* @p_str1) nounwind" [hw5_ex1.cpp:57]   --->   Operation 22 'speclatency' <Predicate = (!icmp_ln55)> <Delay = 0.00>
ST_2 : Operation 23 [1/1] (0.00ns)   --->   "%temp2_addr = getelementptr inbounds [30 x i32]* %temp2, i64 0, i64 %zext_ln55" [hw5_ex1.cpp:62]   --->   Operation 23 'getelementptr' 'temp2_addr' <Predicate = (!icmp_ln55)> <Delay = 0.00>
ST_2 : Operation 24 [1/1] (0.73ns)   --->   "store i32 0, i32* %temp2_addr, align 4" [hw5_ex1.cpp:62]   --->   Operation 24 'store' <Predicate = (!icmp_ln55)> <Delay = 0.73> <Core = "RAM">   --->   Core 37 'RAM' <Latency = 1> <II = 1> <Delay = 0.73> <Storage> <Opcode : 'load' 'store'> <Ports = 2> <Width = 32> <Depth = 30> <RAM>
ST_2 : Operation 25 [1/1] (0.00ns)   --->   "%A_read = call i960 @_ssdm_op_Read.ap_auto.i960P(i960* %A)"   --->   Operation 25 'read' 'A_read' <Predicate = (!icmp_ln55)> <Delay = 0.00>
ST_2 : Operation 26 [1/1] (0.73ns)   --->   "br label %2" [hw5_ex1.cpp:5]   --->   Operation 26 'br' <Predicate = (!icmp_ln55)> <Delay = 0.73>
ST_2 : Operation 27 [1/1] (0.00ns)   --->   "ret void" [hw5_ex1.cpp:68]   --->   Operation 27 'ret' <Predicate = (icmp_ln55)> <Delay = 0.00>

State 3 <SV = 2> <Delay = 4.24>
ST_3 : Operation 28 [1/1] (0.00ns)   --->   "%i_0_i = phi i5 [ 0, %hls_label_0_begin ], [ %i, %3 ]"   --->   Operation 28 'phi' 'i_0_i' <Predicate = true> <Delay = 0.00>
ST_3 : Operation 29 [1/1] (0.72ns)   --->   "%icmp_ln5 = icmp eq i5 %i_0_i, -2" [hw5_ex1.cpp:5]   --->   Operation 29 'icmp' 'icmp_ln5' <Predicate = true> <Delay = 0.72> <Core = "Cmp">   --->   Core 25 'Cmp' <Latency = 0> <II = 1> <Delay = 0.76> <FuncUnit> <Opcode : 'icmp'> <InPorts = 2> <OutPorts = 1>
ST_3 : Operation 30 [1/1] (0.00ns)   --->   "%empty_7 = call i32 (...)* @_ssdm_op_SpecLoopTripCount(i64 30, i64 30, i64 30)"   --->   Operation 30 'speclooptripcount' 'empty_7' <Predicate = true> <Delay = 0.00>
ST_3 : Operation 31 [1/1] (0.82ns)   --->   "%i = add i5 %i_0_i, 1" [hw5_ex1.cpp:5]   --->   Operation 31 'add' 'i' <Predicate = true> <Delay = 0.82> <Core = "AddSub">   --->   Core 14 'AddSub' <Latency = 0> <II = 1> <Delay = 0.93> <FuncUnit> <Opcode : 'add' 'sub'> <InPorts = 2> <OutPorts = 1>
ST_3 : Operation 32 [1/1] (0.00ns)   --->   "br i1 %icmp_ln5, label %read_data.exit.preheader, label %3" [hw5_ex1.cpp:5]   --->   Operation 32 'br' <Predicate = true> <Delay = 0.00>
ST_3 : Operation 33 [1/1] (0.00ns)   --->   "%zext_ln6 = zext i5 %i_0_i to i64" [hw5_ex1.cpp:6]   --->   Operation 33 'zext' 'zext_ln6' <Predicate = (!icmp_ln5)> <Delay = 0.00>
ST_3 : Operation 34 [1/1] (0.00ns)   --->   "%tmp_1 = call i10 @_ssdm_op_BitConcatenate.i10.i5.i5(i5 %i_0_i, i5 0)" [hw5_ex1.cpp:5]   --->   Operation 34 'bitconcatenate' 'tmp_1' <Predicate = (!icmp_ln5)> <Delay = 0.00>
ST_3 : Operation 35 [1/1] (0.00ns)   --->   "%empty_8 = or i10 %tmp_1, 31" [hw5_ex1.cpp:5]   --->   Operation 35 'or' 'empty_8' <Predicate = (!icmp_ln5)> <Delay = 0.00>
ST_3 : Operation 36 [1/1] (0.76ns)   --->   "%icmp_ln6 = icmp ugt i10 %tmp_1, %empty_8" [hw5_ex1.cpp:6]   --->   Operation 36 'icmp' 'icmp_ln6' <Predicate = (!icmp_ln5)> <Delay = 0.76> <Core = "Cmp">   --->   Core 25 'Cmp' <Latency = 0> <II = 1> <Delay = 0.76> <FuncUnit> <Opcode : 'icmp'> <InPorts = 2> <OutPorts = 1>
ST_3 : Operation 37 [1/1] (0.00ns) (grouped into LUT with out node lshr_ln6)   --->   "%tmp_4 = call i960 @llvm.part.select.i960(i960 %A_read, i32 959, i32 0)" [hw5_ex1.cpp:6]   --->   Operation 37 'partselect' 'tmp_4' <Predicate = (!icmp_ln5)> <Delay = 0.00>
ST_3 : Operation 38 [1/1] (0.93ns)   --->   "%sub_ln6 = sub i10 %tmp_1, %empty_8" [hw5_ex1.cpp:6]   --->   Operation 38 'sub' 'sub_ln6' <Predicate = (!icmp_ln5)> <Delay = 0.93> <Core = "AddSub">   --->   Core 14 'AddSub' <Latency = 0> <II = 1> <Delay = 0.93> <FuncUnit> <Opcode : 'add' 'sub'> <InPorts = 2> <OutPorts = 1>
ST_3 : Operation 39 [1/1] (0.93ns)   --->   "%sub_ln6_1 = sub i10 -65, %tmp_1" [hw5_ex1.cpp:6]   --->   Operation 39 'sub' 'sub_ln6_1' <Predicate = (!icmp_ln5)> <Delay = 0.93> <Core = "AddSub">   --->   Core 14 'AddSub' <Latency = 0> <II = 1> <Delay = 0.93> <FuncUnit> <Opcode : 'add' 'sub'> <InPorts = 2> <OutPorts = 1>
ST_3 : Operation 40 [1/1] (0.93ns)   --->   "%sub_ln6_2 = sub i10 %empty_8, %tmp_1" [hw5_ex1.cpp:6]   --->   Operation 40 'sub' 'sub_ln6_2' <Predicate = (!icmp_ln5)> <Delay = 0.93> <Core = "AddSub">   --->   Core 14 'AddSub' <Latency = 0> <II = 1> <Delay = 0.93> <FuncUnit> <Opcode : 'add' 'sub'> <InPorts = 2> <OutPorts = 1>
ST_3 : Operation 41 [1/1] (0.00ns) (grouped into LUT with out node sub_ln6_3)   --->   "%select_ln6 = select i1 %icmp_ln6, i10 %sub_ln6, i10 %sub_ln6_2" [hw5_ex1.cpp:6]   --->   Operation 41 'select' 'select_ln6' <Predicate = (!icmp_ln5)> <Delay = 0.00> <Core = "Sel">   --->   Core 26 'Sel' <Latency = 0> <II = 1> <Delay = 0.87> <FuncUnit> <Opcode : 'select'> <InPorts = 3> <OutPorts = 1>
ST_3 : Operation 42 [1/1] (0.00ns) (grouped into LUT with out node lshr_ln6)   --->   "%select_ln6_1 = select i1 %icmp_ln6, i960 %tmp_4, i960 %A_read" [hw5_ex1.cpp:6]   --->   Operation 42 'select' 'select_ln6_1' <Predicate = (!icmp_ln5)> <Delay = 0.00> <Core = "Sel">   --->   Core 26 'Sel' <Latency = 0> <II = 1> <Delay = 0.87> <FuncUnit> <Opcode : 'select'> <InPorts = 3> <OutPorts = 1>
ST_3 : Operation 43 [1/1] (0.00ns) (grouped into LUT with out node lshr_ln6)   --->   "%select_ln6_2 = select i1 %icmp_ln6, i10 %sub_ln6_1, i10 %tmp_1" [hw5_ex1.cpp:6]   --->   Operation 43 'select' 'select_ln6_2' <Predicate = (!icmp_ln5)> <Delay = 0.00> <Core = "Sel">   --->   Core 26 'Sel' <Latency = 0> <II = 1> <Delay = 0.87> <FuncUnit> <Opcode : 'select'> <InPorts = 3> <OutPorts = 1>
ST_3 : Operation 44 [1/1] (0.93ns) (out node of the LUT)   --->   "%sub_ln6_3 = sub i10 -65, %select_ln6" [hw5_ex1.cpp:6]   --->   Operation 44 'sub' 'sub_ln6_3' <Predicate = (!icmp_ln5)> <Delay = 0.93> <Core = "AddSub">   --->   Core 14 'AddSub' <Latency = 0> <II = 1> <Delay = 0.93> <FuncUnit> <Opcode : 'add' 'sub'> <InPorts = 2> <OutPorts = 1>
ST_3 : Operation 45 [1/1] (0.00ns) (grouped into LUT with out node lshr_ln6)   --->   "%zext_ln6_1 = zext i10 %select_ln6_2 to i960" [hw5_ex1.cpp:6]   --->   Operation 45 'zext' 'zext_ln6_1' <Predicate = (!icmp_ln5)> <Delay = 0.00>
ST_3 : Operation 46 [1/1] (0.00ns) (grouped into LUT with out node and_ln6)   --->   "%zext_ln6_2 = zext i10 %sub_ln6_3 to i960" [hw5_ex1.cpp:6]   --->   Operation 46 'zext' 'zext_ln6_2' <Predicate = (!icmp_ln5)> <Delay = 0.00>
ST_3 : Operation 47 [1/1] (1.72ns) (out node of the LUT)   --->   "%lshr_ln6 = lshr i960 %select_ln6_1, %zext_ln6_1" [hw5_ex1.cpp:6]   --->   Operation 47 'lshr' 'lshr_ln6' <Predicate = (!icmp_ln5)> <Delay = 1.72> <Core = "Shift">   --->   Core 28 'Shift' <Latency = 0> <II = 1> <Delay = 0.84> <FuncUnit> <Opcode : 'shl' 'lshr' 'ashr'> <InPorts = 2> <OutPorts = 1>
ST_3 : Operation 48 [1/1] (0.00ns) (grouped into LUT with out node and_ln6)   --->   "%lshr_ln6_1 = lshr i960 -1, %zext_ln6_2" [hw5_ex1.cpp:6]   --->   Operation 48 'lshr' 'lshr_ln6_1' <Predicate = (!icmp_ln5)> <Delay = 0.00> <Core = "Shift">   --->   Core 28 'Shift' <Latency = 0> <II = 1> <Delay = 0.84> <FuncUnit> <Opcode : 'shl' 'lshr' 'ashr'> <InPorts = 2> <OutPorts = 1>
ST_3 : Operation 49 [1/1] (0.84ns) (out node of the LUT)   --->   "%and_ln6 = and i960 %lshr_ln6, %lshr_ln6_1" [hw5_ex1.cpp:6]   --->   Operation 49 'and' 'and_ln6' <Predicate = (!icmp_ln5)> <Delay = 0.84> <Core = "LogicGate">   --->   Core 27 'LogicGate' <Latency = 0> <II = 1> <Delay = 0.36> <FuncUnit> <Opcode : 'and' 'or' 'xor'> <InPorts = 2> <OutPorts = 1>
ST_3 : Operation 50 [1/1] (0.00ns)   --->   "%trunc_ln6 = trunc i960 %and_ln6 to i32" [hw5_ex1.cpp:6]   --->   Operation 50 'trunc' 'trunc_ln6' <Predicate = (!icmp_ln5)> <Delay = 0.00>
ST_3 : Operation 51 [1/1] (0.00ns)   --->   "%temp1_addr = getelementptr [30 x i32]* %temp1, i64 0, i64 %zext_ln6" [hw5_ex1.cpp:6]   --->   Operation 51 'getelementptr' 'temp1_addr' <Predicate = (!icmp_ln5)> <Delay = 0.00>
ST_3 : Operation 52 [1/1] (0.73ns)   --->   "store i32 %trunc_ln6, i32* %temp1_addr, align 4" [hw5_ex1.cpp:6]   --->   Operation 52 'store' <Predicate = (!icmp_ln5)> <Delay = 0.73> <Core = "RAM">   --->   Core 37 'RAM' <Latency = 1> <II = 1> <Delay = 0.73> <Storage> <Opcode : 'load' 'store'> <Ports = 2> <Width = 32> <Depth = 30> <RAM>
ST_3 : Operation 53 [1/1] (0.00ns)   --->   "br label %2" [hw5_ex1.cpp:5]   --->   Operation 53 'br' <Predicate = (!icmp_ln5)> <Delay = 0.00>
ST_3 : Operation 54 [1/1] (0.73ns)   --->   "br label %read_data.exit" [hw5_ex1.cpp:11->hw5_ex1.cpp:65]   --->   Operation 54 'br' <Predicate = (icmp_ln5)> <Delay = 0.73>

State 4 <SV = 3> <Delay = 1.55>
ST_4 : Operation 55 [1/1] (0.00ns)   --->   "%i_0_i3 = phi i5 [ %i_1, %4 ], [ 1, %read_data.exit.preheader ]"   --->   Operation 55 'phi' 'i_0_i3' <Predicate = true> <Delay = 0.00>
ST_4 : Operation 56 [1/1] (0.72ns)   --->   "%icmp_ln11 = icmp eq i5 %i_0_i3, -3" [hw5_ex1.cpp:11->hw5_ex1.cpp:65]   --->   Operation 56 'icmp' 'icmp_ln11' <Predicate = true> <Delay = 0.72> <Core = "Cmp">   --->   Core 25 'Cmp' <Latency = 0> <II = 1> <Delay = 0.76> <FuncUnit> <Opcode : 'icmp'> <InPorts = 2> <OutPorts = 1>
ST_4 : Operation 57 [1/1] (0.00ns)   --->   "%empty_9 = call i32 (...)* @_ssdm_op_SpecLoopTripCount(i64 28, i64 28, i64 28) nounwind"   --->   Operation 57 'speclooptripcount' 'empty_9' <Predicate = true> <Delay = 0.00>
ST_4 : Operation 58 [1/1] (0.00ns)   --->   "br i1 %icmp_ln11, label %compute_blur.exit, label %4" [hw5_ex1.cpp:11->hw5_ex1.cpp:65]   --->   Operation 58 'br' <Predicate = true> <Delay = 0.00>
ST_4 : Operation 59 [1/1] (0.82ns)   --->   "%add_ln12 = add i5 %i_0_i3, -1" [hw5_ex1.cpp:12->hw5_ex1.cpp:65]   --->   Operation 59 'add' 'add_ln12' <Predicate = (!icmp_ln11)> <Delay = 0.82> <Core = "AddSub">   --->   Core 14 'AddSub' <Latency = 0> <II = 1> <Delay = 0.93> <FuncUnit> <Opcode : 'add' 'sub'> <InPorts = 2> <OutPorts = 1>
ST_4 : Operation 60 [1/1] (0.00ns)   --->   "%zext_ln12 = zext i5 %add_ln12 to i64" [hw5_ex1.cpp:12->hw5_ex1.cpp:65]   --->   Operation 60 'zext' 'zext_ln12' <Predicate = (!icmp_ln11)> <Delay = 0.00>
ST_4 : Operation 61 [1/1] (0.00ns)   --->   "%temp1_addr_1 = getelementptr [30 x i32]* %temp1, i64 0, i64 %zext_ln12" [hw5_ex1.cpp:12->hw5_ex1.cpp:65]   --->   Operation 61 'getelementptr' 'temp1_addr_1' <Predicate = (!icmp_ln11)> <Delay = 0.00>
ST_4 : Operation 62 [2/2] (0.73ns)   --->   "%temp1_load = load i32* %temp1_addr_1, align 4" [hw5_ex1.cpp:12->hw5_ex1.cpp:65]   --->   Operation 62 'load' 'temp1_load' <Predicate = (!icmp_ln11)> <Delay = 0.73> <Core = "RAM">   --->   Core 37 'RAM' <Latency = 1> <II = 1> <Delay = 0.73> <Storage> <Opcode : 'load' 'store'> <Ports = 2> <Width = 32> <Depth = 30> <RAM>
ST_4 : Operation 63 [1/1] (0.00ns)   --->   "%B_read = call i960 @_ssdm_op_Read.ap_auto.i960P(i960* %B)"   --->   Operation 63 'read' 'B_read' <Predicate = (icmp_ln11)> <Delay = 0.00>
ST_4 : Operation 64 [1/1] (0.73ns)   --->   "br label %5" [hw5_ex1.cpp:17]   --->   Operation 64 'br' <Predicate = (icmp_ln11)> <Delay = 0.73>

State 5 <SV = 4> <Delay = 1.55>
ST_5 : Operation 65 [1/2] (0.73ns)   --->   "%temp1_load = load i32* %temp1_addr_1, align 4" [hw5_ex1.cpp:12->hw5_ex1.cpp:65]   --->   Operation 65 'load' 'temp1_load' <Predicate = true> <Delay = 0.73> <Core = "RAM">   --->   Core 37 'RAM' <Latency = 1> <II = 1> <Delay = 0.73> <Storage> <Opcode : 'load' 'store'> <Ports = 2> <Width = 32> <Depth = 30> <RAM>
ST_5 : Operation 66 [1/1] (0.00ns)   --->   "%zext_ln12_1 = zext i5 %i_0_i3 to i64" [hw5_ex1.cpp:12->hw5_ex1.cpp:65]   --->   Operation 66 'zext' 'zext_ln12_1' <Predicate = true> <Delay = 0.00>
ST_5 : Operation 67 [1/1] (0.00ns)   --->   "%temp1_addr_2 = getelementptr [30 x i32]* %temp1, i64 0, i64 %zext_ln12_1" [hw5_ex1.cpp:12->hw5_ex1.cpp:65]   --->   Operation 67 'getelementptr' 'temp1_addr_2' <Predicate = true> <Delay = 0.00>
ST_5 : Operation 68 [2/2] (0.73ns)   --->   "%temp1_load_1 = load i32* %temp1_addr_2, align 4" [hw5_ex1.cpp:12->hw5_ex1.cpp:65]   --->   Operation 68 'load' 'temp1_load_1' <Predicate = true> <Delay = 0.73> <Core = "RAM">   --->   Core 37 'RAM' <Latency = 1> <II = 1> <Delay = 0.73> <Storage> <Opcode : 'load' 'store'> <Ports = 2> <Width = 32> <Depth = 30> <RAM>
ST_5 : Operation 69 [1/1] (0.82ns)   --->   "%i_1 = add i5 %i_0_i3, 1" [hw5_ex1.cpp:12->hw5_ex1.cpp:65]   --->   Operation 69 'add' 'i_1' <Predicate = true> <Delay = 0.82> <Core = "AddSub">   --->   Core 14 'AddSub' <Latency = 0> <II = 1> <Delay = 0.93> <FuncUnit> <Opcode : 'add' 'sub'> <InPorts = 2> <OutPorts = 1>
ST_5 : Operation 70 [1/1] (0.00ns)   --->   "%zext_ln12_2 = zext i5 %i_1 to i64" [hw5_ex1.cpp:12->hw5_ex1.cpp:65]   --->   Operation 70 'zext' 'zext_ln12_2' <Predicate = true> <Delay = 0.00>
ST_5 : Operation 71 [1/1] (0.00ns)   --->   "%temp1_addr_3 = getelementptr [30 x i32]* %temp1, i64 0, i64 %zext_ln12_2" [hw5_ex1.cpp:12->hw5_ex1.cpp:65]   --->   Operation 71 'getelementptr' 'temp1_addr_3' <Predicate = true> <Delay = 0.00>
ST_5 : Operation 72 [2/2] (0.73ns)   --->   "%temp1_load_2 = load i32* %temp1_addr_3, align 4" [hw5_ex1.cpp:12->hw5_ex1.cpp:65]   --->   Operation 72 'load' 'temp1_load_2' <Predicate = true> <Delay = 0.73> <Core = "RAM">   --->   Core 37 'RAM' <Latency = 1> <II = 1> <Delay = 0.73> <Storage> <Opcode : 'load' 'store'> <Ports = 2> <Width = 32> <Depth = 30> <RAM>

State 6 <SV = 5> <Delay = 8.99>
ST_6 : Operation 73 [1/2] (0.73ns)   --->   "%temp1_load_1 = load i32* %temp1_addr_2, align 4" [hw5_ex1.cpp:12->hw5_ex1.cpp:65]   --->   Operation 73 'load' 'temp1_load_1' <Predicate = true> <Delay = 0.73> <Core = "RAM">   --->   Core 37 'RAM' <Latency = 1> <II = 1> <Delay = 0.73> <Storage> <Opcode : 'load' 'store'> <Ports = 2> <Width = 32> <Depth = 30> <RAM>
ST_6 : Operation 74 [1/2] (0.73ns)   --->   "%temp1_load_2 = load i32* %temp1_addr_3, align 4" [hw5_ex1.cpp:12->hw5_ex1.cpp:65]   --->   Operation 74 'load' 'temp1_load_2' <Predicate = true> <Delay = 0.73> <Core = "RAM">   --->   Core 37 'RAM' <Latency = 1> <II = 1> <Delay = 0.73> <Storage> <Opcode : 'load' 'store'> <Ports = 2> <Width = 32> <Depth = 30> <RAM>
ST_6 : Operation 75 [1/1] (0.00ns) (grouped into TernaryAdder)   --->   "%add_ln12_2 = add i32 %temp1_load_1, %temp1_load_2" [hw5_ex1.cpp:12->hw5_ex1.cpp:65]   --->   Operation 75 'add' 'add_ln12_2' <Predicate = true> <Delay = 0.00> <Core = "TAddSub">   --->   Core 83 'TAddSub' <Latency = 0> <II = 1> <Delay = 0.45> <IPBlock> <Opcode : 'add' 'sub'> <InPorts = 3> <OutPorts = 1> <Sync> <CReg>
ST_6 : Operation 76 [1/1] (0.90ns) (root node of TernaryAdder)   --->   "%add_ln12_3 = add i32 %add_ln12_2, %temp1_load" [hw5_ex1.cpp:12->hw5_ex1.cpp:65]   --->   Operation 76 'add' 'add_ln12_3' <Predicate = true> <Delay = 0.90> <Core = "TAddSub">   --->   Core 83 'TAddSub' <Latency = 0> <II = 1> <Delay = 0.45> <IPBlock> <Opcode : 'add' 'sub'> <InPorts = 3> <OutPorts = 1> <Sync> <CReg>
ST_6 : Operation 77 [1/1] (0.00ns)   --->   "%sext_ln12 = sext i32 %add_ln12_3 to i65" [hw5_ex1.cpp:12->hw5_ex1.cpp:65]   --->   Operation 77 'sext' 'sext_ln12' <Predicate = true> <Delay = 0.00>
ST_6 : Operation 78 [1/1] (3.83ns)   --->   "%mul_ln12 = mul i65 %sext_ln12, 5726623062" [hw5_ex1.cpp:12->hw5_ex1.cpp:65]   --->   Operation 78 'mul' 'mul_ln12' <Predicate = true> <Delay = 3.83> <Core = "Mul">   --->   Core 16 'Mul' <Latency = 0> <II = 1> <Delay = 3.83> <FuncUnit> <Opcode : 'mul'> <InPorts = 2> <OutPorts = 1>
ST_6 : Operation 79 [1/1] (1.36ns)   --->   "%sub_ln12 = sub i65 0, %mul_ln12" [hw5_ex1.cpp:12->hw5_ex1.cpp:65]   --->   Operation 79 'sub' 'sub_ln12' <Predicate = true> <Delay = 1.36> <Core = "AddSub">   --->   Core 14 'AddSub' <Latency = 0> <II = 1> <Delay = 0.93> <FuncUnit> <Opcode : 'add' 'sub'> <InPorts = 2> <OutPorts = 1>
ST_6 : Operation 80 [1/1] (0.00ns)   --->   "%tmp_5 = call i1 @_ssdm_op_BitSelect.i1.i32.i32(i32 %add_ln12_3, i32 31)" [hw5_ex1.cpp:12->hw5_ex1.cpp:65]   --->   Operation 80 'bitselect' 'tmp_5' <Predicate = true> <Delay = 0.00>
ST_6 : Operation 81 [1/1] (0.00ns) (grouped into LUT with out node sub_ln12_1)   --->   "%tmp_6 = call i31 @_ssdm_op_PartSelect.i31.i65.i32.i32(i65 %sub_ln12, i32 34, i32 64)" [hw5_ex1.cpp:12->hw5_ex1.cpp:65]   --->   Operation 81 'partselect' 'tmp_6' <Predicate = true> <Delay = 0.00>
ST_6 : Operation 82 [1/1] (0.00ns) (grouped into LUT with out node sub_ln12_1)   --->   "%sext_ln12_1 = sext i31 %tmp_6 to i32" [hw5_ex1.cpp:12->hw5_ex1.cpp:65]   --->   Operation 82 'sext' 'sext_ln12_1' <Predicate = true> <Delay = 0.00>
ST_6 : Operation 83 [1/1] (0.00ns)   --->   "%tmp_7 = call i31 @_ssdm_op_PartSelect.i31.i65.i32.i32(i65 %mul_ln12, i32 34, i32 64)" [hw5_ex1.cpp:12->hw5_ex1.cpp:65]   --->   Operation 83 'partselect' 'tmp_7' <Predicate = true> <Delay = 0.00>
ST_6 : Operation 84 [1/1] (0.00ns)   --->   "%sext_ln12_2 = sext i31 %tmp_7 to i32" [hw5_ex1.cpp:12->hw5_ex1.cpp:65]   --->   Operation 84 'sext' 'sext_ln12_2' <Predicate = true> <Delay = 0.00>
ST_6 : Operation 85 [1/1] (0.00ns) (grouped into LUT with out node sub_ln12_1)   --->   "%select_ln12 = select i1 %tmp_5, i32 %sext_ln12_1, i32 %sext_ln12_2" [hw5_ex1.cpp:12->hw5_ex1.cpp:65]   --->   Operation 85 'select' 'select_ln12' <Predicate = true> <Delay = 0.00> <Core = "Sel">   --->   Core 26 'Sel' <Latency = 0> <II = 1> <Delay = 0.87> <FuncUnit> <Opcode : 'select'> <InPorts = 3> <OutPorts = 1>
ST_6 : Operation 86 [1/1] (1.14ns) (out node of the LUT)   --->   "%sub_ln12_1 = sub i32 0, %select_ln12" [hw5_ex1.cpp:12->hw5_ex1.cpp:65]   --->   Operation 86 'sub' 'sub_ln12_1' <Predicate = true> <Delay = 1.14> <Core = "AddSub">   --->   Core 14 'AddSub' <Latency = 0> <II = 1> <Delay = 0.93> <FuncUnit> <Opcode : 'add' 'sub'> <InPorts = 2> <OutPorts = 1>
ST_6 : Operation 87 [1/1] (0.28ns)   --->   "%select_ln12_1 = select i1 %tmp_5, i32 %sub_ln12_1, i32 %sext_ln12_2" [hw5_ex1.cpp:12->hw5_ex1.cpp:65]   --->   Operation 87 'select' 'select_ln12_1' <Predicate = true> <Delay = 0.28> <Core = "Sel">   --->   Core 26 'Sel' <Latency = 0> <II = 1> <Delay = 0.87> <FuncUnit> <Opcode : 'select'> <InPorts = 3> <OutPorts = 1>
ST_6 : Operation 88 [1/1] (0.00ns)   --->   "%temp2_addr_1 = getelementptr [30 x i32]* %temp2, i64 0, i64 %zext_ln12_1" [hw5_ex1.cpp:12->hw5_ex1.cpp:65]   --->   Operation 88 'getelementptr' 'temp2_addr_1' <Predicate = true> <Delay = 0.00>
ST_6 : Operation 89 [1/1] (0.73ns)   --->   "store i32 %select_ln12_1, i32* %temp2_addr_1, align 4" [hw5_ex1.cpp:12->hw5_ex1.cpp:65]   --->   Operation 89 'store' <Predicate = true> <Delay = 0.73> <Core = "RAM">   --->   Core 37 'RAM' <Latency = 1> <II = 1> <Delay = 0.73> <Storage> <Opcode : 'load' 'store'> <Ports = 2> <Width = 32> <Depth = 30> <RAM>
ST_6 : Operation 90 [1/1] (0.00ns)   --->   "br label %read_data.exit" [hw5_ex1.cpp:11->hw5_ex1.cpp:65]   --->   Operation 90 'br' <Predicate = true> <Delay = 0.00>

State 7 <SV = 4> <Delay = 0.82>
ST_7 : Operation 91 [1/1] (0.00ns)   --->   "%out_w_0_i = phi i960 [ %B_read, %compute_blur.exit ], [ %or_ln18, %6 ]" [hw5_ex1.cpp:18]   --->   Operation 91 'phi' 'out_w_0_i' <Predicate = true> <Delay = 0.00>
ST_7 : Operation 92 [1/1] (0.00ns)   --->   "%i_0_i5 = phi i5 [ 0, %compute_blur.exit ], [ %i_3, %6 ]"   --->   Operation 92 'phi' 'i_0_i5' <Predicate = true> <Delay = 0.00>
ST_7 : Operation 93 [1/1] (0.72ns)   --->   "%icmp_ln17 = icmp eq i5 %i_0_i5, -2" [hw5_ex1.cpp:17]   --->   Operation 93 'icmp' 'icmp_ln17' <Predicate = true> <Delay = 0.72> <Core = "Cmp">   --->   Core 25 'Cmp' <Latency = 0> <II = 1> <Delay = 0.76> <FuncUnit> <Opcode : 'icmp'> <InPorts = 2> <OutPorts = 1>
ST_7 : Operation 94 [1/1] (0.00ns)   --->   "%empty_10 = call i32 (...)* @_ssdm_op_SpecLoopTripCount(i64 30, i64 30, i64 30)"   --->   Operation 94 'speclooptripcount' 'empty_10' <Predicate = true> <Delay = 0.00>
ST_7 : Operation 95 [1/1] (0.82ns)   --->   "%i_3 = add i5 %i_0_i5, 1" [hw5_ex1.cpp:17]   --->   Operation 95 'add' 'i_3' <Predicate = true> <Delay = 0.82> <Core = "AddSub">   --->   Core 14 'AddSub' <Latency = 0> <II = 1> <Delay = 0.93> <FuncUnit> <Opcode : 'add' 'sub'> <InPorts = 2> <OutPorts = 1>
ST_7 : Operation 96 [1/1] (0.00ns)   --->   "br i1 %icmp_ln17, label %hls_label_0_end, label %6" [hw5_ex1.cpp:17]   --->   Operation 96 'br' <Predicate = true> <Delay = 0.00>
ST_7 : Operation 97 [1/1] (0.00ns)   --->   "%zext_ln18 = zext i5 %i_0_i5 to i64" [hw5_ex1.cpp:18]   --->   Operation 97 'zext' 'zext_ln18' <Predicate = (!icmp_ln17)> <Delay = 0.00>
ST_7 : Operation 98 [1/1] (0.00ns)   --->   "%temp2_addr_2 = getelementptr [30 x i32]* %temp2, i64 0, i64 %zext_ln18" [hw5_ex1.cpp:18]   --->   Operation 98 'getelementptr' 'temp2_addr_2' <Predicate = (!icmp_ln17)> <Delay = 0.00>
ST_7 : Operation 99 [2/2] (0.73ns)   --->   "%temp2_load = load i32* %temp2_addr_2, align 4" [hw5_ex1.cpp:18]   --->   Operation 99 'load' 'temp2_load' <Predicate = (!icmp_ln17)> <Delay = 0.73> <Core = "RAM">   --->   Core 37 'RAM' <Latency = 1> <II = 1> <Delay = 0.73> <Storage> <Opcode : 'load' 'store'> <Ports = 2> <Width = 32> <Depth = 30> <RAM>
ST_7 : Operation 100 [1/1] (0.00ns)   --->   "call void @_ssdm_op_Write.ap_auto.i960P(i960* %B, i960 %out_w_0_i)" [hw5_ex1.cpp:18]   --->   Operation 100 'write' <Predicate = (icmp_ln17)> <Delay = 0.00>
ST_7 : Operation 101 [1/1] (0.00ns)   --->   "%empty_12 = call i32 (...)* @_ssdm_op_SpecRegionEnd([12 x i8]* @p_str2, i32 %tmp) nounwind" [hw5_ex1.cpp:67]   --->   Operation 101 'specregionend' 'empty_12' <Predicate = (icmp_ln17)> <Delay = 0.00>
ST_7 : Operation 102 [1/1] (0.00ns)   --->   "br label %1" [hw5_ex1.cpp:55]   --->   Operation 102 'br' <Predicate = (icmp_ln17)> <Delay = 0.00>

State 8 <SV = 5> <Delay = 3.43>
ST_8 : Operation 103 [1/2] (0.73ns)   --->   "%temp2_load = load i32* %temp2_addr_2, align 4" [hw5_ex1.cpp:18]   --->   Operation 103 'load' 'temp2_load' <Predicate = true> <Delay = 0.73> <Core = "RAM">   --->   Core 37 'RAM' <Latency = 1> <II = 1> <Delay = 0.73> <Storage> <Opcode : 'load' 'store'> <Ports = 2> <Width = 32> <Depth = 30> <RAM>
ST_8 : Operation 104 [1/1] (0.00ns)   --->   "%shl_ln = call i10 @_ssdm_op_BitConcatenate.i10.i5.i5(i5 %i_0_i5, i5 0)" [hw5_ex1.cpp:18]   --->   Operation 104 'bitconcatenate' 'shl_ln' <Predicate = true> <Delay = 0.00>
ST_8 : Operation 105 [1/1] (0.00ns)   --->   "%empty_11 = or i10 %shl_ln, 31" [hw5_ex1.cpp:18]   --->   Operation 105 'or' 'empty_11' <Predicate = true> <Delay = 0.00>
ST_8 : Operation 106 [1/1] (0.76ns)   --->   "%icmp_ln18 = icmp ugt i10 %shl_ln, %empty_11" [hw5_ex1.cpp:18]   --->   Operation 106 'icmp' 'icmp_ln18' <Predicate = true> <Delay = 0.76> <Core = "Cmp">   --->   Core 25 'Cmp' <Latency = 0> <II = 1> <Delay = 0.76> <FuncUnit> <Opcode : 'icmp'> <InPorts = 2> <OutPorts = 1>
ST_8 : Operation 107 [1/1] (0.00ns) (grouped into LUT with out node shl_ln18)   --->   "%zext_ln18_1 = zext i32 %temp2_load to i960" [hw5_ex1.cpp:18]   --->   Operation 107 'zext' 'zext_ln18_1' <Predicate = true> <Delay = 0.00>
ST_8 : Operation 108 [1/1] (0.93ns)   --->   "%sub_ln18 = sub i10 -65, %shl_ln" [hw5_ex1.cpp:18]   --->   Operation 108 'sub' 'sub_ln18' <Predicate = true> <Delay = 0.93> <Core = "AddSub">   --->   Core 14 'AddSub' <Latency = 0> <II = 1> <Delay = 0.93> <FuncUnit> <Opcode : 'add' 'sub'> <InPorts = 2> <OutPorts = 1>
ST_8 : Operation 109 [1/1] (0.00ns) (grouped into LUT with out node sub_ln18_1)   --->   "%select_ln18 = select i1 %icmp_ln18, i10 %shl_ln, i10 %empty_11" [hw5_ex1.cpp:18]   --->   Operation 109 'select' 'select_ln18' <Predicate = true> <Delay = 0.00> <Core = "Sel">   --->   Core 26 'Sel' <Latency = 0> <II = 1> <Delay = 0.87> <FuncUnit> <Opcode : 'select'> <InPorts = 3> <OutPorts = 1>
ST_8 : Operation 110 [1/1] (0.00ns) (grouped into LUT with out node and_ln18)   --->   "%select_ln18_1 = select i1 %icmp_ln18, i10 %empty_11, i10 %shl_ln" [hw5_ex1.cpp:18]   --->   Operation 110 'select' 'select_ln18_1' <Predicate = true> <Delay = 0.00> <Core = "Sel">   --->   Core 26 'Sel' <Latency = 0> <II = 1> <Delay = 0.87> <FuncUnit> <Opcode : 'select'> <InPorts = 3> <OutPorts = 1>
ST_8 : Operation 111 [1/1] (0.00ns) (grouped into LUT with out node shl_ln18)   --->   "%select_ln18_2 = select i1 %icmp_ln18, i10 %sub_ln18, i10 %shl_ln" [hw5_ex1.cpp:18]   --->   Operation 111 'select' 'select_ln18_2' <Predicate = true> <Delay = 0.00> <Core = "Sel">   --->   Core 26 'Sel' <Latency = 0> <II = 1> <Delay = 0.87> <FuncUnit> <Opcode : 'select'> <InPorts = 3> <OutPorts = 1>
ST_8 : Operation 112 [1/1] (0.93ns) (out node of the LUT)   --->   "%sub_ln18_1 = sub i10 -65, %select_ln18" [hw5_ex1.cpp:18]   --->   Operation 112 'sub' 'sub_ln18_1' <Predicate = true> <Delay = 0.93> <Core = "AddSub">   --->   Core 14 'AddSub' <Latency = 0> <II = 1> <Delay = 0.93> <FuncUnit> <Opcode : 'add' 'sub'> <InPorts = 2> <OutPorts = 1>
ST_8 : Operation 113 [1/1] (0.00ns) (grouped into LUT with out node shl_ln18)   --->   "%zext_ln18_2 = zext i10 %select_ln18_2 to i960" [hw5_ex1.cpp:18]   --->   Operation 113 'zext' 'zext_ln18_2' <Predicate = true> <Delay = 0.00>
ST_8 : Operation 114 [1/1] (0.00ns) (grouped into LUT with out node and_ln18)   --->   "%zext_ln18_3 = zext i10 %select_ln18_1 to i960" [hw5_ex1.cpp:18]   --->   Operation 114 'zext' 'zext_ln18_3' <Predicate = true> <Delay = 0.00>
ST_8 : Operation 115 [1/1] (0.00ns) (grouped into LUT with out node and_ln18)   --->   "%zext_ln18_4 = zext i10 %sub_ln18_1 to i960" [hw5_ex1.cpp:18]   --->   Operation 115 'zext' 'zext_ln18_4' <Predicate = true> <Delay = 0.00>
ST_8 : Operation 116 [1/1] (1.27ns) (out node of the LUT)   --->   "%shl_ln18 = shl i960 %zext_ln18_1, %zext_ln18_2" [hw5_ex1.cpp:18]   --->   Operation 116 'shl' 'shl_ln18' <Predicate = true> <Delay = 1.27> <Core = "Shift">   --->   Core 28 'Shift' <Latency = 0> <II = 1> <Delay = 0.84> <FuncUnit> <Opcode : 'shl' 'lshr' 'ashr'> <InPorts = 2> <OutPorts = 1>
ST_8 : Operation 117 [1/1] (0.00ns) (grouped into LUT with out node or_ln18)   --->   "%tmp_8 = call i960 @llvm.part.select.i960(i960 %shl_ln18, i32 959, i32 0)" [hw5_ex1.cpp:18]   --->   Operation 117 'partselect' 'tmp_8' <Predicate = true> <Delay = 0.00>
ST_8 : Operation 118 [1/1] (0.00ns) (grouped into LUT with out node or_ln18)   --->   "%select_ln18_3 = select i1 %icmp_ln18, i960 %tmp_8, i960 %shl_ln18" [hw5_ex1.cpp:18]   --->   Operation 118 'select' 'select_ln18_3' <Predicate = true> <Delay = 0.00> <Core = "Sel">   --->   Core 26 'Sel' <Latency = 0> <II = 1> <Delay = 0.87> <FuncUnit> <Opcode : 'select'> <InPorts = 3> <OutPorts = 1>
ST_8 : Operation 119 [1/1] (0.00ns) (grouped into LUT with out node and_ln18)   --->   "%shl_ln18_1 = shl i960 -1, %zext_ln18_3" [hw5_ex1.cpp:18]   --->   Operation 119 'shl' 'shl_ln18_1' <Predicate = true> <Delay = 0.00> <Core = "Shift">   --->   Core 28 'Shift' <Latency = 0> <II = 1> <Delay = 0.84> <FuncUnit> <Opcode : 'shl' 'lshr' 'ashr'> <InPorts = 2> <OutPorts = 1>
ST_8 : Operation 120 [1/1] (0.00ns) (grouped into LUT with out node and_ln18)   --->   "%lshr_ln18 = lshr i960 -1, %zext_ln18_4" [hw5_ex1.cpp:18]   --->   Operation 120 'lshr' 'lshr_ln18' <Predicate = true> <Delay = 0.00> <Core = "Shift">   --->   Core 28 'Shift' <Latency = 0> <II = 1> <Delay = 0.84> <FuncUnit> <Opcode : 'shl' 'lshr' 'ashr'> <InPorts = 2> <OutPorts = 1>
ST_8 : Operation 121 [1/1] (0.84ns) (out node of the LUT)   --->   "%and_ln18 = and i960 %shl_ln18_1, %lshr_ln18" [hw5_ex1.cpp:18]   --->   Operation 121 'and' 'and_ln18' <Predicate = true> <Delay = 0.84> <Core = "LogicGate">   --->   Core 27 'LogicGate' <Latency = 0> <II = 1> <Delay = 0.36> <FuncUnit> <Opcode : 'and' 'or' 'xor'> <InPorts = 2> <OutPorts = 1>
ST_8 : Operation 122 [1/1] (0.00ns) (grouped into LUT with out node or_ln18)   --->   "%xor_ln18 = xor i960 %and_ln18, -1" [hw5_ex1.cpp:18]   --->   Operation 122 'xor' 'xor_ln18' <Predicate = true> <Delay = 0.00> <Core = "LogicGate">   --->   Core 27 'LogicGate' <Latency = 0> <II = 1> <Delay = 0.36> <FuncUnit> <Opcode : 'and' 'or' 'xor'> <InPorts = 2> <OutPorts = 1>
ST_8 : Operation 123 [1/1] (0.00ns) (grouped into LUT with out node or_ln18)   --->   "%and_ln18_1 = and i960 %out_w_0_i, %xor_ln18" [hw5_ex1.cpp:18]   --->   Operation 123 'and' 'and_ln18_1' <Predicate = true> <Delay = 0.00> <Core = "LogicGate">   --->   Core 27 'LogicGate' <Latency = 0> <II = 1> <Delay = 0.36> <FuncUnit> <Opcode : 'and' 'or' 'xor'> <InPorts = 2> <OutPorts = 1>
ST_8 : Operation 124 [1/1] (0.00ns) (grouped into LUT with out node or_ln18)   --->   "%and_ln18_2 = and i960 %select_ln18_3, %and_ln18" [hw5_ex1.cpp:18]   --->   Operation 124 'and' 'and_ln18_2' <Predicate = true> <Delay = 0.00> <Core = "LogicGate">   --->   Core 27 'LogicGate' <Latency = 0> <II = 1> <Delay = 0.36> <FuncUnit> <Opcode : 'and' 'or' 'xor'> <InPorts = 2> <OutPorts = 1>
ST_8 : Operation 125 [1/1] (0.87ns) (out node of the LUT)   --->   "%or_ln18 = or i960 %and_ln18_1, %and_ln18_2" [hw5_ex1.cpp:18]   --->   Operation 125 'or' 'or_ln18' <Predicate = true> <Delay = 0.87> <Core = "LogicGate">   --->   Core 27 'LogicGate' <Latency = 0> <II = 1> <Delay = 0.36> <FuncUnit> <Opcode : 'and' 'or' 'xor'> <InPorts = 2> <OutPorts = 1>
ST_8 : Operation 126 [1/1] (0.00ns)   --->   "br label %5" [hw5_ex1.cpp:17]   --->   Operation 126 'br' <Predicate = true> <Delay = 0.00>


============================================================
+ Verbose Summary: Timing violations
============================================================
Target clock period: 25ns, clock uncertainty: 3.12ns.

 <State 1>: 0.736ns
The critical path consists of the following:
	multiplexor before 'phi' operation ('i') with incoming values : ('i', hw5_ex1.cpp:55) [10]  (0.736 ns)

 <State 2>: 0.825ns
The critical path consists of the following:
	'phi' operation ('i') with incoming values : ('i', hw5_ex1.cpp:55) [10]  (0 ns)
	'add' operation ('i', hw5_ex1.cpp:55) [14]  (0.825 ns)

 <State 3>: 4.24ns
The critical path consists of the following:
	'phi' operation ('i') with incoming values : ('i', hw5_ex1.cpp:5) [24]  (0 ns)
	'sub' operation ('sub_ln6_1', hw5_ex1.cpp:6) [36]  (0.933 ns)
	'select' operation ('select_ln6_2', hw5_ex1.cpp:6) [40]  (0 ns)
	'lshr' operation ('lshr_ln6', hw5_ex1.cpp:6) [44]  (1.73 ns)
	'and' operation ('and_ln6', hw5_ex1.cpp:6) [46]  (0.849 ns)
	'store' operation ('store_ln6', hw5_ex1.cpp:6) of variable 'trunc_ln6', hw5_ex1.cpp:6 on array 'in_c', hw5_ex1.cpp:53 [49]  (0.73 ns)

 <State 4>: 1.55ns
The critical path consists of the following:
	'phi' operation ('i') with incoming values : ('i', hw5_ex1.cpp:12->hw5_ex1.cpp:65) [54]  (0 ns)
	'add' operation ('add_ln12', hw5_ex1.cpp:12->hw5_ex1.cpp:65) [59]  (0.825 ns)
	'getelementptr' operation ('temp1_addr_1', hw5_ex1.cpp:12->hw5_ex1.cpp:65) [61]  (0 ns)
	'load' operation ('temp1_load', hw5_ex1.cpp:12->hw5_ex1.cpp:65) on array 'in_c', hw5_ex1.cpp:53 [62]  (0.73 ns)

 <State 5>: 1.55ns
The critical path consists of the following:
	'add' operation ('i', hw5_ex1.cpp:12->hw5_ex1.cpp:65) [66]  (0.825 ns)
	'getelementptr' operation ('temp1_addr_3', hw5_ex1.cpp:12->hw5_ex1.cpp:65) [68]  (0 ns)
	'load' operation ('temp1_load_2', hw5_ex1.cpp:12->hw5_ex1.cpp:65) on array 'in_c', hw5_ex1.cpp:53 [69]  (0.73 ns)

 <State 6>: 8.99ns
The critical path consists of the following:
	'load' operation ('temp1_load_1', hw5_ex1.cpp:12->hw5_ex1.cpp:65) on array 'in_c', hw5_ex1.cpp:53 [65]  (0.73 ns)
	'add' operation ('add_ln12_2', hw5_ex1.cpp:12->hw5_ex1.cpp:65) [70]  (0 ns)
	'add' operation ('add_ln12_3', hw5_ex1.cpp:12->hw5_ex1.cpp:65) [71]  (0.907 ns)
	'mul' operation ('mul_ln12', hw5_ex1.cpp:12->hw5_ex1.cpp:65) [73]  (3.83 ns)
	'sub' operation ('sub_ln12', hw5_ex1.cpp:12->hw5_ex1.cpp:65) [74]  (1.37 ns)
	'select' operation ('select_ln12', hw5_ex1.cpp:12->hw5_ex1.cpp:65) [80]  (0 ns)
	'sub' operation ('sub_ln12_1', hw5_ex1.cpp:12->hw5_ex1.cpp:65) [81]  (1.14 ns)
	'select' operation ('select_ln12_1', hw5_ex1.cpp:12->hw5_ex1.cpp:65) [82]  (0.286 ns)
	'store' operation ('store_ln12', hw5_ex1.cpp:12->hw5_ex1.cpp:65) of variable 'select_ln12_1', hw5_ex1.cpp:12->hw5_ex1.cpp:65 on array 'out_c', hw5_ex1.cpp:53 [84]  (0.73 ns)

 <State 7>: 0.825ns
The critical path consists of the following:
	'phi' operation ('i') with incoming values : ('i', hw5_ex1.cpp:17) [91]  (0 ns)
	'add' operation ('i', hw5_ex1.cpp:17) [94]  (0.825 ns)

 <State 8>: 3.43ns
The critical path consists of the following:
	'icmp' operation ('icmp_ln18', hw5_ex1.cpp:18) [102]  (0.769 ns)
	'select' operation ('select_ln18', hw5_ex1.cpp:18) [105]  (0 ns)
	'sub' operation ('sub_ln18_1', hw5_ex1.cpp:18) [108]  (0.933 ns)
	'lshr' operation ('lshr_ln18', hw5_ex1.cpp:18) [116]  (0 ns)
	'and' operation ('and_ln18', hw5_ex1.cpp:18) [117]  (0.849 ns)
	'xor' operation ('xor_ln18', hw5_ex1.cpp:18) [118]  (0 ns)
	'and' operation ('and_ln18_1', hw5_ex1.cpp:18) [119]  (0 ns)
	'or' operation ('or_ln18', hw5_ex1.cpp:18) [121]  (0.879 ns)


============================================================
+ Verbose Summary: Binding
============================================================
N/A
* FSMD analyzer results:
  - Output states:
 - Input state : 
  - Chain level:
	State 1
	State 2
	State 3
	State 4
	State 5
	State 6
	State 7
	State 8


============================================================
+ Verbose Summary: Datapath Resource usage 
============================================================
N/A
